[2024-11-24T01:59:54.601+0000] {local_task_job_runner.py:123} INFO - ::group::Pre task execution logs
[2024-11-24T01:59:54.627+0000] {taskinstance.py:2613} INFO - Dependencies all met for dep_context=non-requeueable deps ti=<TaskInstance: json_to_postgres.process_and_load_json manual__2024-11-24T01:59:51.180641+00:00 [queued]>
[2024-11-24T01:59:54.636+0000] {taskinstance.py:2613} INFO - Dependencies all met for dep_context=requeueable deps ti=<TaskInstance: json_to_postgres.process_and_load_json manual__2024-11-24T01:59:51.180641+00:00 [queued]>
[2024-11-24T01:59:54.638+0000] {taskinstance.py:2866} INFO - Starting attempt 1 of 1
[2024-11-24T01:59:54.694+0000] {taskinstance.py:2889} INFO - Executing <Task(PythonOperator): process_and_load_json> on 2024-11-24 01:59:51.180641+00:00
[2024-11-24T01:59:54.699+0000] {warnings.py:112} WARNING - /home/***/.local/lib/python3.12/site-packages/***/task/task_runner/standard_task_runner.py:70: DeprecationWarning: This process (pid=367) is multi-threaded, use of fork() may lead to deadlocks in the child.
  pid = os.fork()

[2024-11-24T01:59:54.701+0000] {standard_task_runner.py:104} INFO - Running: ['***', 'tasks', 'run', 'json_to_postgres', 'process_and_load_json', 'manual__2024-11-24T01:59:51.180641+00:00', '--job-id', '23', '--raw', '--subdir', 'DAGS_FOLDER/json_to_postgresql.py', '--cfg-path', '/tmp/tmpqm145dsu']
[2024-11-24T01:59:54.703+0000] {standard_task_runner.py:72} INFO - Started process 376 to run task
[2024-11-24T01:59:54.703+0000] {standard_task_runner.py:105} INFO - Job 23: Subtask process_and_load_json
[2024-11-24T01:59:55.169+0000] {task_command.py:467} INFO - Running <TaskInstance: json_to_postgres.process_and_load_json manual__2024-11-24T01:59:51.180641+00:00 [running]> on host b39a825efa61
[2024-11-24T01:59:55.307+0000] {taskinstance.py:3132} INFO - Exporting env vars: AIRFLOW_CTX_DAG_OWNER='***' AIRFLOW_CTX_DAG_ID='json_to_postgres' AIRFLOW_CTX_TASK_ID='process_and_load_json' AIRFLOW_CTX_EXECUTION_DATE='2024-11-24T01:59:51.180641+00:00' AIRFLOW_CTX_TRY_NUMBER='1' AIRFLOW_CTX_DAG_RUN_ID='manual__2024-11-24T01:59:51.180641+00:00'
[2024-11-24T01:59:55.311+0000] {logging_mixin.py:190} INFO - Task instance is in running state
[2024-11-24T01:59:55.312+0000] {logging_mixin.py:190} INFO -  Previous state of the Task instance: queued
[2024-11-24T01:59:55.319+0000] {logging_mixin.py:190} INFO - Current task name:process_and_load_json state:running start_date:2024-11-24 01:59:54.628505+00:00
[2024-11-24T01:59:55.320+0000] {logging_mixin.py:190} INFO - Dag name:json_to_postgres and current dag run status:running
[2024-11-24T01:59:55.321+0000] {taskinstance.py:731} INFO - ::endgroup::
[2024-11-24T01:59:56.014+0000] {python.py:240} INFO - Done. Returned value was: None
[2024-11-24T01:59:56.030+0000] {taskinstance.py:340} INFO - ::group::Post task execution logs
[2024-11-24T01:59:56.031+0000] {taskinstance.py:352} INFO - Marking task as SUCCESS. dag_id=json_to_postgres, task_id=process_and_load_json, run_id=manual__2024-11-24T01:59:51.180641+00:00, execution_date=20241124T015951, start_date=20241124T015954, end_date=20241124T015956
[2024-11-24T01:59:56.049+0000] {logging_mixin.py:190} INFO - Task instance in success state
[2024-11-24T01:59:56.050+0000] {logging_mixin.py:190} INFO -  Previous state of the Task instance: running
[2024-11-24T01:59:56.051+0000] {logging_mixin.py:190} INFO - Dag name:json_to_postgres queued_at:2024-11-24 01:59:51.189059+00:00
[2024-11-24T01:59:56.051+0000] {logging_mixin.py:190} INFO - Task hostname:b39a825efa61 operator:PythonOperator
[2024-11-24T01:59:56.107+0000] {local_task_job_runner.py:266} INFO - Task exited with return code 0
[2024-11-24T01:59:56.379+0000] {taskinstance.py:3895} INFO - 0 downstream tasks scheduled from follow-on schedule check
[2024-11-24T01:59:56.399+0000] {local_task_job_runner.py:245} INFO - ::endgroup::
