[2024-11-24T05:35:17.800+0000] {local_task_job_runner.py:123} INFO - ::group::Pre task execution logs
[2024-11-24T05:35:17.816+0000] {taskinstance.py:2613} INFO - Dependencies all met for dep_context=non-requeueable deps ti=<TaskInstance: json_to_postgres.process_and_load_json manual__2024-11-24T05:35:15.950461+00:00 [queued]>
[2024-11-24T05:35:17.823+0000] {taskinstance.py:2613} INFO - Dependencies all met for dep_context=requeueable deps ti=<TaskInstance: json_to_postgres.process_and_load_json manual__2024-11-24T05:35:15.950461+00:00 [queued]>
[2024-11-24T05:35:17.825+0000] {taskinstance.py:2866} INFO - Starting attempt 1 of 1
[2024-11-24T05:35:17.857+0000] {taskinstance.py:2889} INFO - Executing <Task(PythonOperator): process_and_load_json> on 2024-11-24 05:35:15.950461+00:00
[2024-11-24T05:35:17.862+0000] {warnings.py:112} WARNING - /home/***/.local/lib/python3.12/site-packages/***/task/task_runner/standard_task_runner.py:70: DeprecationWarning: This process (pid=118) is multi-threaded, use of fork() may lead to deadlocks in the child.
  pid = os.fork()

[2024-11-24T05:35:17.865+0000] {standard_task_runner.py:72} INFO - Started process 120 to run task
[2024-11-24T05:35:17.865+0000] {standard_task_runner.py:104} INFO - Running: ['***', 'tasks', 'run', 'json_to_postgres', 'process_and_load_json', 'manual__2024-11-24T05:35:15.950461+00:00', '--job-id', '42', '--raw', '--subdir', 'DAGS_FOLDER/json_to_postgresql.py', '--cfg-path', '/tmp/tmp6qi4d1qq']
[2024-11-24T05:35:17.867+0000] {standard_task_runner.py:105} INFO - Job 42: Subtask process_and_load_json
[2024-11-24T05:35:18.102+0000] {task_command.py:467} INFO - Running <TaskInstance: json_to_postgres.process_and_load_json manual__2024-11-24T05:35:15.950461+00:00 [running]> on host ebfa98b31f20
[2024-11-24T05:35:18.184+0000] {taskinstance.py:3132} INFO - Exporting env vars: AIRFLOW_CTX_DAG_OWNER='***' AIRFLOW_CTX_DAG_ID='json_to_postgres' AIRFLOW_CTX_TASK_ID='process_and_load_json' AIRFLOW_CTX_EXECUTION_DATE='2024-11-24T05:35:15.950461+00:00' AIRFLOW_CTX_TRY_NUMBER='1' AIRFLOW_CTX_DAG_RUN_ID='manual__2024-11-24T05:35:15.950461+00:00'
[2024-11-24T05:35:18.185+0000] {logging_mixin.py:190} INFO - Task instance is in running state
[2024-11-24T05:35:18.186+0000] {logging_mixin.py:190} INFO -  Previous state of the Task instance: queued
[2024-11-24T05:35:18.186+0000] {logging_mixin.py:190} INFO - Current task name:process_and_load_json state:running start_date:2024-11-24 05:35:17.816705+00:00
[2024-11-24T05:35:18.187+0000] {logging_mixin.py:190} INFO - Dag name:json_to_postgres and current dag run status:running
[2024-11-24T05:35:18.187+0000] {taskinstance.py:731} INFO - ::endgroup::
[2024-11-24T05:35:18.611+0000] {python.py:240} INFO - Done. Returned value was: None
[2024-11-24T05:35:18.621+0000] {taskinstance.py:340} INFO - ::group::Post task execution logs
[2024-11-24T05:35:18.622+0000] {taskinstance.py:352} INFO - Marking task as SUCCESS. dag_id=json_to_postgres, task_id=process_and_load_json, run_id=manual__2024-11-24T05:35:15.950461+00:00, execution_date=20241124T053515, start_date=20241124T053517, end_date=20241124T053518
[2024-11-24T05:35:18.637+0000] {logging_mixin.py:190} INFO - Task instance in success state
[2024-11-24T05:35:18.638+0000] {logging_mixin.py:190} INFO -  Previous state of the Task instance: running
[2024-11-24T05:35:18.639+0000] {logging_mixin.py:190} INFO - Dag name:json_to_postgres queued_at:2024-11-24 05:35:15.959580+00:00
[2024-11-24T05:35:18.639+0000] {logging_mixin.py:190} INFO - Task hostname:ebfa98b31f20 operator:PythonOperator
[2024-11-24T05:35:18.684+0000] {local_task_job_runner.py:266} INFO - Task exited with return code 0
[2024-11-24T05:35:18.860+0000] {taskinstance.py:3895} INFO - 0 downstream tasks scheduled from follow-on schedule check
[2024-11-24T05:35:18.868+0000] {local_task_job_runner.py:245} INFO - ::endgroup::
