[2024-11-24T05:32:32.807+0000] {local_task_job_runner.py:123} INFO - ::group::Pre task execution logs
[2024-11-24T05:32:32.821+0000] {taskinstance.py:2613} INFO - Dependencies all met for dep_context=non-requeueable deps ti=<TaskInstance: json_to_datalake.process_json_file manual__2024-11-24T05:32:27.975945+00:00 [queued]>
[2024-11-24T05:32:32.829+0000] {taskinstance.py:2613} INFO - Dependencies all met for dep_context=requeueable deps ti=<TaskInstance: json_to_datalake.process_json_file manual__2024-11-24T05:32:27.975945+00:00 [queued]>
[2024-11-24T05:32:32.830+0000] {taskinstance.py:2866} INFO - Starting attempt 1 of 2
[2024-11-24T05:32:32.848+0000] {taskinstance.py:2889} INFO - Executing <Task(PythonOperator): process_json_file> on 2024-11-24 05:32:27.975945+00:00
[2024-11-24T05:32:32.854+0000] {warnings.py:112} WARNING - /home/***/.local/lib/python3.12/site-packages/***/task/task_runner/standard_task_runner.py:70: DeprecationWarning: This process (pid=76) is multi-threaded, use of fork() may lead to deadlocks in the child.
  pid = os.fork()

[2024-11-24T05:32:32.855+0000] {standard_task_runner.py:72} INFO - Started process 78 to run task
[2024-11-24T05:32:32.855+0000] {standard_task_runner.py:104} INFO - Running: ['***', 'tasks', 'run', 'json_to_datalake', 'process_json_file', 'manual__2024-11-24T05:32:27.975945+00:00', '--job-id', '40', '--raw', '--subdir', 'DAGS_FOLDER/json_to_datalake.py', '--cfg-path', '/tmp/tmpeiryout1']
[2024-11-24T05:32:32.857+0000] {standard_task_runner.py:105} INFO - Job 40: Subtask process_json_file
[2024-11-24T05:32:33.098+0000] {task_command.py:467} INFO - Running <TaskInstance: json_to_datalake.process_json_file manual__2024-11-24T05:32:27.975945+00:00 [running]> on host ebfa98b31f20
[2024-11-24T05:32:33.183+0000] {taskinstance.py:3132} INFO - Exporting env vars: AIRFLOW_CTX_DAG_OWNER='***' AIRFLOW_CTX_DAG_ID='json_to_datalake' AIRFLOW_CTX_TASK_ID='process_json_file' AIRFLOW_CTX_EXECUTION_DATE='2024-11-24T05:32:27.975945+00:00' AIRFLOW_CTX_TRY_NUMBER='1' AIRFLOW_CTX_DAG_RUN_ID='manual__2024-11-24T05:32:27.975945+00:00'
[2024-11-24T05:32:33.184+0000] {logging_mixin.py:190} INFO - Task instance is in running state
[2024-11-24T05:32:33.185+0000] {logging_mixin.py:190} INFO -  Previous state of the Task instance: queued
[2024-11-24T05:32:33.185+0000] {logging_mixin.py:190} INFO - Current task name:process_json_file state:running start_date:2024-11-24 05:32:32.822629+00:00
[2024-11-24T05:32:33.186+0000] {logging_mixin.py:190} INFO - Dag name:json_to_datalake and current dag run status:running
[2024-11-24T05:32:33.186+0000] {taskinstance.py:731} INFO - ::endgroup::
[2024-11-24T05:32:33.209+0000] {logging_mixin.py:190} INFO - Dados salvos em /opt/***/data_lake/api_responses/getGuestChecks/storeId=99 CB CB/busDt=2024-01-01/response.json
[2024-11-24T05:32:33.210+0000] {python.py:240} INFO - Done. Returned value was: None
[2024-11-24T05:32:33.219+0000] {taskinstance.py:340} INFO - ::group::Post task execution logs
[2024-11-24T05:32:33.220+0000] {taskinstance.py:352} INFO - Marking task as SUCCESS. dag_id=json_to_datalake, task_id=process_json_file, run_id=manual__2024-11-24T05:32:27.975945+00:00, execution_date=20241124T053227, start_date=20241124T053232, end_date=20241124T053233
[2024-11-24T05:32:33.233+0000] {logging_mixin.py:190} INFO - Task instance in success state
[2024-11-24T05:32:33.234+0000] {logging_mixin.py:190} INFO -  Previous state of the Task instance: running
[2024-11-24T05:32:33.234+0000] {logging_mixin.py:190} INFO - Dag name:json_to_datalake queued_at:2024-11-24 05:32:28.003123+00:00
[2024-11-24T05:32:33.235+0000] {logging_mixin.py:190} INFO - Task hostname:ebfa98b31f20 operator:PythonOperator
[2024-11-24T05:32:33.271+0000] {local_task_job_runner.py:266} INFO - Task exited with return code 0
[2024-11-24T05:32:33.429+0000] {taskinstance.py:3895} INFO - 0 downstream tasks scheduled from follow-on schedule check
[2024-11-24T05:32:33.433+0000] {local_task_job_runner.py:245} INFO - ::endgroup::
