[2024-11-24T03:08:33.470+0000] {local_task_job_runner.py:123} INFO - ::group::Pre task execution logs
[2024-11-24T03:08:33.490+0000] {taskinstance.py:2613} INFO - Dependencies all met for dep_context=non-requeueable deps ti=<TaskInstance: json_to_datalake.process_json_file manual__2024-11-24T03:08:27.981234+00:00 [queued]>
[2024-11-24T03:08:33.501+0000] {taskinstance.py:2613} INFO - Dependencies all met for dep_context=requeueable deps ti=<TaskInstance: json_to_datalake.process_json_file manual__2024-11-24T03:08:27.981234+00:00 [queued]>
[2024-11-24T03:08:33.502+0000] {taskinstance.py:2866} INFO - Starting attempt 1 of 2
[2024-11-24T03:08:33.529+0000] {taskinstance.py:2889} INFO - Executing <Task(PythonOperator): process_json_file> on 2024-11-24 03:08:27.981234+00:00
[2024-11-24T03:08:33.541+0000] {warnings.py:112} WARNING - /home/***/.local/lib/python3.12/site-packages/***/task/task_runner/standard_task_runner.py:70: DeprecationWarning: This process (pid=74) is multi-threaded, use of fork() may lead to deadlocks in the child.
  pid = os.fork()

[2024-11-24T03:08:33.547+0000] {standard_task_runner.py:104} INFO - Running: ['***', 'tasks', 'run', 'json_to_datalake', 'process_json_file', 'manual__2024-11-24T03:08:27.981234+00:00', '--job-id', '36', '--raw', '--subdir', 'DAGS_FOLDER/json_to_datalake.py', '--cfg-path', '/tmp/tmpnp8l_w5f']
[2024-11-24T03:08:33.549+0000] {standard_task_runner.py:72} INFO - Started process 76 to run task
[2024-11-24T03:08:33.550+0000] {standard_task_runner.py:105} INFO - Job 36: Subtask process_json_file
[2024-11-24T03:08:34.030+0000] {task_command.py:467} INFO - Running <TaskInstance: json_to_datalake.process_json_file manual__2024-11-24T03:08:27.981234+00:00 [running]> on host ce7b3b7f2ec8
[2024-11-24T03:08:34.302+0000] {taskinstance.py:3132} INFO - Exporting env vars: AIRFLOW_CTX_DAG_OWNER='***' AIRFLOW_CTX_DAG_ID='json_to_datalake' AIRFLOW_CTX_TASK_ID='process_json_file' AIRFLOW_CTX_EXECUTION_DATE='2024-11-24T03:08:27.981234+00:00' AIRFLOW_CTX_TRY_NUMBER='1' AIRFLOW_CTX_DAG_RUN_ID='manual__2024-11-24T03:08:27.981234+00:00'
[2024-11-24T03:08:34.306+0000] {logging_mixin.py:190} INFO - Task instance is in running state
[2024-11-24T03:08:34.308+0000] {logging_mixin.py:190} INFO -  Previous state of the Task instance: queued
[2024-11-24T03:08:34.310+0000] {logging_mixin.py:190} INFO - Current task name:process_json_file state:running start_date:2024-11-24 03:08:33.491218+00:00
[2024-11-24T03:08:34.310+0000] {logging_mixin.py:190} INFO - Dag name:json_to_datalake and current dag run status:running
[2024-11-24T03:08:34.312+0000] {taskinstance.py:731} INFO - ::endgroup::
[2024-11-24T03:08:34.460+0000] {logging_mixin.py:190} INFO - Dados salvos em /opt/***/data_lake/api_responses/getGuestChecks/storeId=unknown_store/busDt=unknown_date/response.json
[2024-11-24T03:08:34.464+0000] {python.py:240} INFO - Done. Returned value was: None
[2024-11-24T03:08:34.474+0000] {taskinstance.py:340} INFO - ::group::Post task execution logs
[2024-11-24T03:08:34.477+0000] {taskinstance.py:352} INFO - Marking task as SUCCESS. dag_id=json_to_datalake, task_id=process_json_file, run_id=manual__2024-11-24T03:08:27.981234+00:00, execution_date=20241124T030827, start_date=20241124T030833, end_date=20241124T030834
[2024-11-24T03:08:34.497+0000] {logging_mixin.py:190} INFO - Task instance in success state
[2024-11-24T03:08:34.508+0000] {logging_mixin.py:190} INFO -  Previous state of the Task instance: running
[2024-11-24T03:08:34.511+0000] {logging_mixin.py:190} INFO - Dag name:json_to_datalake queued_at:2024-11-24 03:08:28.005121+00:00
[2024-11-24T03:08:34.511+0000] {logging_mixin.py:190} INFO - Task hostname:ce7b3b7f2ec8 operator:PythonOperator
[2024-11-24T03:08:34.577+0000] {local_task_job_runner.py:266} INFO - Task exited with return code 0
[2024-11-24T03:08:34.819+0000] {taskinstance.py:3895} INFO - 0 downstream tasks scheduled from follow-on schedule check
[2024-11-24T03:08:34.823+0000] {local_task_job_runner.py:245} INFO - ::endgroup::
