[2024-11-23T23:58:10.003+0000] {processor.py:186} INFO - Started process (PID=76) to work on /home/airflow/.local/lib/python3.12/site-packages/airflow/example_dags/example_bash_operator.py
[2024-11-23T23:58:10.004+0000] {processor.py:914} INFO - Processing file /home/airflow/.local/lib/python3.12/site-packages/airflow/example_dags/example_bash_operator.py for tasks to queue
[2024-11-23T23:58:10.011+0000] {logging_mixin.py:190} INFO - [2024-11-23T23:58:10.011+0000] {dagbag.py:588} INFO - Filling up the DagBag from /home/airflow/.local/lib/python3.12/site-packages/airflow/example_dags/example_bash_operator.py
[2024-11-23T23:58:10.036+0000] {processor.py:925} INFO - DAG(s) 'example_bash_operator' retrieved from /home/airflow/.local/lib/python3.12/site-packages/airflow/example_dags/example_bash_operator.py
[2024-11-23T23:58:10.259+0000] {logging_mixin.py:190} INFO - [2024-11-23T23:58:10.258+0000] {override.py:1911} INFO - Created Permission View: can delete on DAG:example_bash_operator
[2024-11-23T23:58:10.275+0000] {logging_mixin.py:190} INFO - [2024-11-23T23:58:10.275+0000] {override.py:1911} INFO - Created Permission View: can edit on DAG:example_bash_operator
[2024-11-23T23:58:10.293+0000] {logging_mixin.py:190} INFO - [2024-11-23T23:58:10.292+0000] {override.py:1911} INFO - Created Permission View: can read on DAG:example_bash_operator
[2024-11-23T23:58:10.316+0000] {logging_mixin.py:190} INFO - [2024-11-23T23:58:10.316+0000] {override.py:1911} INFO - Created Permission View: can delete on DAG Run:example_bash_operator
[2024-11-23T23:58:10.349+0000] {logging_mixin.py:190} INFO - [2024-11-23T23:58:10.348+0000] {override.py:1911} INFO - Created Permission View: can create on DAG Run:example_bash_operator
[2024-11-23T23:58:10.372+0000] {logging_mixin.py:190} INFO - [2024-11-23T23:58:10.372+0000] {override.py:1911} INFO - Created Permission View: menu access on DAG Run:example_bash_operator
[2024-11-23T23:58:10.384+0000] {logging_mixin.py:190} INFO - [2024-11-23T23:58:10.384+0000] {override.py:1911} INFO - Created Permission View: can read on DAG Run:example_bash_operator
[2024-11-23T23:58:10.385+0000] {logging_mixin.py:190} INFO - [2024-11-23T23:58:10.385+0000] {dag.py:3239} INFO - Sync 1 DAGs
[2024-11-23T23:58:10.398+0000] {logging_mixin.py:190} INFO - [2024-11-23T23:58:10.397+0000] {dag.py:3262} INFO - Creating ORM DAG for example_bash_operator
[2024-11-23T23:58:10.433+0000] {logging_mixin.py:190} INFO - [2024-11-23T23:58:10.432+0000] {dag.py:4180} INFO - Setting next_dagrun for example_bash_operator to 2024-11-22 00:00:00+00:00, run_after=2024-11-23 00:00:00+00:00
[2024-11-23T23:58:10.474+0000] {processor.py:208} INFO - Processing /home/airflow/.local/lib/python3.12/site-packages/airflow/example_dags/example_bash_operator.py took 0.478 seconds
[2024-11-23T23:58:41.085+0000] {processor.py:186} INFO - Started process (PID=139) to work on /home/airflow/.local/lib/python3.12/site-packages/airflow/example_dags/example_bash_operator.py
[2024-11-23T23:58:41.098+0000] {processor.py:914} INFO - Processing file /home/airflow/.local/lib/python3.12/site-packages/airflow/example_dags/example_bash_operator.py for tasks to queue
[2024-11-23T23:58:41.106+0000] {logging_mixin.py:190} INFO - [2024-11-23T23:58:41.105+0000] {dagbag.py:588} INFO - Filling up the DagBag from /home/airflow/.local/lib/python3.12/site-packages/airflow/example_dags/example_bash_operator.py
[2024-11-23T23:58:41.146+0000] {processor.py:925} INFO - DAG(s) 'example_bash_operator' retrieved from /home/airflow/.local/lib/python3.12/site-packages/airflow/example_dags/example_bash_operator.py
[2024-11-23T23:58:41.213+0000] {logging_mixin.py:190} INFO - [2024-11-23T23:58:41.212+0000] {dag.py:3239} INFO - Sync 1 DAGs
[2024-11-23T23:58:41.268+0000] {logging_mixin.py:190} INFO - [2024-11-23T23:58:41.268+0000] {dag.py:4180} INFO - Setting next_dagrun for example_bash_operator to 2024-11-22 00:00:00+00:00, run_after=2024-11-23 00:00:00+00:00
[2024-11-23T23:58:41.305+0000] {processor.py:208} INFO - Processing /home/airflow/.local/lib/python3.12/site-packages/airflow/example_dags/example_bash_operator.py took 0.226 seconds
[2024-11-23T23:59:11.721+0000] {processor.py:186} INFO - Started process (PID=201) to work on /home/airflow/.local/lib/python3.12/site-packages/airflow/example_dags/example_bash_operator.py
[2024-11-23T23:59:11.722+0000] {processor.py:914} INFO - Processing file /home/airflow/.local/lib/python3.12/site-packages/airflow/example_dags/example_bash_operator.py for tasks to queue
[2024-11-23T23:59:11.734+0000] {logging_mixin.py:190} INFO - [2024-11-23T23:59:11.733+0000] {dagbag.py:588} INFO - Filling up the DagBag from /home/airflow/.local/lib/python3.12/site-packages/airflow/example_dags/example_bash_operator.py
[2024-11-23T23:59:11.769+0000] {processor.py:925} INFO - DAG(s) 'example_bash_operator' retrieved from /home/airflow/.local/lib/python3.12/site-packages/airflow/example_dags/example_bash_operator.py
[2024-11-23T23:59:11.815+0000] {logging_mixin.py:190} INFO - [2024-11-23T23:59:11.815+0000] {dag.py:3239} INFO - Sync 1 DAGs
[2024-11-23T23:59:11.851+0000] {logging_mixin.py:190} INFO - [2024-11-23T23:59:11.851+0000] {dag.py:4180} INFO - Setting next_dagrun for example_bash_operator to 2024-11-22 00:00:00+00:00, run_after=2024-11-23 00:00:00+00:00
[2024-11-23T23:59:11.875+0000] {processor.py:208} INFO - Processing /home/airflow/.local/lib/python3.12/site-packages/airflow/example_dags/example_bash_operator.py took 0.159 seconds
[2024-11-23T23:59:41.951+0000] {processor.py:186} INFO - Started process (PID=262) to work on /home/airflow/.local/lib/python3.12/site-packages/airflow/example_dags/example_bash_operator.py
[2024-11-23T23:59:41.961+0000] {processor.py:914} INFO - Processing file /home/airflow/.local/lib/python3.12/site-packages/airflow/example_dags/example_bash_operator.py for tasks to queue
[2024-11-23T23:59:41.964+0000] {logging_mixin.py:190} INFO - [2024-11-23T23:59:41.964+0000] {dagbag.py:588} INFO - Filling up the DagBag from /home/airflow/.local/lib/python3.12/site-packages/airflow/example_dags/example_bash_operator.py
[2024-11-23T23:59:41.998+0000] {processor.py:925} INFO - DAG(s) 'example_bash_operator' retrieved from /home/airflow/.local/lib/python3.12/site-packages/airflow/example_dags/example_bash_operator.py
[2024-11-23T23:59:42.079+0000] {logging_mixin.py:190} INFO - [2024-11-23T23:59:42.079+0000] {dag.py:3239} INFO - Sync 1 DAGs
[2024-11-23T23:59:42.136+0000] {logging_mixin.py:190} INFO - [2024-11-23T23:59:42.136+0000] {dag.py:4180} INFO - Setting next_dagrun for example_bash_operator to 2024-11-22 00:00:00+00:00, run_after=2024-11-23 00:00:00+00:00
[2024-11-23T23:59:42.186+0000] {processor.py:208} INFO - Processing /home/airflow/.local/lib/python3.12/site-packages/airflow/example_dags/example_bash_operator.py took 0.241 seconds
