[2024-11-23T23:58:26.478+0000] {processor.py:186} INFO - Started process (PID=120) to work on /home/airflow/.local/lib/python3.12/site-packages/airflow/example_dags/example_kubernetes_executor.py
[2024-11-23T23:58:26.479+0000] {processor.py:914} INFO - Processing file /home/airflow/.local/lib/python3.12/site-packages/airflow/example_dags/example_kubernetes_executor.py for tasks to queue
[2024-11-23T23:58:26.482+0000] {logging_mixin.py:190} INFO - [2024-11-23T23:58:26.482+0000] {dagbag.py:588} INFO - Filling up the DagBag from /home/airflow/.local/lib/python3.12/site-packages/airflow/example_dags/example_kubernetes_executor.py
[2024-11-23T23:58:26.504+0000] {processor.py:925} INFO - DAG(s) 'example_kubernetes_executor' retrieved from /home/airflow/.local/lib/python3.12/site-packages/airflow/example_dags/example_kubernetes_executor.py
[2024-11-23T23:58:26.769+0000] {logging_mixin.py:190} INFO - [2024-11-23T23:58:26.768+0000] {override.py:1911} INFO - Created Permission View: can delete on DAG:example_kubernetes_executor
[2024-11-23T23:58:26.799+0000] {logging_mixin.py:190} INFO - [2024-11-23T23:58:26.799+0000] {override.py:1911} INFO - Created Permission View: can edit on DAG:example_kubernetes_executor
[2024-11-23T23:58:26.824+0000] {logging_mixin.py:190} INFO - [2024-11-23T23:58:26.823+0000] {override.py:1911} INFO - Created Permission View: can read on DAG:example_kubernetes_executor
[2024-11-23T23:58:26.846+0000] {logging_mixin.py:190} INFO - [2024-11-23T23:58:26.846+0000] {override.py:1911} INFO - Created Permission View: can delete on DAG Run:example_kubernetes_executor
[2024-11-23T23:58:26.859+0000] {logging_mixin.py:190} INFO - [2024-11-23T23:58:26.859+0000] {override.py:1911} INFO - Created Permission View: can create on DAG Run:example_kubernetes_executor
[2024-11-23T23:58:26.882+0000] {logging_mixin.py:190} INFO - [2024-11-23T23:58:26.882+0000] {override.py:1911} INFO - Created Permission View: menu access on DAG Run:example_kubernetes_executor
[2024-11-23T23:58:26.893+0000] {logging_mixin.py:190} INFO - [2024-11-23T23:58:26.892+0000] {override.py:1911} INFO - Created Permission View: can read on DAG Run:example_kubernetes_executor
[2024-11-23T23:58:26.895+0000] {logging_mixin.py:190} INFO - [2024-11-23T23:58:26.895+0000] {dag.py:3239} INFO - Sync 1 DAGs
[2024-11-23T23:58:26.919+0000] {logging_mixin.py:190} INFO - [2024-11-23T23:58:26.919+0000] {dag.py:3262} INFO - Creating ORM DAG for example_kubernetes_executor
[2024-11-23T23:58:26.929+0000] {logging_mixin.py:190} INFO - [2024-11-23T23:58:26.929+0000] {dag.py:4180} INFO - Setting next_dagrun for example_kubernetes_executor to None, run_after=None
[2024-11-23T23:58:26.960+0000] {processor.py:208} INFO - Processing /home/airflow/.local/lib/python3.12/site-packages/airflow/example_dags/example_kubernetes_executor.py took 0.487 seconds
[2024-11-23T23:58:57.966+0000] {processor.py:186} INFO - Started process (PID=183) to work on /home/airflow/.local/lib/python3.12/site-packages/airflow/example_dags/example_kubernetes_executor.py
[2024-11-23T23:58:57.968+0000] {processor.py:914} INFO - Processing file /home/airflow/.local/lib/python3.12/site-packages/airflow/example_dags/example_kubernetes_executor.py for tasks to queue
[2024-11-23T23:58:57.970+0000] {logging_mixin.py:190} INFO - [2024-11-23T23:58:57.969+0000] {dagbag.py:588} INFO - Filling up the DagBag from /home/airflow/.local/lib/python3.12/site-packages/airflow/example_dags/example_kubernetes_executor.py
[2024-11-23T23:58:57.987+0000] {processor.py:925} INFO - DAG(s) 'example_kubernetes_executor' retrieved from /home/airflow/.local/lib/python3.12/site-packages/airflow/example_dags/example_kubernetes_executor.py
[2024-11-23T23:58:58.032+0000] {logging_mixin.py:190} INFO - [2024-11-23T23:58:58.032+0000] {dag.py:3239} INFO - Sync 1 DAGs
[2024-11-23T23:58:58.047+0000] {logging_mixin.py:190} INFO - [2024-11-23T23:58:58.047+0000] {dag.py:4180} INFO - Setting next_dagrun for example_kubernetes_executor to None, run_after=None
[2024-11-23T23:58:58.090+0000] {processor.py:208} INFO - Processing /home/airflow/.local/lib/python3.12/site-packages/airflow/example_dags/example_kubernetes_executor.py took 0.129 seconds
[2024-11-23T23:59:28.491+0000] {processor.py:186} INFO - Started process (PID=245) to work on /home/airflow/.local/lib/python3.12/site-packages/airflow/example_dags/example_kubernetes_executor.py
[2024-11-23T23:59:28.492+0000] {processor.py:914} INFO - Processing file /home/airflow/.local/lib/python3.12/site-packages/airflow/example_dags/example_kubernetes_executor.py for tasks to queue
[2024-11-23T23:59:28.504+0000] {logging_mixin.py:190} INFO - [2024-11-23T23:59:28.504+0000] {dagbag.py:588} INFO - Filling up the DagBag from /home/airflow/.local/lib/python3.12/site-packages/airflow/example_dags/example_kubernetes_executor.py
[2024-11-23T23:59:28.527+0000] {processor.py:925} INFO - DAG(s) 'example_kubernetes_executor' retrieved from /home/airflow/.local/lib/python3.12/site-packages/airflow/example_dags/example_kubernetes_executor.py
[2024-11-23T23:59:28.586+0000] {logging_mixin.py:190} INFO - [2024-11-23T23:59:28.585+0000] {dag.py:3239} INFO - Sync 1 DAGs
[2024-11-23T23:59:28.610+0000] {logging_mixin.py:190} INFO - [2024-11-23T23:59:28.610+0000] {dag.py:4180} INFO - Setting next_dagrun for example_kubernetes_executor to None, run_after=None
[2024-11-23T23:59:28.646+0000] {processor.py:208} INFO - Processing /home/airflow/.local/lib/python3.12/site-packages/airflow/example_dags/example_kubernetes_executor.py took 0.161 seconds
[2024-11-23T23:59:59.643+0000] {processor.py:186} INFO - Started process (PID=309) to work on /home/airflow/.local/lib/python3.12/site-packages/airflow/example_dags/example_kubernetes_executor.py
[2024-11-23T23:59:59.649+0000] {processor.py:914} INFO - Processing file /home/airflow/.local/lib/python3.12/site-packages/airflow/example_dags/example_kubernetes_executor.py for tasks to queue
[2024-11-23T23:59:59.656+0000] {logging_mixin.py:190} INFO - [2024-11-23T23:59:59.655+0000] {dagbag.py:588} INFO - Filling up the DagBag from /home/airflow/.local/lib/python3.12/site-packages/airflow/example_dags/example_kubernetes_executor.py
[2024-11-23T23:59:59.681+0000] {processor.py:925} INFO - DAG(s) 'example_kubernetes_executor' retrieved from /home/airflow/.local/lib/python3.12/site-packages/airflow/example_dags/example_kubernetes_executor.py
[2024-11-23T23:59:59.777+0000] {logging_mixin.py:190} INFO - [2024-11-23T23:59:59.777+0000] {dag.py:3239} INFO - Sync 1 DAGs
[2024-11-23T23:59:59.818+0000] {logging_mixin.py:190} INFO - [2024-11-23T23:59:59.818+0000] {dag.py:4180} INFO - Setting next_dagrun for example_kubernetes_executor to None, run_after=None
[2024-11-23T23:59:59.863+0000] {processor.py:208} INFO - Processing /home/airflow/.local/lib/python3.12/site-packages/airflow/example_dags/example_kubernetes_executor.py took 0.227 seconds
