[2024-11-23T23:58:26.590+0000] {processor.py:186} INFO - Started process (PID=121) to work on /home/airflow/.local/lib/python3.12/site-packages/airflow/example_dags/example_dataset_alias.py
[2024-11-23T23:58:26.591+0000] {processor.py:914} INFO - Processing file /home/airflow/.local/lib/python3.12/site-packages/airflow/example_dags/example_dataset_alias.py for tasks to queue
[2024-11-23T23:58:26.595+0000] {logging_mixin.py:190} INFO - [2024-11-23T23:58:26.594+0000] {dagbag.py:588} INFO - Filling up the DagBag from /home/airflow/.local/lib/python3.12/site-packages/airflow/example_dags/example_dataset_alias.py
[2024-11-23T23:58:27.499+0000] {processor.py:925} INFO - DAG(s) 'dataset_alias_example_alias_producer', 'dataset_alias_example_alias_consumer', 'dataset_s3_bucket_producer', 'dataset_s3_bucket_consumer' retrieved from /home/airflow/.local/lib/python3.12/site-packages/airflow/example_dags/example_dataset_alias.py
[2024-11-23T23:58:27.722+0000] {logging_mixin.py:190} INFO - [2024-11-23T23:58:27.721+0000] {override.py:1911} INFO - Created Permission View: can delete on DAG:dataset_alias_example_alias_producer
[2024-11-23T23:58:27.743+0000] {logging_mixin.py:190} INFO - [2024-11-23T23:58:27.743+0000] {override.py:1911} INFO - Created Permission View: can edit on DAG:dataset_alias_example_alias_producer
[2024-11-23T23:58:27.754+0000] {logging_mixin.py:190} INFO - [2024-11-23T23:58:27.754+0000] {override.py:1911} INFO - Created Permission View: can read on DAG:dataset_alias_example_alias_producer
[2024-11-23T23:58:27.773+0000] {logging_mixin.py:190} INFO - [2024-11-23T23:58:27.773+0000] {override.py:1911} INFO - Created Permission View: can delete on DAG Run:dataset_alias_example_alias_producer
[2024-11-23T23:58:27.784+0000] {logging_mixin.py:190} INFO - [2024-11-23T23:58:27.784+0000] {override.py:1911} INFO - Created Permission View: can create on DAG Run:dataset_alias_example_alias_producer
[2024-11-23T23:58:27.799+0000] {logging_mixin.py:190} INFO - [2024-11-23T23:58:27.799+0000] {override.py:1911} INFO - Created Permission View: menu access on DAG Run:dataset_alias_example_alias_producer
[2024-11-23T23:58:27.813+0000] {logging_mixin.py:190} INFO - [2024-11-23T23:58:27.812+0000] {override.py:1911} INFO - Created Permission View: can read on DAG Run:dataset_alias_example_alias_producer
[2024-11-23T23:58:27.853+0000] {logging_mixin.py:190} INFO - [2024-11-23T23:58:27.853+0000] {override.py:1911} INFO - Created Permission View: can delete on DAG:dataset_alias_example_alias_consumer
[2024-11-23T23:58:27.867+0000] {logging_mixin.py:190} INFO - [2024-11-23T23:58:27.867+0000] {override.py:1911} INFO - Created Permission View: can edit on DAG:dataset_alias_example_alias_consumer
[2024-11-23T23:58:27.879+0000] {logging_mixin.py:190} INFO - [2024-11-23T23:58:27.879+0000] {override.py:1911} INFO - Created Permission View: can read on DAG:dataset_alias_example_alias_consumer
[2024-11-23T23:58:27.904+0000] {logging_mixin.py:190} INFO - [2024-11-23T23:58:27.903+0000] {override.py:1911} INFO - Created Permission View: can delete on DAG Run:dataset_alias_example_alias_consumer
[2024-11-23T23:58:27.920+0000] {logging_mixin.py:190} INFO - [2024-11-23T23:58:27.920+0000] {override.py:1911} INFO - Created Permission View: can create on DAG Run:dataset_alias_example_alias_consumer
[2024-11-23T23:58:27.931+0000] {logging_mixin.py:190} INFO - [2024-11-23T23:58:27.930+0000] {override.py:1911} INFO - Created Permission View: menu access on DAG Run:dataset_alias_example_alias_consumer
[2024-11-23T23:58:27.948+0000] {logging_mixin.py:190} INFO - [2024-11-23T23:58:27.947+0000] {override.py:1911} INFO - Created Permission View: can read on DAG Run:dataset_alias_example_alias_consumer
[2024-11-23T23:58:27.970+0000] {logging_mixin.py:190} INFO - [2024-11-23T23:58:27.970+0000] {override.py:1911} INFO - Created Permission View: can delete on DAG:dataset_s3_bucket_producer
[2024-11-23T23:58:27.980+0000] {logging_mixin.py:190} INFO - [2024-11-23T23:58:27.980+0000] {override.py:1911} INFO - Created Permission View: can edit on DAG:dataset_s3_bucket_producer
[2024-11-23T23:58:27.995+0000] {logging_mixin.py:190} INFO - [2024-11-23T23:58:27.995+0000] {override.py:1911} INFO - Created Permission View: can read on DAG:dataset_s3_bucket_producer
[2024-11-23T23:58:28.017+0000] {logging_mixin.py:190} INFO - [2024-11-23T23:58:28.016+0000] {override.py:1911} INFO - Created Permission View: can delete on DAG Run:dataset_s3_bucket_producer
[2024-11-23T23:58:28.027+0000] {logging_mixin.py:190} INFO - [2024-11-23T23:58:28.026+0000] {override.py:1911} INFO - Created Permission View: can create on DAG Run:dataset_s3_bucket_producer
[2024-11-23T23:58:28.041+0000] {logging_mixin.py:190} INFO - [2024-11-23T23:58:28.041+0000] {override.py:1911} INFO - Created Permission View: menu access on DAG Run:dataset_s3_bucket_producer
[2024-11-23T23:58:28.066+0000] {logging_mixin.py:190} INFO - [2024-11-23T23:58:28.066+0000] {override.py:1911} INFO - Created Permission View: can read on DAG Run:dataset_s3_bucket_producer
[2024-11-23T23:58:28.092+0000] {logging_mixin.py:190} INFO - [2024-11-23T23:58:28.091+0000] {override.py:1911} INFO - Created Permission View: can delete on DAG:dataset_s3_bucket_consumer
[2024-11-23T23:58:28.108+0000] {logging_mixin.py:190} INFO - [2024-11-23T23:58:28.108+0000] {override.py:1911} INFO - Created Permission View: can edit on DAG:dataset_s3_bucket_consumer
[2024-11-23T23:58:28.129+0000] {logging_mixin.py:190} INFO - [2024-11-23T23:58:28.129+0000] {override.py:1911} INFO - Created Permission View: can read on DAG:dataset_s3_bucket_consumer
[2024-11-23T23:58:28.149+0000] {logging_mixin.py:190} INFO - [2024-11-23T23:58:28.149+0000] {override.py:1911} INFO - Created Permission View: can delete on DAG Run:dataset_s3_bucket_consumer
[2024-11-23T23:58:28.160+0000] {logging_mixin.py:190} INFO - [2024-11-23T23:58:28.159+0000] {override.py:1911} INFO - Created Permission View: can create on DAG Run:dataset_s3_bucket_consumer
[2024-11-23T23:58:28.174+0000] {logging_mixin.py:190} INFO - [2024-11-23T23:58:28.173+0000] {override.py:1911} INFO - Created Permission View: menu access on DAG Run:dataset_s3_bucket_consumer
[2024-11-23T23:58:28.191+0000] {logging_mixin.py:190} INFO - [2024-11-23T23:58:28.191+0000] {override.py:1911} INFO - Created Permission View: can read on DAG Run:dataset_s3_bucket_consumer
[2024-11-23T23:58:28.199+0000] {logging_mixin.py:190} INFO - [2024-11-23T23:58:28.198+0000] {dag.py:3239} INFO - Sync 4 DAGs
[2024-11-23T23:58:28.215+0000] {logging_mixin.py:190} INFO - [2024-11-23T23:58:28.214+0000] {dag.py:3262} INFO - Creating ORM DAG for dataset_s3_bucket_consumer
[2024-11-23T23:58:28.216+0000] {logging_mixin.py:190} INFO - [2024-11-23T23:58:28.216+0000] {dag.py:3262} INFO - Creating ORM DAG for dataset_alias_example_alias_consumer
[2024-11-23T23:58:28.217+0000] {logging_mixin.py:190} INFO - [2024-11-23T23:58:28.217+0000] {dag.py:3262} INFO - Creating ORM DAG for dataset_alias_example_alias_producer
[2024-11-23T23:58:28.218+0000] {logging_mixin.py:190} INFO - [2024-11-23T23:58:28.218+0000] {dag.py:3262} INFO - Creating ORM DAG for dataset_s3_bucket_producer
[2024-11-23T23:58:28.228+0000] {logging_mixin.py:190} INFO - [2024-11-23T23:58:28.228+0000] {dag.py:4180} INFO - Setting next_dagrun for dataset_alias_example_alias_consumer to None, run_after=None
[2024-11-23T23:58:28.229+0000] {logging_mixin.py:190} INFO - [2024-11-23T23:58:28.229+0000] {dag.py:4180} INFO - Setting next_dagrun for dataset_alias_example_alias_producer to None, run_after=None
[2024-11-23T23:58:28.230+0000] {logging_mixin.py:190} INFO - [2024-11-23T23:58:28.230+0000] {dag.py:4180} INFO - Setting next_dagrun for dataset_s3_bucket_consumer to None, run_after=None
[2024-11-23T23:58:28.231+0000] {logging_mixin.py:190} INFO - [2024-11-23T23:58:28.231+0000] {dag.py:4180} INFO - Setting next_dagrun for dataset_s3_bucket_producer to None, run_after=None
[2024-11-23T23:58:28.268+0000] {processor.py:208} INFO - Processing /home/airflow/.local/lib/python3.12/site-packages/airflow/example_dags/example_dataset_alias.py took 1.684 seconds
[2024-11-23T23:58:59.141+0000] {processor.py:186} INFO - Started process (PID=185) to work on /home/airflow/.local/lib/python3.12/site-packages/airflow/example_dags/example_dataset_alias.py
[2024-11-23T23:58:59.142+0000] {processor.py:914} INFO - Processing file /home/airflow/.local/lib/python3.12/site-packages/airflow/example_dags/example_dataset_alias.py for tasks to queue
[2024-11-23T23:58:59.147+0000] {logging_mixin.py:190} INFO - [2024-11-23T23:58:59.147+0000] {dagbag.py:588} INFO - Filling up the DagBag from /home/airflow/.local/lib/python3.12/site-packages/airflow/example_dags/example_dataset_alias.py
[2024-11-23T23:58:59.956+0000] {processor.py:925} INFO - DAG(s) 'dataset_alias_example_alias_producer', 'dataset_s3_bucket_producer', 'dataset_s3_bucket_consumer', 'dataset_alias_example_alias_consumer' retrieved from /home/airflow/.local/lib/python3.12/site-packages/airflow/example_dags/example_dataset_alias.py
[2024-11-23T23:59:00.008+0000] {logging_mixin.py:190} INFO - [2024-11-23T23:59:00.008+0000] {dag.py:3239} INFO - Sync 4 DAGs
[2024-11-23T23:59:00.042+0000] {logging_mixin.py:190} INFO - [2024-11-23T23:59:00.041+0000] {dag.py:4180} INFO - Setting next_dagrun for dataset_alias_example_alias_consumer to None, run_after=None
[2024-11-23T23:59:00.048+0000] {logging_mixin.py:190} INFO - [2024-11-23T23:59:00.048+0000] {dag.py:4180} INFO - Setting next_dagrun for dataset_alias_example_alias_producer to None, run_after=None
[2024-11-23T23:59:00.052+0000] {logging_mixin.py:190} INFO - [2024-11-23T23:59:00.052+0000] {dag.py:4180} INFO - Setting next_dagrun for dataset_s3_bucket_consumer to None, run_after=None
[2024-11-23T23:59:00.056+0000] {logging_mixin.py:190} INFO - [2024-11-23T23:59:00.056+0000] {dag.py:4180} INFO - Setting next_dagrun for dataset_s3_bucket_producer to None, run_after=None
[2024-11-23T23:59:00.113+0000] {processor.py:208} INFO - Processing /home/airflow/.local/lib/python3.12/site-packages/airflow/example_dags/example_dataset_alias.py took 0.977 seconds
[2024-11-23T23:59:30.740+0000] {processor.py:186} INFO - Started process (PID=247) to work on /home/airflow/.local/lib/python3.12/site-packages/airflow/example_dags/example_dataset_alias.py
[2024-11-23T23:59:30.756+0000] {processor.py:914} INFO - Processing file /home/airflow/.local/lib/python3.12/site-packages/airflow/example_dags/example_dataset_alias.py for tasks to queue
[2024-11-23T23:59:30.763+0000] {logging_mixin.py:190} INFO - [2024-11-23T23:59:30.763+0000] {dagbag.py:588} INFO - Filling up the DagBag from /home/airflow/.local/lib/python3.12/site-packages/airflow/example_dags/example_dataset_alias.py
[2024-11-23T23:59:31.643+0000] {processor.py:925} INFO - DAG(s) 'dataset_alias_example_alias_producer', 'dataset_s3_bucket_producer', 'dataset_alias_example_alias_consumer', 'dataset_s3_bucket_consumer' retrieved from /home/airflow/.local/lib/python3.12/site-packages/airflow/example_dags/example_dataset_alias.py
[2024-11-23T23:59:31.686+0000] {logging_mixin.py:190} INFO - [2024-11-23T23:59:31.685+0000] {dag.py:3239} INFO - Sync 4 DAGs
[2024-11-23T23:59:31.723+0000] {logging_mixin.py:190} INFO - [2024-11-23T23:59:31.723+0000] {dag.py:4180} INFO - Setting next_dagrun for dataset_alias_example_alias_consumer to None, run_after=None
[2024-11-23T23:59:31.736+0000] {logging_mixin.py:190} INFO - [2024-11-23T23:59:31.736+0000] {dag.py:4180} INFO - Setting next_dagrun for dataset_alias_example_alias_producer to None, run_after=None
[2024-11-23T23:59:31.739+0000] {logging_mixin.py:190} INFO - [2024-11-23T23:59:31.738+0000] {dag.py:4180} INFO - Setting next_dagrun for dataset_s3_bucket_consumer to None, run_after=None
[2024-11-23T23:59:31.741+0000] {logging_mixin.py:190} INFO - [2024-11-23T23:59:31.741+0000] {dag.py:4180} INFO - Setting next_dagrun for dataset_s3_bucket_producer to None, run_after=None
[2024-11-23T23:59:31.789+0000] {processor.py:208} INFO - Processing /home/airflow/.local/lib/python3.12/site-packages/airflow/example_dags/example_dataset_alias.py took 1.056 seconds
