[2024-11-23T23:58:02.584+0000] {processor.py:186} INFO - Started process (PID=66) to work on /home/airflow/.local/lib/python3.12/site-packages/airflow/example_dags/example_dynamic_task_mapping.py
[2024-11-23T23:58:02.593+0000] {processor.py:914} INFO - Processing file /home/airflow/.local/lib/python3.12/site-packages/airflow/example_dags/example_dynamic_task_mapping.py for tasks to queue
[2024-11-23T23:58:02.596+0000] {logging_mixin.py:190} INFO - [2024-11-23T23:58:02.596+0000] {dagbag.py:588} INFO - Filling up the DagBag from /home/airflow/.local/lib/python3.12/site-packages/airflow/example_dags/example_dynamic_task_mapping.py
[2024-11-23T23:58:02.617+0000] {processor.py:925} INFO - DAG(s) 'example_dynamic_task_mapping' retrieved from /home/airflow/.local/lib/python3.12/site-packages/airflow/example_dags/example_dynamic_task_mapping.py
[2024-11-23T23:58:03.175+0000] {logging_mixin.py:190} INFO - [2024-11-23T23:58:03.173+0000] {override.py:1911} INFO - Created Permission View: can delete on DAG:example_dynamic_task_mapping
[2024-11-23T23:58:03.271+0000] {logging_mixin.py:190} INFO - [2024-11-23T23:58:03.271+0000] {override.py:1911} INFO - Created Permission View: can edit on DAG:example_dynamic_task_mapping
[2024-11-23T23:58:03.293+0000] {logging_mixin.py:190} INFO - [2024-11-23T23:58:03.293+0000] {override.py:1911} INFO - Created Permission View: can read on DAG:example_dynamic_task_mapping
[2024-11-23T23:58:03.374+0000] {logging_mixin.py:190} INFO - [2024-11-23T23:58:03.373+0000] {override.py:1911} INFO - Created Permission View: can delete on DAG Run:example_dynamic_task_mapping
[2024-11-23T23:58:03.429+0000] {logging_mixin.py:190} INFO - [2024-11-23T23:58:03.428+0000] {override.py:1911} INFO - Created Permission View: can create on DAG Run:example_dynamic_task_mapping
[2024-11-23T23:58:03.453+0000] {logging_mixin.py:190} INFO - [2024-11-23T23:58:03.453+0000] {override.py:1911} INFO - Created Permission View: menu access on DAG Run:example_dynamic_task_mapping
[2024-11-23T23:58:03.550+0000] {logging_mixin.py:190} INFO - [2024-11-23T23:58:03.550+0000] {override.py:1911} INFO - Created Permission View: can read on DAG Run:example_dynamic_task_mapping
[2024-11-23T23:58:03.563+0000] {logging_mixin.py:190} INFO - [2024-11-23T23:58:03.563+0000] {dag.py:3239} INFO - Sync 1 DAGs
[2024-11-23T23:58:03.661+0000] {logging_mixin.py:190} INFO - [2024-11-23T23:58:03.661+0000] {dag.py:3262} INFO - Creating ORM DAG for example_dynamic_task_mapping
[2024-11-23T23:58:03.676+0000] {logging_mixin.py:190} INFO - [2024-11-23T23:58:03.676+0000] {dag.py:4180} INFO - Setting next_dagrun for example_dynamic_task_mapping to None, run_after=None
[2024-11-23T23:58:03.780+0000] {processor.py:208} INFO - Processing /home/airflow/.local/lib/python3.12/site-packages/airflow/example_dags/example_dynamic_task_mapping.py took 1.215 seconds
[2024-11-23T23:58:34.220+0000] {processor.py:186} INFO - Started process (PID=130) to work on /home/airflow/.local/lib/python3.12/site-packages/airflow/example_dags/example_dynamic_task_mapping.py
[2024-11-23T23:58:34.221+0000] {processor.py:914} INFO - Processing file /home/airflow/.local/lib/python3.12/site-packages/airflow/example_dags/example_dynamic_task_mapping.py for tasks to queue
[2024-11-23T23:58:34.231+0000] {logging_mixin.py:190} INFO - [2024-11-23T23:58:34.231+0000] {dagbag.py:588} INFO - Filling up the DagBag from /home/airflow/.local/lib/python3.12/site-packages/airflow/example_dags/example_dynamic_task_mapping.py
[2024-11-23T23:58:34.240+0000] {processor.py:925} INFO - DAG(s) 'example_dynamic_task_mapping' retrieved from /home/airflow/.local/lib/python3.12/site-packages/airflow/example_dags/example_dynamic_task_mapping.py
[2024-11-23T23:58:34.269+0000] {logging_mixin.py:190} INFO - [2024-11-23T23:58:34.268+0000] {dag.py:3239} INFO - Sync 1 DAGs
[2024-11-23T23:58:34.299+0000] {logging_mixin.py:190} INFO - [2024-11-23T23:58:34.299+0000] {dag.py:4180} INFO - Setting next_dagrun for example_dynamic_task_mapping to None, run_after=None
[2024-11-23T23:58:34.327+0000] {processor.py:208} INFO - Processing /home/airflow/.local/lib/python3.12/site-packages/airflow/example_dags/example_dynamic_task_mapping.py took 0.113 seconds
[2024-11-23T23:59:04.403+0000] {processor.py:186} INFO - Started process (PID=192) to work on /home/airflow/.local/lib/python3.12/site-packages/airflow/example_dags/example_dynamic_task_mapping.py
[2024-11-23T23:59:04.404+0000] {processor.py:914} INFO - Processing file /home/airflow/.local/lib/python3.12/site-packages/airflow/example_dags/example_dynamic_task_mapping.py for tasks to queue
[2024-11-23T23:59:04.409+0000] {logging_mixin.py:190} INFO - [2024-11-23T23:59:04.408+0000] {dagbag.py:588} INFO - Filling up the DagBag from /home/airflow/.local/lib/python3.12/site-packages/airflow/example_dags/example_dynamic_task_mapping.py
[2024-11-23T23:59:04.423+0000] {processor.py:925} INFO - DAG(s) 'example_dynamic_task_mapping' retrieved from /home/airflow/.local/lib/python3.12/site-packages/airflow/example_dags/example_dynamic_task_mapping.py
[2024-11-23T23:59:04.458+0000] {logging_mixin.py:190} INFO - [2024-11-23T23:59:04.458+0000] {dag.py:3239} INFO - Sync 1 DAGs
[2024-11-23T23:59:04.482+0000] {logging_mixin.py:190} INFO - [2024-11-23T23:59:04.482+0000] {dag.py:4180} INFO - Setting next_dagrun for example_dynamic_task_mapping to None, run_after=None
[2024-11-23T23:59:04.554+0000] {processor.py:208} INFO - Processing /home/airflow/.local/lib/python3.12/site-packages/airflow/example_dags/example_dynamic_task_mapping.py took 0.157 seconds
[2024-11-23T23:59:35.105+0000] {processor.py:186} INFO - Started process (PID=254) to work on /home/airflow/.local/lib/python3.12/site-packages/airflow/example_dags/example_dynamic_task_mapping.py
[2024-11-23T23:59:35.108+0000] {processor.py:914} INFO - Processing file /home/airflow/.local/lib/python3.12/site-packages/airflow/example_dags/example_dynamic_task_mapping.py for tasks to queue
[2024-11-23T23:59:35.115+0000] {logging_mixin.py:190} INFO - [2024-11-23T23:59:35.115+0000] {dagbag.py:588} INFO - Filling up the DagBag from /home/airflow/.local/lib/python3.12/site-packages/airflow/example_dags/example_dynamic_task_mapping.py
[2024-11-23T23:59:35.123+0000] {processor.py:925} INFO - DAG(s) 'example_dynamic_task_mapping' retrieved from /home/airflow/.local/lib/python3.12/site-packages/airflow/example_dags/example_dynamic_task_mapping.py
[2024-11-23T23:59:35.149+0000] {logging_mixin.py:190} INFO - [2024-11-23T23:59:35.149+0000] {dag.py:3239} INFO - Sync 1 DAGs
[2024-11-23T23:59:35.168+0000] {logging_mixin.py:190} INFO - [2024-11-23T23:59:35.167+0000] {dag.py:4180} INFO - Setting next_dagrun for example_dynamic_task_mapping to None, run_after=None
[2024-11-23T23:59:35.209+0000] {processor.py:208} INFO - Processing /home/airflow/.local/lib/python3.12/site-packages/airflow/example_dags/example_dynamic_task_mapping.py took 0.109 seconds
