[2024-11-23T23:58:20.409+0000] {processor.py:186} INFO - Started process (PID=102) to work on /home/airflow/.local/lib/python3.12/site-packages/airflow/example_dags/example_sla_dag.py
[2024-11-23T23:58:20.410+0000] {processor.py:914} INFO - Processing file /home/airflow/.local/lib/python3.12/site-packages/airflow/example_dags/example_sla_dag.py for tasks to queue
[2024-11-23T23:58:20.413+0000] {logging_mixin.py:190} INFO - [2024-11-23T23:58:20.412+0000] {dagbag.py:588} INFO - Filling up the DagBag from /home/airflow/.local/lib/python3.12/site-packages/airflow/example_dags/example_sla_dag.py
[2024-11-23T23:58:20.435+0000] {processor.py:925} INFO - DAG(s) 'example_sla_dag' retrieved from /home/airflow/.local/lib/python3.12/site-packages/airflow/example_dags/example_sla_dag.py
[2024-11-23T23:58:20.699+0000] {logging_mixin.py:190} INFO - [2024-11-23T23:58:20.698+0000] {override.py:1911} INFO - Created Permission View: can delete on DAG:example_sla_dag
[2024-11-23T23:58:20.720+0000] {logging_mixin.py:190} INFO - [2024-11-23T23:58:20.720+0000] {override.py:1911} INFO - Created Permission View: can edit on DAG:example_sla_dag
[2024-11-23T23:58:20.742+0000] {logging_mixin.py:190} INFO - [2024-11-23T23:58:20.742+0000] {override.py:1911} INFO - Created Permission View: can read on DAG:example_sla_dag
[2024-11-23T23:58:20.763+0000] {logging_mixin.py:190} INFO - [2024-11-23T23:58:20.763+0000] {override.py:1911} INFO - Created Permission View: can delete on DAG Run:example_sla_dag
[2024-11-23T23:58:20.784+0000] {logging_mixin.py:190} INFO - [2024-11-23T23:58:20.784+0000] {override.py:1911} INFO - Created Permission View: can create on DAG Run:example_sla_dag
[2024-11-23T23:58:20.814+0000] {logging_mixin.py:190} INFO - [2024-11-23T23:58:20.814+0000] {override.py:1911} INFO - Created Permission View: menu access on DAG Run:example_sla_dag
[2024-11-23T23:58:20.842+0000] {logging_mixin.py:190} INFO - [2024-11-23T23:58:20.841+0000] {override.py:1911} INFO - Created Permission View: can read on DAG Run:example_sla_dag
[2024-11-23T23:58:20.843+0000] {logging_mixin.py:190} INFO - [2024-11-23T23:58:20.843+0000] {dag.py:3239} INFO - Sync 1 DAGs
[2024-11-23T23:58:20.864+0000] {logging_mixin.py:190} INFO - [2024-11-23T23:58:20.863+0000] {dag.py:3262} INFO - Creating ORM DAG for example_sla_dag
[2024-11-23T23:58:20.899+0000] {logging_mixin.py:190} INFO - [2024-11-23T23:58:20.899+0000] {dag.py:4180} INFO - Setting next_dagrun for example_sla_dag to 2024-11-23 23:56:00+00:00, run_after=2024-11-23 23:58:00+00:00
[2024-11-23T23:58:20.970+0000] {processor.py:208} INFO - Processing /home/airflow/.local/lib/python3.12/site-packages/airflow/example_dags/example_sla_dag.py took 0.578 seconds
[2024-11-23T23:58:51.632+0000] {processor.py:186} INFO - Started process (PID=165) to work on /home/airflow/.local/lib/python3.12/site-packages/airflow/example_dags/example_sla_dag.py
[2024-11-23T23:58:51.636+0000] {processor.py:914} INFO - Processing file /home/airflow/.local/lib/python3.12/site-packages/airflow/example_dags/example_sla_dag.py for tasks to queue
[2024-11-23T23:58:51.641+0000] {logging_mixin.py:190} INFO - [2024-11-23T23:58:51.640+0000] {dagbag.py:588} INFO - Filling up the DagBag from /home/airflow/.local/lib/python3.12/site-packages/airflow/example_dags/example_sla_dag.py
[2024-11-23T23:58:51.664+0000] {processor.py:925} INFO - DAG(s) 'example_sla_dag' retrieved from /home/airflow/.local/lib/python3.12/site-packages/airflow/example_dags/example_sla_dag.py
[2024-11-23T23:58:51.774+0000] {logging_mixin.py:190} INFO - [2024-11-23T23:58:51.774+0000] {dag.py:3239} INFO - Sync 1 DAGs
[2024-11-23T23:58:51.857+0000] {logging_mixin.py:190} INFO - [2024-11-23T23:58:51.857+0000] {dag.py:4180} INFO - Setting next_dagrun for example_sla_dag to 2024-11-23 23:56:00+00:00, run_after=2024-11-23 23:58:00+00:00
[2024-11-23T23:58:52.063+0000] {processor.py:208} INFO - Processing /home/airflow/.local/lib/python3.12/site-packages/airflow/example_dags/example_sla_dag.py took 0.443 seconds
[2024-11-23T23:59:22.671+0000] {processor.py:186} INFO - Started process (PID=227) to work on /home/airflow/.local/lib/python3.12/site-packages/airflow/example_dags/example_sla_dag.py
[2024-11-23T23:59:22.677+0000] {processor.py:914} INFO - Processing file /home/airflow/.local/lib/python3.12/site-packages/airflow/example_dags/example_sla_dag.py for tasks to queue
[2024-11-23T23:59:22.685+0000] {logging_mixin.py:190} INFO - [2024-11-23T23:59:22.684+0000] {dagbag.py:588} INFO - Filling up the DagBag from /home/airflow/.local/lib/python3.12/site-packages/airflow/example_dags/example_sla_dag.py
[2024-11-23T23:59:22.705+0000] {processor.py:925} INFO - DAG(s) 'example_sla_dag' retrieved from /home/airflow/.local/lib/python3.12/site-packages/airflow/example_dags/example_sla_dag.py
[2024-11-23T23:59:22.780+0000] {logging_mixin.py:190} INFO - [2024-11-23T23:59:22.780+0000] {dag.py:3239} INFO - Sync 1 DAGs
[2024-11-23T23:59:22.830+0000] {logging_mixin.py:190} INFO - [2024-11-23T23:59:22.830+0000] {dag.py:4180} INFO - Setting next_dagrun for example_sla_dag to 2024-11-23 23:56:00+00:00, run_after=2024-11-23 23:58:00+00:00
[2024-11-23T23:59:22.894+0000] {processor.py:208} INFO - Processing /home/airflow/.local/lib/python3.12/site-packages/airflow/example_dags/example_sla_dag.py took 0.228 seconds
[2024-11-23T23:59:53.146+0000] {processor.py:186} INFO - Started process (PID=291) to work on /home/airflow/.local/lib/python3.12/site-packages/airflow/example_dags/example_sla_dag.py
[2024-11-23T23:59:53.147+0000] {processor.py:914} INFO - Processing file /home/airflow/.local/lib/python3.12/site-packages/airflow/example_dags/example_sla_dag.py for tasks to queue
[2024-11-23T23:59:53.161+0000] {logging_mixin.py:190} INFO - [2024-11-23T23:59:53.161+0000] {dagbag.py:588} INFO - Filling up the DagBag from /home/airflow/.local/lib/python3.12/site-packages/airflow/example_dags/example_sla_dag.py
[2024-11-23T23:59:53.191+0000] {processor.py:925} INFO - DAG(s) 'example_sla_dag' retrieved from /home/airflow/.local/lib/python3.12/site-packages/airflow/example_dags/example_sla_dag.py
[2024-11-23T23:59:53.232+0000] {logging_mixin.py:190} INFO - [2024-11-23T23:59:53.221+0000] {dag.py:3239} INFO - Sync 1 DAGs
[2024-11-23T23:59:53.312+0000] {logging_mixin.py:190} INFO - [2024-11-23T23:59:53.312+0000] {dag.py:4180} INFO - Setting next_dagrun for example_sla_dag to 2024-11-23 23:56:00+00:00, run_after=2024-11-23 23:58:00+00:00
[2024-11-23T23:59:53.362+0000] {processor.py:208} INFO - Processing /home/airflow/.local/lib/python3.12/site-packages/airflow/example_dags/example_sla_dag.py took 0.222 seconds
