[2024-11-23T23:58:03.550+0000] {processor.py:186} INFO - Started process (PID=68) to work on /home/airflow/.local/lib/python3.12/site-packages/airflow/example_dags/example_datasets.py
[2024-11-23T23:58:03.552+0000] {processor.py:914} INFO - Processing file /home/airflow/.local/lib/python3.12/site-packages/airflow/example_dags/example_datasets.py for tasks to queue
[2024-11-23T23:58:03.566+0000] {logging_mixin.py:190} INFO - [2024-11-23T23:58:03.566+0000] {dagbag.py:588} INFO - Filling up the DagBag from /home/airflow/.local/lib/python3.12/site-packages/airflow/example_dags/example_datasets.py
[2024-11-23T23:58:07.248+0000] {processor.py:925} INFO - DAG(s) 'conditional_dataset_and_time_based_timetable', 'consume_1_and_2_with_dataset_expressions', 'dataset_produces_1', 'dataset_consumes_1_and_2', 'consume_1_or_2_with_dataset_expressions', 'dataset_consumes_1_never_scheduled', 'dataset_consumes_1', 'dataset_consumes_unknown_never_scheduled', 'consume_1_or_both_2_and_3_with_dataset_expressions', 'dataset_produces_2' retrieved from /home/airflow/.local/lib/python3.12/site-packages/airflow/example_dags/example_datasets.py
[2024-11-23T23:58:07.467+0000] {logging_mixin.py:190} INFO - [2024-11-23T23:58:07.466+0000] {override.py:1911} INFO - Created Permission View: can delete on DAG:conditional_dataset_and_time_based_timetable
[2024-11-23T23:58:07.501+0000] {logging_mixin.py:190} INFO - [2024-11-23T23:58:07.500+0000] {override.py:1911} INFO - Created Permission View: can edit on DAG:conditional_dataset_and_time_based_timetable
[2024-11-23T23:58:07.522+0000] {logging_mixin.py:190} INFO - [2024-11-23T23:58:07.522+0000] {override.py:1911} INFO - Created Permission View: can read on DAG:conditional_dataset_and_time_based_timetable
[2024-11-23T23:58:07.547+0000] {logging_mixin.py:190} INFO - [2024-11-23T23:58:07.547+0000] {override.py:1911} INFO - Created Permission View: can delete on DAG Run:conditional_dataset_and_time_based_timetable
[2024-11-23T23:58:07.570+0000] {logging_mixin.py:190} INFO - [2024-11-23T23:58:07.570+0000] {override.py:1911} INFO - Created Permission View: can create on DAG Run:conditional_dataset_and_time_based_timetable
[2024-11-23T23:58:07.606+0000] {logging_mixin.py:190} INFO - [2024-11-23T23:58:07.606+0000] {override.py:1911} INFO - Created Permission View: menu access on DAG Run:conditional_dataset_and_time_based_timetable
[2024-11-23T23:58:07.624+0000] {logging_mixin.py:190} INFO - [2024-11-23T23:58:07.623+0000] {override.py:1911} INFO - Created Permission View: can read on DAG Run:conditional_dataset_and_time_based_timetable
[2024-11-23T23:58:07.660+0000] {logging_mixin.py:190} INFO - [2024-11-23T23:58:07.660+0000] {override.py:1911} INFO - Created Permission View: can delete on DAG:consume_1_and_2_with_dataset_expressions
[2024-11-23T23:58:07.674+0000] {logging_mixin.py:190} INFO - [2024-11-23T23:58:07.674+0000] {override.py:1911} INFO - Created Permission View: can edit on DAG:consume_1_and_2_with_dataset_expressions
[2024-11-23T23:58:07.686+0000] {logging_mixin.py:190} INFO - [2024-11-23T23:58:07.685+0000] {override.py:1911} INFO - Created Permission View: can read on DAG:consume_1_and_2_with_dataset_expressions
[2024-11-23T23:58:07.715+0000] {logging_mixin.py:190} INFO - [2024-11-23T23:58:07.714+0000] {override.py:1911} INFO - Created Permission View: can delete on DAG Run:consume_1_and_2_with_dataset_expressions
[2024-11-23T23:58:07.769+0000] {logging_mixin.py:190} INFO - [2024-11-23T23:58:07.768+0000] {override.py:1911} INFO - Created Permission View: can create on DAG Run:consume_1_and_2_with_dataset_expressions
[2024-11-23T23:58:07.783+0000] {logging_mixin.py:190} INFO - [2024-11-23T23:58:07.782+0000] {override.py:1911} INFO - Created Permission View: menu access on DAG Run:consume_1_and_2_with_dataset_expressions
[2024-11-23T23:58:07.796+0000] {logging_mixin.py:190} INFO - [2024-11-23T23:58:07.796+0000] {override.py:1911} INFO - Created Permission View: can read on DAG Run:consume_1_and_2_with_dataset_expressions
[2024-11-23T23:58:07.825+0000] {logging_mixin.py:190} INFO - [2024-11-23T23:58:07.824+0000] {override.py:1911} INFO - Created Permission View: can delete on DAG:dataset_produces_1
[2024-11-23T23:58:07.862+0000] {logging_mixin.py:190} INFO - [2024-11-23T23:58:07.862+0000] {override.py:1911} INFO - Created Permission View: can edit on DAG:dataset_produces_1
[2024-11-23T23:58:07.881+0000] {logging_mixin.py:190} INFO - [2024-11-23T23:58:07.881+0000] {override.py:1911} INFO - Created Permission View: can read on DAG:dataset_produces_1
[2024-11-23T23:58:07.931+0000] {logging_mixin.py:190} INFO - [2024-11-23T23:58:07.931+0000] {override.py:1911} INFO - Created Permission View: can delete on DAG Run:dataset_produces_1
[2024-11-23T23:58:07.949+0000] {logging_mixin.py:190} INFO - [2024-11-23T23:58:07.949+0000] {override.py:1911} INFO - Created Permission View: can create on DAG Run:dataset_produces_1
[2024-11-23T23:58:07.965+0000] {logging_mixin.py:190} INFO - [2024-11-23T23:58:07.965+0000] {override.py:1911} INFO - Created Permission View: menu access on DAG Run:dataset_produces_1
[2024-11-23T23:58:07.994+0000] {logging_mixin.py:190} INFO - [2024-11-23T23:58:07.994+0000] {override.py:1911} INFO - Created Permission View: can read on DAG Run:dataset_produces_1
[2024-11-23T23:58:08.038+0000] {logging_mixin.py:190} INFO - [2024-11-23T23:58:08.037+0000] {override.py:1911} INFO - Created Permission View: can delete on DAG:dataset_consumes_1_and_2
[2024-11-23T23:58:08.052+0000] {logging_mixin.py:190} INFO - [2024-11-23T23:58:08.052+0000] {override.py:1911} INFO - Created Permission View: can edit on DAG:dataset_consumes_1_and_2
[2024-11-23T23:58:08.093+0000] {logging_mixin.py:190} INFO - [2024-11-23T23:58:08.093+0000] {override.py:1911} INFO - Created Permission View: can read on DAG:dataset_consumes_1_and_2
[2024-11-23T23:58:08.123+0000] {logging_mixin.py:190} INFO - [2024-11-23T23:58:08.122+0000] {override.py:1911} INFO - Created Permission View: can delete on DAG Run:dataset_consumes_1_and_2
[2024-11-23T23:58:08.147+0000] {logging_mixin.py:190} INFO - [2024-11-23T23:58:08.147+0000] {override.py:1911} INFO - Created Permission View: can create on DAG Run:dataset_consumes_1_and_2
[2024-11-23T23:58:08.172+0000] {logging_mixin.py:190} INFO - [2024-11-23T23:58:08.172+0000] {override.py:1911} INFO - Created Permission View: menu access on DAG Run:dataset_consumes_1_and_2
[2024-11-23T23:58:08.201+0000] {logging_mixin.py:190} INFO - [2024-11-23T23:58:08.200+0000] {override.py:1911} INFO - Created Permission View: can read on DAG Run:dataset_consumes_1_and_2
[2024-11-23T23:58:08.237+0000] {logging_mixin.py:190} INFO - [2024-11-23T23:58:08.236+0000] {override.py:1911} INFO - Created Permission View: can delete on DAG:consume_1_or_2_with_dataset_expressions
[2024-11-23T23:58:08.255+0000] {logging_mixin.py:190} INFO - [2024-11-23T23:58:08.255+0000] {override.py:1911} INFO - Created Permission View: can edit on DAG:consume_1_or_2_with_dataset_expressions
[2024-11-23T23:58:08.287+0000] {logging_mixin.py:190} INFO - [2024-11-23T23:58:08.286+0000] {override.py:1911} INFO - Created Permission View: can read on DAG:consume_1_or_2_with_dataset_expressions
[2024-11-23T23:58:08.303+0000] {logging_mixin.py:190} INFO - [2024-11-23T23:58:08.302+0000] {override.py:1911} INFO - Created Permission View: can delete on DAG Run:consume_1_or_2_with_dataset_expressions
[2024-11-23T23:58:08.317+0000] {logging_mixin.py:190} INFO - [2024-11-23T23:58:08.317+0000] {override.py:1911} INFO - Created Permission View: can create on DAG Run:consume_1_or_2_with_dataset_expressions
[2024-11-23T23:58:08.332+0000] {logging_mixin.py:190} INFO - [2024-11-23T23:58:08.332+0000] {override.py:1911} INFO - Created Permission View: menu access on DAG Run:consume_1_or_2_with_dataset_expressions
[2024-11-23T23:58:08.353+0000] {logging_mixin.py:190} INFO - [2024-11-23T23:58:08.352+0000] {override.py:1911} INFO - Created Permission View: can read on DAG Run:consume_1_or_2_with_dataset_expressions
[2024-11-23T23:58:08.390+0000] {logging_mixin.py:190} INFO - [2024-11-23T23:58:08.389+0000] {override.py:1911} INFO - Created Permission View: can delete on DAG:dataset_consumes_1_never_scheduled
[2024-11-23T23:58:08.420+0000] {logging_mixin.py:190} INFO - [2024-11-23T23:58:08.420+0000] {override.py:1911} INFO - Created Permission View: can edit on DAG:dataset_consumes_1_never_scheduled
[2024-11-23T23:58:08.451+0000] {logging_mixin.py:190} INFO - [2024-11-23T23:58:08.451+0000] {override.py:1911} INFO - Created Permission View: can read on DAG:dataset_consumes_1_never_scheduled
[2024-11-23T23:58:08.483+0000] {logging_mixin.py:190} INFO - [2024-11-23T23:58:08.483+0000] {override.py:1911} INFO - Created Permission View: can delete on DAG Run:dataset_consumes_1_never_scheduled
[2024-11-23T23:58:08.500+0000] {logging_mixin.py:190} INFO - [2024-11-23T23:58:08.499+0000] {override.py:1911} INFO - Created Permission View: can create on DAG Run:dataset_consumes_1_never_scheduled
[2024-11-23T23:58:08.513+0000] {logging_mixin.py:190} INFO - [2024-11-23T23:58:08.512+0000] {override.py:1911} INFO - Created Permission View: menu access on DAG Run:dataset_consumes_1_never_scheduled
[2024-11-23T23:58:08.544+0000] {logging_mixin.py:190} INFO - [2024-11-23T23:58:08.544+0000] {override.py:1911} INFO - Created Permission View: can read on DAG Run:dataset_consumes_1_never_scheduled
[2024-11-23T23:58:08.604+0000] {logging_mixin.py:190} INFO - [2024-11-23T23:58:08.603+0000] {override.py:1911} INFO - Created Permission View: can delete on DAG:dataset_consumes_1
[2024-11-23T23:58:08.627+0000] {logging_mixin.py:190} INFO - [2024-11-23T23:58:08.627+0000] {override.py:1911} INFO - Created Permission View: can edit on DAG:dataset_consumes_1
[2024-11-23T23:58:08.649+0000] {logging_mixin.py:190} INFO - [2024-11-23T23:58:08.648+0000] {override.py:1911} INFO - Created Permission View: can read on DAG:dataset_consumes_1
[2024-11-23T23:58:08.685+0000] {logging_mixin.py:190} INFO - [2024-11-23T23:58:08.685+0000] {override.py:1911} INFO - Created Permission View: can delete on DAG Run:dataset_consumes_1
[2024-11-23T23:58:08.743+0000] {logging_mixin.py:190} INFO - [2024-11-23T23:58:08.743+0000] {override.py:1911} INFO - Created Permission View: can create on DAG Run:dataset_consumes_1
[2024-11-23T23:58:08.758+0000] {logging_mixin.py:190} INFO - [2024-11-23T23:58:08.758+0000] {override.py:1911} INFO - Created Permission View: menu access on DAG Run:dataset_consumes_1
[2024-11-23T23:58:08.779+0000] {logging_mixin.py:190} INFO - [2024-11-23T23:58:08.778+0000] {override.py:1911} INFO - Created Permission View: can read on DAG Run:dataset_consumes_1
[2024-11-23T23:58:08.825+0000] {logging_mixin.py:190} INFO - [2024-11-23T23:58:08.824+0000] {override.py:1911} INFO - Created Permission View: can delete on DAG:dataset_consumes_unknown_never_scheduled
[2024-11-23T23:58:08.843+0000] {logging_mixin.py:190} INFO - [2024-11-23T23:58:08.843+0000] {override.py:1911} INFO - Created Permission View: can edit on DAG:dataset_consumes_unknown_never_scheduled
[2024-11-23T23:58:08.863+0000] {logging_mixin.py:190} INFO - [2024-11-23T23:58:08.863+0000] {override.py:1911} INFO - Created Permission View: can read on DAG:dataset_consumes_unknown_never_scheduled
[2024-11-23T23:58:08.906+0000] {logging_mixin.py:190} INFO - [2024-11-23T23:58:08.906+0000] {override.py:1911} INFO - Created Permission View: can delete on DAG Run:dataset_consumes_unknown_never_scheduled
[2024-11-23T23:58:08.936+0000] {logging_mixin.py:190} INFO - [2024-11-23T23:58:08.935+0000] {override.py:1911} INFO - Created Permission View: can create on DAG Run:dataset_consumes_unknown_never_scheduled
[2024-11-23T23:58:08.996+0000] {logging_mixin.py:190} INFO - [2024-11-23T23:58:08.995+0000] {override.py:1911} INFO - Created Permission View: menu access on DAG Run:dataset_consumes_unknown_never_scheduled
[2024-11-23T23:58:09.007+0000] {logging_mixin.py:190} INFO - [2024-11-23T23:58:09.006+0000] {override.py:1911} INFO - Created Permission View: can read on DAG Run:dataset_consumes_unknown_never_scheduled
[2024-11-23T23:58:09.054+0000] {logging_mixin.py:190} INFO - [2024-11-23T23:58:09.053+0000] {override.py:1911} INFO - Created Permission View: can delete on DAG:consume_1_or_both_2_and_3_with_dataset_expressions
[2024-11-23T23:58:09.077+0000] {logging_mixin.py:190} INFO - [2024-11-23T23:58:09.077+0000] {override.py:1911} INFO - Created Permission View: can edit on DAG:consume_1_or_both_2_and_3_with_dataset_expressions
[2024-11-23T23:58:09.088+0000] {logging_mixin.py:190} INFO - [2024-11-23T23:58:09.088+0000] {override.py:1911} INFO - Created Permission View: can read on DAG:consume_1_or_both_2_and_3_with_dataset_expressions
[2024-11-23T23:58:09.120+0000] {logging_mixin.py:190} INFO - [2024-11-23T23:58:09.120+0000] {override.py:1911} INFO - Created Permission View: can delete on DAG Run:consume_1_or_both_2_and_3_with_dataset_expressions
[2024-11-23T23:58:09.152+0000] {logging_mixin.py:190} INFO - [2024-11-23T23:58:09.152+0000] {override.py:1911} INFO - Created Permission View: can create on DAG Run:consume_1_or_both_2_and_3_with_dataset_expressions
[2024-11-23T23:58:09.189+0000] {logging_mixin.py:190} INFO - [2024-11-23T23:58:09.189+0000] {override.py:1911} INFO - Created Permission View: menu access on DAG Run:consume_1_or_both_2_and_3_with_dataset_expressions
[2024-11-23T23:58:09.218+0000] {logging_mixin.py:190} INFO - [2024-11-23T23:58:09.218+0000] {override.py:1911} INFO - Created Permission View: can read on DAG Run:consume_1_or_both_2_and_3_with_dataset_expressions
[2024-11-23T23:58:09.272+0000] {logging_mixin.py:190} INFO - [2024-11-23T23:58:09.271+0000] {override.py:1911} INFO - Created Permission View: can delete on DAG:dataset_produces_2
[2024-11-23T23:58:09.296+0000] {logging_mixin.py:190} INFO - [2024-11-23T23:58:09.296+0000] {override.py:1911} INFO - Created Permission View: can edit on DAG:dataset_produces_2
[2024-11-23T23:58:09.337+0000] {logging_mixin.py:190} INFO - [2024-11-23T23:58:09.336+0000] {override.py:1911} INFO - Created Permission View: can read on DAG:dataset_produces_2
[2024-11-23T23:58:09.353+0000] {logging_mixin.py:190} INFO - [2024-11-23T23:58:09.353+0000] {override.py:1911} INFO - Created Permission View: can delete on DAG Run:dataset_produces_2
[2024-11-23T23:58:09.372+0000] {logging_mixin.py:190} INFO - [2024-11-23T23:58:09.372+0000] {override.py:1911} INFO - Created Permission View: can create on DAG Run:dataset_produces_2
[2024-11-23T23:58:09.386+0000] {logging_mixin.py:190} INFO - [2024-11-23T23:58:09.386+0000] {override.py:1911} INFO - Created Permission View: menu access on DAG Run:dataset_produces_2
[2024-11-23T23:58:09.399+0000] {logging_mixin.py:190} INFO - [2024-11-23T23:58:09.398+0000] {override.py:1911} INFO - Created Permission View: can read on DAG Run:dataset_produces_2
[2024-11-23T23:58:09.401+0000] {logging_mixin.py:190} INFO - [2024-11-23T23:58:09.401+0000] {dag.py:3239} INFO - Sync 10 DAGs
[2024-11-23T23:58:09.435+0000] {logging_mixin.py:190} INFO - [2024-11-23T23:58:09.434+0000] {dag.py:3262} INFO - Creating ORM DAG for dataset_consumes_1_never_scheduled
[2024-11-23T23:58:09.436+0000] {logging_mixin.py:190} INFO - [2024-11-23T23:58:09.436+0000] {dag.py:3262} INFO - Creating ORM DAG for consume_1_or_both_2_and_3_with_dataset_expressions
[2024-11-23T23:58:09.439+0000] {logging_mixin.py:190} INFO - [2024-11-23T23:58:09.439+0000] {dag.py:3262} INFO - Creating ORM DAG for dataset_consumes_1_and_2
[2024-11-23T23:58:09.440+0000] {logging_mixin.py:190} INFO - [2024-11-23T23:58:09.440+0000] {dag.py:3262} INFO - Creating ORM DAG for consume_1_or_2_with_dataset_expressions
[2024-11-23T23:58:09.441+0000] {logging_mixin.py:190} INFO - [2024-11-23T23:58:09.441+0000] {dag.py:3262} INFO - Creating ORM DAG for dataset_consumes_1
[2024-11-23T23:58:09.443+0000] {logging_mixin.py:190} INFO - [2024-11-23T23:58:09.443+0000] {dag.py:3262} INFO - Creating ORM DAG for dataset_produces_2
[2024-11-23T23:58:09.446+0000] {logging_mixin.py:190} INFO - [2024-11-23T23:58:09.445+0000] {dag.py:3262} INFO - Creating ORM DAG for dataset_consumes_unknown_never_scheduled
[2024-11-23T23:58:09.447+0000] {logging_mixin.py:190} INFO - [2024-11-23T23:58:09.447+0000] {dag.py:3262} INFO - Creating ORM DAG for conditional_dataset_and_time_based_timetable
[2024-11-23T23:58:09.450+0000] {logging_mixin.py:190} INFO - [2024-11-23T23:58:09.449+0000] {dag.py:3262} INFO - Creating ORM DAG for consume_1_and_2_with_dataset_expressions
[2024-11-23T23:58:09.452+0000] {logging_mixin.py:190} INFO - [2024-11-23T23:58:09.452+0000] {dag.py:3262} INFO - Creating ORM DAG for dataset_produces_1
[2024-11-23T23:58:09.467+0000] {logging_mixin.py:190} INFO - [2024-11-23T23:58:09.466+0000] {dag.py:4180} INFO - Setting next_dagrun for conditional_dataset_and_time_based_timetable to 2024-11-20 01:00:00+00:00, run_after=2024-11-20 01:00:00+00:00
[2024-11-23T23:58:09.468+0000] {logging_mixin.py:190} INFO - [2024-11-23T23:58:09.468+0000] {dag.py:4180} INFO - Setting next_dagrun for consume_1_and_2_with_dataset_expressions to None, run_after=None
[2024-11-23T23:58:09.469+0000] {logging_mixin.py:190} INFO - [2024-11-23T23:58:09.469+0000] {dag.py:4180} INFO - Setting next_dagrun for consume_1_or_2_with_dataset_expressions to None, run_after=None
[2024-11-23T23:58:09.470+0000] {logging_mixin.py:190} INFO - [2024-11-23T23:58:09.470+0000] {dag.py:4180} INFO - Setting next_dagrun for consume_1_or_both_2_and_3_with_dataset_expressions to None, run_after=None
[2024-11-23T23:58:09.471+0000] {logging_mixin.py:190} INFO - [2024-11-23T23:58:09.470+0000] {dag.py:4180} INFO - Setting next_dagrun for dataset_consumes_1 to None, run_after=None
[2024-11-23T23:58:09.473+0000] {logging_mixin.py:190} INFO - [2024-11-23T23:58:09.473+0000] {dag.py:4180} INFO - Setting next_dagrun for dataset_consumes_1_and_2 to None, run_after=None
[2024-11-23T23:58:09.475+0000] {logging_mixin.py:190} INFO - [2024-11-23T23:58:09.475+0000] {dag.py:4180} INFO - Setting next_dagrun for dataset_consumes_1_never_scheduled to None, run_after=None
[2024-11-23T23:58:09.480+0000] {logging_mixin.py:190} INFO - [2024-11-23T23:58:09.480+0000] {dag.py:4180} INFO - Setting next_dagrun for dataset_consumes_unknown_never_scheduled to None, run_after=None
[2024-11-23T23:58:09.483+0000] {logging_mixin.py:190} INFO - [2024-11-23T23:58:09.482+0000] {dag.py:4180} INFO - Setting next_dagrun for dataset_produces_1 to 2024-11-22 00:00:00+00:00, run_after=2024-11-23 00:00:00+00:00
[2024-11-23T23:58:09.486+0000] {logging_mixin.py:190} INFO - [2024-11-23T23:58:09.486+0000] {dag.py:4180} INFO - Setting next_dagrun for dataset_produces_2 to None, run_after=None
[2024-11-23T23:58:09.562+0000] {processor.py:208} INFO - Processing /home/airflow/.local/lib/python3.12/site-packages/airflow/example_dags/example_datasets.py took 6.038 seconds
[2024-11-23T23:58:40.370+0000] {processor.py:186} INFO - Started process (PID=136) to work on /home/airflow/.local/lib/python3.12/site-packages/airflow/example_dags/example_datasets.py
[2024-11-23T23:58:40.374+0000] {processor.py:914} INFO - Processing file /home/airflow/.local/lib/python3.12/site-packages/airflow/example_dags/example_datasets.py for tasks to queue
[2024-11-23T23:58:40.393+0000] {logging_mixin.py:190} INFO - [2024-11-23T23:58:40.393+0000] {dagbag.py:588} INFO - Filling up the DagBag from /home/airflow/.local/lib/python3.12/site-packages/airflow/example_dags/example_datasets.py
[2024-11-23T23:58:41.716+0000] {processor.py:925} INFO - DAG(s) 'dataset_consumes_unknown_never_scheduled', 'dataset_consumes_1_never_scheduled', 'dataset_produces_2', 'consume_1_and_2_with_dataset_expressions', 'dataset_produces_1', 'consume_1_or_2_with_dataset_expressions', 'consume_1_or_both_2_and_3_with_dataset_expressions', 'dataset_consumes_1_and_2', 'conditional_dataset_and_time_based_timetable', 'dataset_consumes_1' retrieved from /home/airflow/.local/lib/python3.12/site-packages/airflow/example_dags/example_datasets.py
[2024-11-23T23:58:41.811+0000] {logging_mixin.py:190} INFO - [2024-11-23T23:58:41.810+0000] {dag.py:3239} INFO - Sync 10 DAGs
[2024-11-23T23:58:41.842+0000] {logging_mixin.py:190} INFO - [2024-11-23T23:58:41.841+0000] {dag.py:4180} INFO - Setting next_dagrun for conditional_dataset_and_time_based_timetable to 2024-11-20 01:00:00+00:00, run_after=2024-11-20 01:00:00+00:00
[2024-11-23T23:58:41.848+0000] {logging_mixin.py:190} INFO - [2024-11-23T23:58:41.847+0000] {dag.py:4180} INFO - Setting next_dagrun for consume_1_and_2_with_dataset_expressions to None, run_after=None
[2024-11-23T23:58:41.850+0000] {logging_mixin.py:190} INFO - [2024-11-23T23:58:41.849+0000] {dag.py:4180} INFO - Setting next_dagrun for consume_1_or_2_with_dataset_expressions to None, run_after=None
[2024-11-23T23:58:41.851+0000] {logging_mixin.py:190} INFO - [2024-11-23T23:58:41.851+0000] {dag.py:4180} INFO - Setting next_dagrun for consume_1_or_both_2_and_3_with_dataset_expressions to None, run_after=None
[2024-11-23T23:58:41.852+0000] {logging_mixin.py:190} INFO - [2024-11-23T23:58:41.852+0000] {dag.py:4180} INFO - Setting next_dagrun for dataset_consumes_1 to None, run_after=None
[2024-11-23T23:58:41.854+0000] {logging_mixin.py:190} INFO - [2024-11-23T23:58:41.854+0000] {dag.py:4180} INFO - Setting next_dagrun for dataset_consumes_1_and_2 to None, run_after=None
[2024-11-23T23:58:41.855+0000] {logging_mixin.py:190} INFO - [2024-11-23T23:58:41.855+0000] {dag.py:4180} INFO - Setting next_dagrun for dataset_consumes_1_never_scheduled to None, run_after=None
[2024-11-23T23:58:41.857+0000] {logging_mixin.py:190} INFO - [2024-11-23T23:58:41.857+0000] {dag.py:4180} INFO - Setting next_dagrun for dataset_consumes_unknown_never_scheduled to None, run_after=None
[2024-11-23T23:58:41.860+0000] {logging_mixin.py:190} INFO - [2024-11-23T23:58:41.860+0000] {dag.py:4180} INFO - Setting next_dagrun for dataset_produces_1 to 2024-11-22 00:00:00+00:00, run_after=2024-11-23 00:00:00+00:00
[2024-11-23T23:58:41.863+0000] {logging_mixin.py:190} INFO - [2024-11-23T23:58:41.863+0000] {dag.py:4180} INFO - Setting next_dagrun for dataset_produces_2 to None, run_after=None
[2024-11-23T23:58:41.909+0000] {processor.py:208} INFO - Processing /home/airflow/.local/lib/python3.12/site-packages/airflow/example_dags/example_datasets.py took 1.546 seconds
[2024-11-23T23:59:12.187+0000] {processor.py:186} INFO - Started process (PID=203) to work on /home/airflow/.local/lib/python3.12/site-packages/airflow/example_dags/example_datasets.py
[2024-11-23T23:59:12.193+0000] {processor.py:914} INFO - Processing file /home/airflow/.local/lib/python3.12/site-packages/airflow/example_dags/example_datasets.py for tasks to queue
[2024-11-23T23:59:12.195+0000] {logging_mixin.py:190} INFO - [2024-11-23T23:59:12.195+0000] {dagbag.py:588} INFO - Filling up the DagBag from /home/airflow/.local/lib/python3.12/site-packages/airflow/example_dags/example_datasets.py
[2024-11-23T23:59:13.167+0000] {processor.py:925} INFO - DAG(s) 'consume_1_and_2_with_dataset_expressions', 'consume_1_or_2_with_dataset_expressions', 'dataset_consumes_1_and_2', 'conditional_dataset_and_time_based_timetable', 'dataset_produces_1', 'dataset_consumes_1', 'dataset_produces_2', 'dataset_consumes_1_never_scheduled', 'consume_1_or_both_2_and_3_with_dataset_expressions', 'dataset_consumes_unknown_never_scheduled' retrieved from /home/airflow/.local/lib/python3.12/site-packages/airflow/example_dags/example_datasets.py
[2024-11-23T23:59:13.223+0000] {logging_mixin.py:190} INFO - [2024-11-23T23:59:13.221+0000] {dag.py:3239} INFO - Sync 10 DAGs
[2024-11-23T23:59:13.253+0000] {logging_mixin.py:190} INFO - [2024-11-23T23:59:13.253+0000] {dag.py:4180} INFO - Setting next_dagrun for conditional_dataset_and_time_based_timetable to 2024-11-20 01:00:00+00:00, run_after=2024-11-20 01:00:00+00:00
[2024-11-23T23:59:13.261+0000] {logging_mixin.py:190} INFO - [2024-11-23T23:59:13.260+0000] {dag.py:4180} INFO - Setting next_dagrun for consume_1_and_2_with_dataset_expressions to None, run_after=None
[2024-11-23T23:59:13.266+0000] {logging_mixin.py:190} INFO - [2024-11-23T23:59:13.266+0000] {dag.py:4180} INFO - Setting next_dagrun for consume_1_or_2_with_dataset_expressions to None, run_after=None
[2024-11-23T23:59:13.271+0000] {logging_mixin.py:190} INFO - [2024-11-23T23:59:13.271+0000] {dag.py:4180} INFO - Setting next_dagrun for consume_1_or_both_2_and_3_with_dataset_expressions to None, run_after=None
[2024-11-23T23:59:13.274+0000] {logging_mixin.py:190} INFO - [2024-11-23T23:59:13.274+0000] {dag.py:4180} INFO - Setting next_dagrun for dataset_consumes_1 to None, run_after=None
[2024-11-23T23:59:13.280+0000] {logging_mixin.py:190} INFO - [2024-11-23T23:59:13.280+0000] {dag.py:4180} INFO - Setting next_dagrun for dataset_consumes_1_and_2 to None, run_after=None
[2024-11-23T23:59:13.284+0000] {logging_mixin.py:190} INFO - [2024-11-23T23:59:13.284+0000] {dag.py:4180} INFO - Setting next_dagrun for dataset_consumes_1_never_scheduled to None, run_after=None
[2024-11-23T23:59:13.294+0000] {logging_mixin.py:190} INFO - [2024-11-23T23:59:13.293+0000] {dag.py:4180} INFO - Setting next_dagrun for dataset_consumes_unknown_never_scheduled to None, run_after=None
[2024-11-23T23:59:13.297+0000] {logging_mixin.py:190} INFO - [2024-11-23T23:59:13.297+0000] {dag.py:4180} INFO - Setting next_dagrun for dataset_produces_1 to 2024-11-22 00:00:00+00:00, run_after=2024-11-23 00:00:00+00:00
[2024-11-23T23:59:13.299+0000] {logging_mixin.py:190} INFO - [2024-11-23T23:59:13.299+0000] {dag.py:4180} INFO - Setting next_dagrun for dataset_produces_2 to None, run_after=None
[2024-11-23T23:59:13.351+0000] {processor.py:208} INFO - Processing /home/airflow/.local/lib/python3.12/site-packages/airflow/example_dags/example_datasets.py took 1.170 seconds
[2024-11-23T23:59:43.545+0000] {processor.py:186} INFO - Started process (PID=272) to work on /home/airflow/.local/lib/python3.12/site-packages/airflow/example_dags/example_datasets.py
[2024-11-23T23:59:43.547+0000] {processor.py:914} INFO - Processing file /home/airflow/.local/lib/python3.12/site-packages/airflow/example_dags/example_datasets.py for tasks to queue
[2024-11-23T23:59:43.551+0000] {logging_mixin.py:190} INFO - [2024-11-23T23:59:43.549+0000] {dagbag.py:588} INFO - Filling up the DagBag from /home/airflow/.local/lib/python3.12/site-packages/airflow/example_dags/example_datasets.py
[2024-11-23T23:59:44.479+0000] {processor.py:925} INFO - DAG(s) 'consume_1_or_2_with_dataset_expressions', 'conditional_dataset_and_time_based_timetable', 'dataset_produces_1', 'dataset_consumes_1', 'consume_1_and_2_with_dataset_expressions', 'consume_1_or_both_2_and_3_with_dataset_expressions', 'dataset_consumes_1_never_scheduled', 'dataset_consumes_unknown_never_scheduled', 'dataset_produces_2', 'dataset_consumes_1_and_2' retrieved from /home/airflow/.local/lib/python3.12/site-packages/airflow/example_dags/example_datasets.py
[2024-11-23T23:59:44.535+0000] {logging_mixin.py:190} INFO - [2024-11-23T23:59:44.535+0000] {dag.py:3239} INFO - Sync 10 DAGs
[2024-11-23T23:59:44.572+0000] {logging_mixin.py:190} INFO - [2024-11-23T23:59:44.572+0000] {dag.py:4180} INFO - Setting next_dagrun for conditional_dataset_and_time_based_timetable to 2024-11-20 01:00:00+00:00, run_after=2024-11-20 01:00:00+00:00
[2024-11-23T23:59:44.582+0000] {logging_mixin.py:190} INFO - [2024-11-23T23:59:44.581+0000] {dag.py:4180} INFO - Setting next_dagrun for consume_1_and_2_with_dataset_expressions to None, run_after=None
[2024-11-23T23:59:44.584+0000] {logging_mixin.py:190} INFO - [2024-11-23T23:59:44.584+0000] {dag.py:4180} INFO - Setting next_dagrun for consume_1_or_2_with_dataset_expressions to None, run_after=None
[2024-11-23T23:59:44.586+0000] {logging_mixin.py:190} INFO - [2024-11-23T23:59:44.586+0000] {dag.py:4180} INFO - Setting next_dagrun for consume_1_or_both_2_and_3_with_dataset_expressions to None, run_after=None
[2024-11-23T23:59:44.589+0000] {logging_mixin.py:190} INFO - [2024-11-23T23:59:44.588+0000] {dag.py:4180} INFO - Setting next_dagrun for dataset_consumes_1 to None, run_after=None
[2024-11-23T23:59:44.590+0000] {logging_mixin.py:190} INFO - [2024-11-23T23:59:44.590+0000] {dag.py:4180} INFO - Setting next_dagrun for dataset_consumes_1_and_2 to None, run_after=None
[2024-11-23T23:59:44.592+0000] {logging_mixin.py:190} INFO - [2024-11-23T23:59:44.592+0000] {dag.py:4180} INFO - Setting next_dagrun for dataset_consumes_1_never_scheduled to None, run_after=None
[2024-11-23T23:59:44.594+0000] {logging_mixin.py:190} INFO - [2024-11-23T23:59:44.594+0000] {dag.py:4180} INFO - Setting next_dagrun for dataset_consumes_unknown_never_scheduled to None, run_after=None
[2024-11-23T23:59:44.597+0000] {logging_mixin.py:190} INFO - [2024-11-23T23:59:44.597+0000] {dag.py:4180} INFO - Setting next_dagrun for dataset_produces_1 to 2024-11-22 00:00:00+00:00, run_after=2024-11-23 00:00:00+00:00
[2024-11-23T23:59:44.600+0000] {logging_mixin.py:190} INFO - [2024-11-23T23:59:44.599+0000] {dag.py:4180} INFO - Setting next_dagrun for dataset_produces_2 to None, run_after=None
[2024-11-23T23:59:44.675+0000] {processor.py:208} INFO - Processing /home/airflow/.local/lib/python3.12/site-packages/airflow/example_dags/example_datasets.py took 1.136 seconds
