[2024-11-23T23:58:19.475+0000] {processor.py:186} INFO - Started process (PID=99) to work on /home/airflow/.local/lib/python3.12/site-packages/airflow/example_dags/example_workday_timetable.py
[2024-11-23T23:58:19.476+0000] {processor.py:914} INFO - Processing file /home/airflow/.local/lib/python3.12/site-packages/airflow/example_dags/example_workday_timetable.py for tasks to queue
[2024-11-23T23:58:19.479+0000] {logging_mixin.py:190} INFO - [2024-11-23T23:58:19.478+0000] {dagbag.py:588} INFO - Filling up the DagBag from /home/airflow/.local/lib/python3.12/site-packages/airflow/example_dags/example_workday_timetable.py
[2024-11-23T23:58:19.497+0000] {processor.py:925} INFO - DAG(s) 'example_workday_timetable' retrieved from /home/airflow/.local/lib/python3.12/site-packages/airflow/example_dags/example_workday_timetable.py
[2024-11-23T23:58:19.740+0000] {logging_mixin.py:190} INFO - [2024-11-23T23:58:19.740+0000] {override.py:1911} INFO - Created Permission View: can delete on DAG:example_workday_timetable
[2024-11-23T23:58:19.779+0000] {logging_mixin.py:190} INFO - [2024-11-23T23:58:19.778+0000] {override.py:1911} INFO - Created Permission View: can edit on DAG:example_workday_timetable
[2024-11-23T23:58:19.795+0000] {logging_mixin.py:190} INFO - [2024-11-23T23:58:19.794+0000] {override.py:1911} INFO - Created Permission View: can read on DAG:example_workday_timetable
[2024-11-23T23:58:19.817+0000] {logging_mixin.py:190} INFO - [2024-11-23T23:58:19.817+0000] {override.py:1911} INFO - Created Permission View: can delete on DAG Run:example_workday_timetable
[2024-11-23T23:58:19.829+0000] {logging_mixin.py:190} INFO - [2024-11-23T23:58:19.828+0000] {override.py:1911} INFO - Created Permission View: can create on DAG Run:example_workday_timetable
[2024-11-23T23:58:19.840+0000] {logging_mixin.py:190} INFO - [2024-11-23T23:58:19.840+0000] {override.py:1911} INFO - Created Permission View: menu access on DAG Run:example_workday_timetable
[2024-11-23T23:58:19.862+0000] {logging_mixin.py:190} INFO - [2024-11-23T23:58:19.862+0000] {override.py:1911} INFO - Created Permission View: can read on DAG Run:example_workday_timetable
[2024-11-23T23:58:19.874+0000] {logging_mixin.py:190} INFO - [2024-11-23T23:58:19.874+0000] {dag.py:3239} INFO - Sync 1 DAGs
[2024-11-23T23:58:19.897+0000] {logging_mixin.py:190} INFO - [2024-11-23T23:58:19.897+0000] {dag.py:3262} INFO - Creating ORM DAG for example_workday_timetable
[2024-11-23T23:58:20.027+0000] {logging_mixin.py:190} INFO - [2024-11-23T23:58:20.027+0000] {dag.py:4180} INFO - Setting next_dagrun for example_workday_timetable to 2021-01-04 00:00:00+00:00, run_after=2021-01-05 00:00:00+00:00
[2024-11-23T23:58:20.067+0000] {processor.py:208} INFO - Processing /home/airflow/.local/lib/python3.12/site-packages/airflow/example_dags/example_workday_timetable.py took 0.601 seconds
[2024-11-23T23:58:50.290+0000] {processor.py:186} INFO - Started process (PID=162) to work on /home/airflow/.local/lib/python3.12/site-packages/airflow/example_dags/example_workday_timetable.py
[2024-11-23T23:58:50.293+0000] {processor.py:914} INFO - Processing file /home/airflow/.local/lib/python3.12/site-packages/airflow/example_dags/example_workday_timetable.py for tasks to queue
[2024-11-23T23:58:50.295+0000] {logging_mixin.py:190} INFO - [2024-11-23T23:58:50.295+0000] {dagbag.py:588} INFO - Filling up the DagBag from /home/airflow/.local/lib/python3.12/site-packages/airflow/example_dags/example_workday_timetable.py
[2024-11-23T23:58:50.309+0000] {processor.py:925} INFO - DAG(s) 'example_workday_timetable' retrieved from /home/airflow/.local/lib/python3.12/site-packages/airflow/example_dags/example_workday_timetable.py
[2024-11-23T23:58:50.357+0000] {logging_mixin.py:190} INFO - [2024-11-23T23:58:50.357+0000] {dag.py:3239} INFO - Sync 1 DAGs
[2024-11-23T23:58:50.488+0000] {logging_mixin.py:190} INFO - [2024-11-23T23:58:50.487+0000] {dag.py:4180} INFO - Setting next_dagrun for example_workday_timetable to 2021-01-04 00:00:00+00:00, run_after=2021-01-05 00:00:00+00:00
[2024-11-23T23:58:50.526+0000] {processor.py:208} INFO - Processing /home/airflow/.local/lib/python3.12/site-packages/airflow/example_dags/example_workday_timetable.py took 0.241 seconds
[2024-11-23T23:59:21.454+0000] {processor.py:186} INFO - Started process (PID=224) to work on /home/airflow/.local/lib/python3.12/site-packages/airflow/example_dags/example_workday_timetable.py
[2024-11-23T23:59:21.460+0000] {processor.py:914} INFO - Processing file /home/airflow/.local/lib/python3.12/site-packages/airflow/example_dags/example_workday_timetable.py for tasks to queue
[2024-11-23T23:59:21.463+0000] {logging_mixin.py:190} INFO - [2024-11-23T23:59:21.462+0000] {dagbag.py:588} INFO - Filling up the DagBag from /home/airflow/.local/lib/python3.12/site-packages/airflow/example_dags/example_workday_timetable.py
[2024-11-23T23:59:21.476+0000] {processor.py:925} INFO - DAG(s) 'example_workday_timetable' retrieved from /home/airflow/.local/lib/python3.12/site-packages/airflow/example_dags/example_workday_timetable.py
[2024-11-23T23:59:21.505+0000] {logging_mixin.py:190} INFO - [2024-11-23T23:59:21.505+0000] {dag.py:3239} INFO - Sync 1 DAGs
[2024-11-23T23:59:21.647+0000] {logging_mixin.py:190} INFO - [2024-11-23T23:59:21.647+0000] {dag.py:4180} INFO - Setting next_dagrun for example_workday_timetable to 2021-01-04 00:00:00+00:00, run_after=2021-01-05 00:00:00+00:00
[2024-11-23T23:59:21.679+0000] {processor.py:208} INFO - Processing /home/airflow/.local/lib/python3.12/site-packages/airflow/example_dags/example_workday_timetable.py took 0.234 seconds
[2024-11-23T23:59:51.861+0000] {processor.py:186} INFO - Started process (PID=288) to work on /home/airflow/.local/lib/python3.12/site-packages/airflow/example_dags/example_workday_timetable.py
[2024-11-23T23:59:51.863+0000] {processor.py:914} INFO - Processing file /home/airflow/.local/lib/python3.12/site-packages/airflow/example_dags/example_workday_timetable.py for tasks to queue
[2024-11-23T23:59:51.866+0000] {logging_mixin.py:190} INFO - [2024-11-23T23:59:51.866+0000] {dagbag.py:588} INFO - Filling up the DagBag from /home/airflow/.local/lib/python3.12/site-packages/airflow/example_dags/example_workday_timetable.py
[2024-11-23T23:59:51.878+0000] {processor.py:925} INFO - DAG(s) 'example_workday_timetable' retrieved from /home/airflow/.local/lib/python3.12/site-packages/airflow/example_dags/example_workday_timetable.py
[2024-11-23T23:59:51.902+0000] {logging_mixin.py:190} INFO - [2024-11-23T23:59:51.902+0000] {dag.py:3239} INFO - Sync 1 DAGs
[2024-11-23T23:59:52.016+0000] {logging_mixin.py:190} INFO - [2024-11-23T23:59:52.016+0000] {dag.py:4180} INFO - Setting next_dagrun for example_workday_timetable to 2021-01-04 00:00:00+00:00, run_after=2021-01-05 00:00:00+00:00
[2024-11-23T23:59:52.062+0000] {processor.py:208} INFO - Processing /home/airflow/.local/lib/python3.12/site-packages/airflow/example_dags/example_workday_timetable.py took 0.207 seconds
