[2024-11-23T23:58:14.426+0000] {processor.py:186} INFO - Started process (PID=88) to work on /home/airflow/.local/lib/python3.12/site-packages/airflow/example_dags/example_short_circuit_decorator.py
[2024-11-23T23:58:14.427+0000] {processor.py:914} INFO - Processing file /home/airflow/.local/lib/python3.12/site-packages/airflow/example_dags/example_short_circuit_decorator.py for tasks to queue
[2024-11-23T23:58:14.430+0000] {logging_mixin.py:190} INFO - [2024-11-23T23:58:14.430+0000] {dagbag.py:588} INFO - Filling up the DagBag from /home/airflow/.local/lib/python3.12/site-packages/airflow/example_dags/example_short_circuit_decorator.py
[2024-11-23T23:58:14.460+0000] {processor.py:925} INFO - DAG(s) 'example_short_circuit_decorator' retrieved from /home/airflow/.local/lib/python3.12/site-packages/airflow/example_dags/example_short_circuit_decorator.py
[2024-11-23T23:58:14.810+0000] {logging_mixin.py:190} INFO - [2024-11-23T23:58:14.807+0000] {override.py:1911} INFO - Created Permission View: can delete on DAG:example_short_circuit_decorator
[2024-11-23T23:58:14.901+0000] {logging_mixin.py:190} INFO - [2024-11-23T23:58:14.901+0000] {override.py:1911} INFO - Created Permission View: can edit on DAG:example_short_circuit_decorator
[2024-11-23T23:58:14.999+0000] {logging_mixin.py:190} INFO - [2024-11-23T23:58:14.999+0000] {override.py:1911} INFO - Created Permission View: can read on DAG:example_short_circuit_decorator
[2024-11-23T23:58:15.048+0000] {logging_mixin.py:190} INFO - [2024-11-23T23:58:15.047+0000] {override.py:1911} INFO - Created Permission View: can delete on DAG Run:example_short_circuit_decorator
[2024-11-23T23:58:15.079+0000] {logging_mixin.py:190} INFO - [2024-11-23T23:58:15.078+0000] {override.py:1911} INFO - Created Permission View: can create on DAG Run:example_short_circuit_decorator
[2024-11-23T23:58:15.103+0000] {logging_mixin.py:190} INFO - [2024-11-23T23:58:15.102+0000] {override.py:1911} INFO - Created Permission View: menu access on DAG Run:example_short_circuit_decorator
[2024-11-23T23:58:15.127+0000] {logging_mixin.py:190} INFO - [2024-11-23T23:58:15.126+0000] {override.py:1911} INFO - Created Permission View: can read on DAG Run:example_short_circuit_decorator
[2024-11-23T23:58:15.135+0000] {logging_mixin.py:190} INFO - [2024-11-23T23:58:15.135+0000] {dag.py:3239} INFO - Sync 1 DAGs
[2024-11-23T23:58:15.175+0000] {logging_mixin.py:190} INFO - [2024-11-23T23:58:15.175+0000] {dag.py:3262} INFO - Creating ORM DAG for example_short_circuit_decorator
[2024-11-23T23:58:15.182+0000] {logging_mixin.py:190} INFO - [2024-11-23T23:58:15.181+0000] {dag.py:4180} INFO - Setting next_dagrun for example_short_circuit_decorator to None, run_after=None
[2024-11-23T23:58:15.236+0000] {processor.py:208} INFO - Processing /home/airflow/.local/lib/python3.12/site-packages/airflow/example_dags/example_short_circuit_decorator.py took 0.817 seconds
[2024-11-23T23:58:45.441+0000] {processor.py:186} INFO - Started process (PID=151) to work on /home/airflow/.local/lib/python3.12/site-packages/airflow/example_dags/example_short_circuit_decorator.py
[2024-11-23T23:58:45.446+0000] {processor.py:914} INFO - Processing file /home/airflow/.local/lib/python3.12/site-packages/airflow/example_dags/example_short_circuit_decorator.py for tasks to queue
[2024-11-23T23:58:45.449+0000] {logging_mixin.py:190} INFO - [2024-11-23T23:58:45.449+0000] {dagbag.py:588} INFO - Filling up the DagBag from /home/airflow/.local/lib/python3.12/site-packages/airflow/example_dags/example_short_circuit_decorator.py
[2024-11-23T23:58:45.458+0000] {processor.py:925} INFO - DAG(s) 'example_short_circuit_decorator' retrieved from /home/airflow/.local/lib/python3.12/site-packages/airflow/example_dags/example_short_circuit_decorator.py
[2024-11-23T23:58:45.497+0000] {logging_mixin.py:190} INFO - [2024-11-23T23:58:45.497+0000] {dag.py:3239} INFO - Sync 1 DAGs
[2024-11-23T23:58:45.511+0000] {logging_mixin.py:190} INFO - [2024-11-23T23:58:45.511+0000] {dag.py:4180} INFO - Setting next_dagrun for example_short_circuit_decorator to None, run_after=None
[2024-11-23T23:58:45.553+0000] {processor.py:208} INFO - Processing /home/airflow/.local/lib/python3.12/site-packages/airflow/example_dags/example_short_circuit_decorator.py took 0.118 seconds
[2024-11-23T23:59:16.502+0000] {processor.py:186} INFO - Started process (PID=213) to work on /home/airflow/.local/lib/python3.12/site-packages/airflow/example_dags/example_short_circuit_decorator.py
[2024-11-23T23:59:16.506+0000] {processor.py:914} INFO - Processing file /home/airflow/.local/lib/python3.12/site-packages/airflow/example_dags/example_short_circuit_decorator.py for tasks to queue
[2024-11-23T23:59:16.510+0000] {logging_mixin.py:190} INFO - [2024-11-23T23:59:16.510+0000] {dagbag.py:588} INFO - Filling up the DagBag from /home/airflow/.local/lib/python3.12/site-packages/airflow/example_dags/example_short_circuit_decorator.py
[2024-11-23T23:59:16.523+0000] {processor.py:925} INFO - DAG(s) 'example_short_circuit_decorator' retrieved from /home/airflow/.local/lib/python3.12/site-packages/airflow/example_dags/example_short_circuit_decorator.py
[2024-11-23T23:59:16.563+0000] {logging_mixin.py:190} INFO - [2024-11-23T23:59:16.562+0000] {dag.py:3239} INFO - Sync 1 DAGs
[2024-11-23T23:59:16.581+0000] {logging_mixin.py:190} INFO - [2024-11-23T23:59:16.580+0000] {dag.py:4180} INFO - Setting next_dagrun for example_short_circuit_decorator to None, run_after=None
[2024-11-23T23:59:16.631+0000] {processor.py:208} INFO - Processing /home/airflow/.local/lib/python3.12/site-packages/airflow/example_dags/example_short_circuit_decorator.py took 0.136 seconds
[2024-11-23T23:59:46.908+0000] {processor.py:186} INFO - Started process (PID=277) to work on /home/airflow/.local/lib/python3.12/site-packages/airflow/example_dags/example_short_circuit_decorator.py
[2024-11-23T23:59:46.909+0000] {processor.py:914} INFO - Processing file /home/airflow/.local/lib/python3.12/site-packages/airflow/example_dags/example_short_circuit_decorator.py for tasks to queue
[2024-11-23T23:59:46.911+0000] {logging_mixin.py:190} INFO - [2024-11-23T23:59:46.911+0000] {dagbag.py:588} INFO - Filling up the DagBag from /home/airflow/.local/lib/python3.12/site-packages/airflow/example_dags/example_short_circuit_decorator.py
[2024-11-23T23:59:46.930+0000] {processor.py:925} INFO - DAG(s) 'example_short_circuit_decorator' retrieved from /home/airflow/.local/lib/python3.12/site-packages/airflow/example_dags/example_short_circuit_decorator.py
[2024-11-23T23:59:46.978+0000] {logging_mixin.py:190} INFO - [2024-11-23T23:59:46.978+0000] {dag.py:3239} INFO - Sync 1 DAGs
[2024-11-23T23:59:47.003+0000] {logging_mixin.py:190} INFO - [2024-11-23T23:59:47.002+0000] {dag.py:4180} INFO - Setting next_dagrun for example_short_circuit_decorator to None, run_after=None
[2024-11-23T23:59:47.062+0000] {processor.py:208} INFO - Processing /home/airflow/.local/lib/python3.12/site-packages/airflow/example_dags/example_short_circuit_decorator.py took 0.159 seconds
