[2024-11-23T23:58:25.663+0000] {processor.py:186} INFO - Started process (PID=117) to work on /home/airflow/.local/lib/python3.12/site-packages/airflow/example_dags/example_latest_only.py
[2024-11-23T23:58:25.665+0000] {processor.py:914} INFO - Processing file /home/airflow/.local/lib/python3.12/site-packages/airflow/example_dags/example_latest_only.py for tasks to queue
[2024-11-23T23:58:25.667+0000] {logging_mixin.py:190} INFO - [2024-11-23T23:58:25.667+0000] {dagbag.py:588} INFO - Filling up the DagBag from /home/airflow/.local/lib/python3.12/site-packages/airflow/example_dags/example_latest_only.py
[2024-11-23T23:58:25.686+0000] {processor.py:925} INFO - DAG(s) 'latest_only' retrieved from /home/airflow/.local/lib/python3.12/site-packages/airflow/example_dags/example_latest_only.py
[2024-11-23T23:58:25.848+0000] {logging_mixin.py:190} INFO - [2024-11-23T23:58:25.847+0000] {override.py:1911} INFO - Created Permission View: can delete on DAG:latest_only
[2024-11-23T23:58:25.872+0000] {logging_mixin.py:190} INFO - [2024-11-23T23:58:25.872+0000] {override.py:1911} INFO - Created Permission View: can edit on DAG:latest_only
[2024-11-23T23:58:25.909+0000] {logging_mixin.py:190} INFO - [2024-11-23T23:58:25.909+0000] {override.py:1911} INFO - Created Permission View: can read on DAG:latest_only
[2024-11-23T23:58:25.928+0000] {logging_mixin.py:190} INFO - [2024-11-23T23:58:25.928+0000] {override.py:1911} INFO - Created Permission View: can delete on DAG Run:latest_only
[2024-11-23T23:58:25.957+0000] {logging_mixin.py:190} INFO - [2024-11-23T23:58:25.957+0000] {override.py:1911} INFO - Created Permission View: can create on DAG Run:latest_only
[2024-11-23T23:58:25.968+0000] {logging_mixin.py:190} INFO - [2024-11-23T23:58:25.968+0000] {override.py:1911} INFO - Created Permission View: menu access on DAG Run:latest_only
[2024-11-23T23:58:25.988+0000] {logging_mixin.py:190} INFO - [2024-11-23T23:58:25.988+0000] {override.py:1911} INFO - Created Permission View: can read on DAG Run:latest_only
[2024-11-23T23:58:25.989+0000] {logging_mixin.py:190} INFO - [2024-11-23T23:58:25.989+0000] {dag.py:3239} INFO - Sync 1 DAGs
[2024-11-23T23:58:26.008+0000] {logging_mixin.py:190} INFO - [2024-11-23T23:58:26.007+0000] {dag.py:3262} INFO - Creating ORM DAG for latest_only
[2024-11-23T23:58:26.025+0000] {logging_mixin.py:190} INFO - [2024-11-23T23:58:26.025+0000] {dag.py:4180} INFO - Setting next_dagrun for latest_only to 2024-11-23 16:00:00+00:00, run_after=2024-11-23 20:00:00+00:00
[2024-11-23T23:58:26.062+0000] {processor.py:208} INFO - Processing /home/airflow/.local/lib/python3.12/site-packages/airflow/example_dags/example_latest_only.py took 0.406 seconds
[2024-11-23T23:58:56.653+0000] {processor.py:186} INFO - Started process (PID=180) to work on /home/airflow/.local/lib/python3.12/site-packages/airflow/example_dags/example_latest_only.py
[2024-11-23T23:58:56.653+0000] {processor.py:914} INFO - Processing file /home/airflow/.local/lib/python3.12/site-packages/airflow/example_dags/example_latest_only.py for tasks to queue
[2024-11-23T23:58:56.655+0000] {logging_mixin.py:190} INFO - [2024-11-23T23:58:56.655+0000] {dagbag.py:588} INFO - Filling up the DagBag from /home/airflow/.local/lib/python3.12/site-packages/airflow/example_dags/example_latest_only.py
[2024-11-23T23:58:56.664+0000] {processor.py:925} INFO - DAG(s) 'latest_only' retrieved from /home/airflow/.local/lib/python3.12/site-packages/airflow/example_dags/example_latest_only.py
[2024-11-23T23:58:56.686+0000] {logging_mixin.py:190} INFO - [2024-11-23T23:58:56.686+0000] {dag.py:3239} INFO - Sync 1 DAGs
[2024-11-23T23:58:56.711+0000] {logging_mixin.py:190} INFO - [2024-11-23T23:58:56.711+0000] {dag.py:4180} INFO - Setting next_dagrun for latest_only to 2024-11-23 16:00:00+00:00, run_after=2024-11-23 20:00:00+00:00
[2024-11-23T23:58:56.733+0000] {processor.py:208} INFO - Processing /home/airflow/.local/lib/python3.12/site-packages/airflow/example_dags/example_latest_only.py took 0.088 seconds
[2024-11-23T23:59:27.208+0000] {processor.py:186} INFO - Started process (PID=242) to work on /home/airflow/.local/lib/python3.12/site-packages/airflow/example_dags/example_latest_only.py
[2024-11-23T23:59:27.210+0000] {processor.py:914} INFO - Processing file /home/airflow/.local/lib/python3.12/site-packages/airflow/example_dags/example_latest_only.py for tasks to queue
[2024-11-23T23:59:27.221+0000] {logging_mixin.py:190} INFO - [2024-11-23T23:59:27.220+0000] {dagbag.py:588} INFO - Filling up the DagBag from /home/airflow/.local/lib/python3.12/site-packages/airflow/example_dags/example_latest_only.py
[2024-11-23T23:59:27.228+0000] {processor.py:925} INFO - DAG(s) 'latest_only' retrieved from /home/airflow/.local/lib/python3.12/site-packages/airflow/example_dags/example_latest_only.py
[2024-11-23T23:59:27.257+0000] {logging_mixin.py:190} INFO - [2024-11-23T23:59:27.257+0000] {dag.py:3239} INFO - Sync 1 DAGs
[2024-11-23T23:59:27.301+0000] {logging_mixin.py:190} INFO - [2024-11-23T23:59:27.300+0000] {dag.py:4180} INFO - Setting next_dagrun for latest_only to 2024-11-23 16:00:00+00:00, run_after=2024-11-23 20:00:00+00:00
[2024-11-23T23:59:27.347+0000] {processor.py:208} INFO - Processing /home/airflow/.local/lib/python3.12/site-packages/airflow/example_dags/example_latest_only.py took 0.145 seconds
[2024-11-23T23:59:58.225+0000] {processor.py:186} INFO - Started process (PID=306) to work on /home/airflow/.local/lib/python3.12/site-packages/airflow/example_dags/example_latest_only.py
[2024-11-23T23:59:58.227+0000] {processor.py:914} INFO - Processing file /home/airflow/.local/lib/python3.12/site-packages/airflow/example_dags/example_latest_only.py for tasks to queue
[2024-11-23T23:59:58.229+0000] {logging_mixin.py:190} INFO - [2024-11-23T23:59:58.229+0000] {dagbag.py:588} INFO - Filling up the DagBag from /home/airflow/.local/lib/python3.12/site-packages/airflow/example_dags/example_latest_only.py
[2024-11-23T23:59:58.238+0000] {processor.py:925} INFO - DAG(s) 'latest_only' retrieved from /home/airflow/.local/lib/python3.12/site-packages/airflow/example_dags/example_latest_only.py
[2024-11-23T23:59:58.261+0000] {logging_mixin.py:190} INFO - [2024-11-23T23:59:58.261+0000] {dag.py:3239} INFO - Sync 1 DAGs
[2024-11-23T23:59:58.289+0000] {logging_mixin.py:190} INFO - [2024-11-23T23:59:58.289+0000] {dag.py:4180} INFO - Setting next_dagrun for latest_only to 2024-11-23 16:00:00+00:00, run_after=2024-11-23 20:00:00+00:00
[2024-11-23T23:59:58.329+0000] {processor.py:208} INFO - Processing /home/airflow/.local/lib/python3.12/site-packages/airflow/example_dags/example_latest_only.py took 0.110 seconds
