[2024-11-23T23:58:16.662+0000] {processor.py:186} INFO - Started process (PID=92) to work on /home/airflow/.local/lib/python3.12/site-packages/airflow/example_dags/example_display_name.py
[2024-11-23T23:58:16.666+0000] {processor.py:914} INFO - Processing file /home/airflow/.local/lib/python3.12/site-packages/airflow/example_dags/example_display_name.py for tasks to queue
[2024-11-23T23:58:16.678+0000] {logging_mixin.py:190} INFO - [2024-11-23T23:58:16.678+0000] {dagbag.py:588} INFO - Filling up the DagBag from /home/airflow/.local/lib/python3.12/site-packages/airflow/example_dags/example_display_name.py
[2024-11-23T23:58:16.714+0000] {processor.py:925} INFO - DAG(s) 'example_display_name' retrieved from /home/airflow/.local/lib/python3.12/site-packages/airflow/example_dags/example_display_name.py
[2024-11-23T23:58:17.064+0000] {logging_mixin.py:190} INFO - [2024-11-23T23:58:17.063+0000] {override.py:1911} INFO - Created Permission View: can delete on DAG:example_display_name
[2024-11-23T23:58:17.167+0000] {logging_mixin.py:190} INFO - [2024-11-23T23:58:17.167+0000] {override.py:1911} INFO - Created Permission View: can edit on DAG:example_display_name
[2024-11-23T23:58:17.251+0000] {logging_mixin.py:190} INFO - [2024-11-23T23:58:17.251+0000] {override.py:1911} INFO - Created Permission View: can read on DAG:example_display_name
[2024-11-23T23:58:17.310+0000] {logging_mixin.py:190} INFO - [2024-11-23T23:58:17.309+0000] {override.py:1911} INFO - Created Permission View: can delete on DAG Run:example_display_name
[2024-11-23T23:58:17.373+0000] {logging_mixin.py:190} INFO - [2024-11-23T23:58:17.373+0000] {override.py:1911} INFO - Created Permission View: can create on DAG Run:example_display_name
[2024-11-23T23:58:17.480+0000] {logging_mixin.py:190} INFO - [2024-11-23T23:58:17.479+0000] {override.py:1911} INFO - Created Permission View: menu access on DAG Run:example_display_name
[2024-11-23T23:58:17.530+0000] {logging_mixin.py:190} INFO - [2024-11-23T23:58:17.528+0000] {override.py:1911} INFO - Created Permission View: can read on DAG Run:example_display_name
[2024-11-23T23:58:17.536+0000] {logging_mixin.py:190} INFO - [2024-11-23T23:58:17.536+0000] {dag.py:3239} INFO - Sync 1 DAGs
[2024-11-23T23:58:17.598+0000] {logging_mixin.py:190} INFO - [2024-11-23T23:58:17.597+0000] {dag.py:3262} INFO - Creating ORM DAG for example_display_name
[2024-11-23T23:58:17.599+0000] {logging_mixin.py:190} INFO - [2024-11-23T23:58:17.599+0000] {dag.py:4180} INFO - Setting next_dagrun for example_display_name to None, run_after=None
[2024-11-23T23:58:17.652+0000] {processor.py:208} INFO - Processing /home/airflow/.local/lib/python3.12/site-packages/airflow/example_dags/example_display_name.py took 1.000 seconds
[2024-11-23T23:58:47.811+0000] {processor.py:186} INFO - Started process (PID=155) to work on /home/airflow/.local/lib/python3.12/site-packages/airflow/example_dags/example_display_name.py
[2024-11-23T23:58:47.814+0000] {processor.py:914} INFO - Processing file /home/airflow/.local/lib/python3.12/site-packages/airflow/example_dags/example_display_name.py for tasks to queue
[2024-11-23T23:58:47.818+0000] {logging_mixin.py:190} INFO - [2024-11-23T23:58:47.818+0000] {dagbag.py:588} INFO - Filling up the DagBag from /home/airflow/.local/lib/python3.12/site-packages/airflow/example_dags/example_display_name.py
[2024-11-23T23:58:47.827+0000] {processor.py:925} INFO - DAG(s) 'example_display_name' retrieved from /home/airflow/.local/lib/python3.12/site-packages/airflow/example_dags/example_display_name.py
[2024-11-23T23:58:47.850+0000] {logging_mixin.py:190} INFO - [2024-11-23T23:58:47.850+0000] {dag.py:3239} INFO - Sync 1 DAGs
[2024-11-23T23:58:47.878+0000] {logging_mixin.py:190} INFO - [2024-11-23T23:58:47.877+0000] {dag.py:4180} INFO - Setting next_dagrun for example_display_name to None, run_after=None
[2024-11-23T23:58:47.930+0000] {processor.py:208} INFO - Processing /home/airflow/.local/lib/python3.12/site-packages/airflow/example_dags/example_display_name.py took 0.130 seconds
[2024-11-23T23:59:18.843+0000] {processor.py:186} INFO - Started process (PID=217) to work on /home/airflow/.local/lib/python3.12/site-packages/airflow/example_dags/example_display_name.py
[2024-11-23T23:59:18.845+0000] {processor.py:914} INFO - Processing file /home/airflow/.local/lib/python3.12/site-packages/airflow/example_dags/example_display_name.py for tasks to queue
[2024-11-23T23:59:18.847+0000] {logging_mixin.py:190} INFO - [2024-11-23T23:59:18.847+0000] {dagbag.py:588} INFO - Filling up the DagBag from /home/airflow/.local/lib/python3.12/site-packages/airflow/example_dags/example_display_name.py
[2024-11-23T23:59:18.861+0000] {processor.py:925} INFO - DAG(s) 'example_display_name' retrieved from /home/airflow/.local/lib/python3.12/site-packages/airflow/example_dags/example_display_name.py
[2024-11-23T23:59:18.900+0000] {logging_mixin.py:190} INFO - [2024-11-23T23:59:18.900+0000] {dag.py:3239} INFO - Sync 1 DAGs
[2024-11-23T23:59:18.921+0000] {logging_mixin.py:190} INFO - [2024-11-23T23:59:18.920+0000] {dag.py:4180} INFO - Setting next_dagrun for example_display_name to None, run_after=None
[2024-11-23T23:59:18.950+0000] {processor.py:208} INFO - Processing /home/airflow/.local/lib/python3.12/site-packages/airflow/example_dags/example_display_name.py took 0.113 seconds
[2024-11-23T23:59:49.247+0000] {processor.py:186} INFO - Started process (PID=281) to work on /home/airflow/.local/lib/python3.12/site-packages/airflow/example_dags/example_display_name.py
[2024-11-23T23:59:49.248+0000] {processor.py:914} INFO - Processing file /home/airflow/.local/lib/python3.12/site-packages/airflow/example_dags/example_display_name.py for tasks to queue
[2024-11-23T23:59:49.251+0000] {logging_mixin.py:190} INFO - [2024-11-23T23:59:49.251+0000] {dagbag.py:588} INFO - Filling up the DagBag from /home/airflow/.local/lib/python3.12/site-packages/airflow/example_dags/example_display_name.py
[2024-11-23T23:59:49.263+0000] {processor.py:925} INFO - DAG(s) 'example_display_name' retrieved from /home/airflow/.local/lib/python3.12/site-packages/airflow/example_dags/example_display_name.py
[2024-11-23T23:59:49.289+0000] {logging_mixin.py:190} INFO - [2024-11-23T23:59:49.288+0000] {dag.py:3239} INFO - Sync 1 DAGs
[2024-11-23T23:59:49.320+0000] {logging_mixin.py:190} INFO - [2024-11-23T23:59:49.320+0000] {dag.py:4180} INFO - Setting next_dagrun for example_display_name to None, run_after=None
[2024-11-23T23:59:49.362+0000] {processor.py:208} INFO - Processing /home/airflow/.local/lib/python3.12/site-packages/airflow/example_dags/example_display_name.py took 0.121 seconds
