[2024-11-23T23:58:10.034+0000] {processor.py:186} INFO - Started process (PID=77) to work on /home/airflow/.local/lib/python3.12/site-packages/airflow/example_dags/example_branch_operator.py
[2024-11-23T23:58:10.038+0000] {processor.py:914} INFO - Processing file /home/airflow/.local/lib/python3.12/site-packages/airflow/example_dags/example_branch_operator.py for tasks to queue
[2024-11-23T23:58:10.042+0000] {logging_mixin.py:190} INFO - [2024-11-23T23:58:10.041+0000] {dagbag.py:588} INFO - Filling up the DagBag from /home/airflow/.local/lib/python3.12/site-packages/airflow/example_dags/example_branch_operator.py
[2024-11-23T23:58:10.078+0000] {processor.py:925} INFO - DAG(s) 'example_branch_operator' retrieved from /home/airflow/.local/lib/python3.12/site-packages/airflow/example_dags/example_branch_operator.py
[2024-11-23T23:58:10.322+0000] {logging_mixin.py:190} INFO - [2024-11-23T23:58:10.321+0000] {override.py:1911} INFO - Created Permission View: can delete on DAG:example_branch_operator
[2024-11-23T23:58:10.360+0000] {logging_mixin.py:190} INFO - [2024-11-23T23:58:10.360+0000] {override.py:1911} INFO - Created Permission View: can edit on DAG:example_branch_operator
[2024-11-23T23:58:10.376+0000] {logging_mixin.py:190} INFO - [2024-11-23T23:58:10.376+0000] {override.py:1911} INFO - Created Permission View: can read on DAG:example_branch_operator
[2024-11-23T23:58:10.424+0000] {logging_mixin.py:190} INFO - [2024-11-23T23:58:10.423+0000] {override.py:1911} INFO - Created Permission View: can delete on DAG Run:example_branch_operator
[2024-11-23T23:58:10.446+0000] {logging_mixin.py:190} INFO - [2024-11-23T23:58:10.445+0000] {override.py:1911} INFO - Created Permission View: can create on DAG Run:example_branch_operator
[2024-11-23T23:58:10.458+0000] {logging_mixin.py:190} INFO - [2024-11-23T23:58:10.458+0000] {override.py:1911} INFO - Created Permission View: menu access on DAG Run:example_branch_operator
[2024-11-23T23:58:10.489+0000] {logging_mixin.py:190} INFO - [2024-11-23T23:58:10.489+0000] {override.py:1911} INFO - Created Permission View: can read on DAG Run:example_branch_operator
[2024-11-23T23:58:10.504+0000] {logging_mixin.py:190} INFO - [2024-11-23T23:58:10.492+0000] {dag.py:3239} INFO - Sync 1 DAGs
[2024-11-23T23:58:10.561+0000] {logging_mixin.py:190} INFO - [2024-11-23T23:58:10.561+0000] {dag.py:3262} INFO - Creating ORM DAG for example_branch_operator
[2024-11-23T23:58:10.581+0000] {logging_mixin.py:190} INFO - [2024-11-23T23:58:10.581+0000] {dag.py:4180} INFO - Setting next_dagrun for example_branch_operator to 2024-11-22 00:00:00+00:00, run_after=2024-11-23 00:00:00+00:00
[2024-11-23T23:58:10.651+0000] {processor.py:208} INFO - Processing /home/airflow/.local/lib/python3.12/site-packages/airflow/example_dags/example_branch_operator.py took 0.622 seconds
[2024-11-23T23:58:41.365+0000] {processor.py:186} INFO - Started process (PID=140) to work on /home/airflow/.local/lib/python3.12/site-packages/airflow/example_dags/example_branch_operator.py
[2024-11-23T23:58:41.366+0000] {processor.py:914} INFO - Processing file /home/airflow/.local/lib/python3.12/site-packages/airflow/example_dags/example_branch_operator.py for tasks to queue
[2024-11-23T23:58:41.373+0000] {logging_mixin.py:190} INFO - [2024-11-23T23:58:41.373+0000] {dagbag.py:588} INFO - Filling up the DagBag from /home/airflow/.local/lib/python3.12/site-packages/airflow/example_dags/example_branch_operator.py
[2024-11-23T23:58:41.402+0000] {processor.py:925} INFO - DAG(s) 'example_branch_operator' retrieved from /home/airflow/.local/lib/python3.12/site-packages/airflow/example_dags/example_branch_operator.py
[2024-11-23T23:58:41.461+0000] {logging_mixin.py:190} INFO - [2024-11-23T23:58:41.460+0000] {dag.py:3239} INFO - Sync 1 DAGs
[2024-11-23T23:58:41.490+0000] {logging_mixin.py:190} INFO - [2024-11-23T23:58:41.490+0000] {dag.py:4180} INFO - Setting next_dagrun for example_branch_operator to 2024-11-22 00:00:00+00:00, run_after=2024-11-23 00:00:00+00:00
[2024-11-23T23:58:41.530+0000] {processor.py:208} INFO - Processing /home/airflow/.local/lib/python3.12/site-packages/airflow/example_dags/example_branch_operator.py took 0.171 seconds
[2024-11-23T23:59:11.925+0000] {processor.py:186} INFO - Started process (PID=202) to work on /home/airflow/.local/lib/python3.12/site-packages/airflow/example_dags/example_branch_operator.py
[2024-11-23T23:59:11.927+0000] {processor.py:914} INFO - Processing file /home/airflow/.local/lib/python3.12/site-packages/airflow/example_dags/example_branch_operator.py for tasks to queue
[2024-11-23T23:59:11.932+0000] {logging_mixin.py:190} INFO - [2024-11-23T23:59:11.930+0000] {dagbag.py:588} INFO - Filling up the DagBag from /home/airflow/.local/lib/python3.12/site-packages/airflow/example_dags/example_branch_operator.py
[2024-11-23T23:59:11.959+0000] {processor.py:925} INFO - DAG(s) 'example_branch_operator' retrieved from /home/airflow/.local/lib/python3.12/site-packages/airflow/example_dags/example_branch_operator.py
[2024-11-23T23:59:12.001+0000] {logging_mixin.py:190} INFO - [2024-11-23T23:59:12.000+0000] {dag.py:3239} INFO - Sync 1 DAGs
[2024-11-23T23:59:12.047+0000] {logging_mixin.py:190} INFO - [2024-11-23T23:59:12.046+0000] {dag.py:4180} INFO - Setting next_dagrun for example_branch_operator to 2024-11-22 00:00:00+00:00, run_after=2024-11-23 00:00:00+00:00
[2024-11-23T23:59:12.091+0000] {processor.py:208} INFO - Processing /home/airflow/.local/lib/python3.12/site-packages/airflow/example_dags/example_branch_operator.py took 0.172 seconds
[2024-11-23T23:59:42.273+0000] {processor.py:186} INFO - Started process (PID=263) to work on /home/airflow/.local/lib/python3.12/site-packages/airflow/example_dags/example_branch_operator.py
[2024-11-23T23:59:42.274+0000] {processor.py:914} INFO - Processing file /home/airflow/.local/lib/python3.12/site-packages/airflow/example_dags/example_branch_operator.py for tasks to queue
[2024-11-23T23:59:42.276+0000] {logging_mixin.py:190} INFO - [2024-11-23T23:59:42.276+0000] {dagbag.py:588} INFO - Filling up the DagBag from /home/airflow/.local/lib/python3.12/site-packages/airflow/example_dags/example_branch_operator.py
[2024-11-23T23:59:42.301+0000] {processor.py:925} INFO - DAG(s) 'example_branch_operator' retrieved from /home/airflow/.local/lib/python3.12/site-packages/airflow/example_dags/example_branch_operator.py
[2024-11-23T23:59:42.344+0000] {logging_mixin.py:190} INFO - [2024-11-23T23:59:42.343+0000] {dag.py:3239} INFO - Sync 1 DAGs
[2024-11-23T23:59:42.376+0000] {logging_mixin.py:190} INFO - [2024-11-23T23:59:42.376+0000] {dag.py:4180} INFO - Setting next_dagrun for example_branch_operator to 2024-11-22 00:00:00+00:00, run_after=2024-11-23 00:00:00+00:00
[2024-11-23T23:59:42.440+0000] {processor.py:208} INFO - Processing /home/airflow/.local/lib/python3.12/site-packages/airflow/example_dags/example_branch_operator.py took 0.181 seconds
