[2024-11-23T23:58:19.785+0000] {processor.py:186} INFO - Started process (PID=100) to work on /home/airflow/.local/lib/python3.12/site-packages/airflow/example_dags/example_sensor_decorator.py
[2024-11-23T23:58:19.790+0000] {processor.py:914} INFO - Processing file /home/airflow/.local/lib/python3.12/site-packages/airflow/example_dags/example_sensor_decorator.py for tasks to queue
[2024-11-23T23:58:19.800+0000] {logging_mixin.py:190} INFO - [2024-11-23T23:58:19.800+0000] {dagbag.py:588} INFO - Filling up the DagBag from /home/airflow/.local/lib/python3.12/site-packages/airflow/example_dags/example_sensor_decorator.py
[2024-11-23T23:58:19.842+0000] {processor.py:925} INFO - DAG(s) 'example_sensor_decorator' retrieved from /home/airflow/.local/lib/python3.12/site-packages/airflow/example_dags/example_sensor_decorator.py
[2024-11-23T23:58:20.127+0000] {logging_mixin.py:190} INFO - [2024-11-23T23:58:20.124+0000] {override.py:1911} INFO - Created Permission View: can delete on DAG:example_sensor_decorator
[2024-11-23T23:58:20.156+0000] {logging_mixin.py:190} INFO - [2024-11-23T23:58:20.156+0000] {override.py:1911} INFO - Created Permission View: can edit on DAG:example_sensor_decorator
[2024-11-23T23:58:20.182+0000] {logging_mixin.py:190} INFO - [2024-11-23T23:58:20.181+0000] {override.py:1911} INFO - Created Permission View: can read on DAG:example_sensor_decorator
[2024-11-23T23:58:20.202+0000] {logging_mixin.py:190} INFO - [2024-11-23T23:58:20.201+0000] {override.py:1911} INFO - Created Permission View: can delete on DAG Run:example_sensor_decorator
[2024-11-23T23:58:20.216+0000] {logging_mixin.py:190} INFO - [2024-11-23T23:58:20.215+0000] {override.py:1911} INFO - Created Permission View: can create on DAG Run:example_sensor_decorator
[2024-11-23T23:58:20.236+0000] {logging_mixin.py:190} INFO - [2024-11-23T23:58:20.236+0000] {override.py:1911} INFO - Created Permission View: menu access on DAG Run:example_sensor_decorator
[2024-11-23T23:58:20.248+0000] {logging_mixin.py:190} INFO - [2024-11-23T23:58:20.247+0000] {override.py:1911} INFO - Created Permission View: can read on DAG Run:example_sensor_decorator
[2024-11-23T23:58:20.250+0000] {logging_mixin.py:190} INFO - [2024-11-23T23:58:20.250+0000] {dag.py:3239} INFO - Sync 1 DAGs
[2024-11-23T23:58:20.289+0000] {logging_mixin.py:190} INFO - [2024-11-23T23:58:20.288+0000] {dag.py:3262} INFO - Creating ORM DAG for example_sensor_decorator
[2024-11-23T23:58:20.290+0000] {logging_mixin.py:190} INFO - [2024-11-23T23:58:20.290+0000] {dag.py:4180} INFO - Setting next_dagrun for example_sensor_decorator to None, run_after=None
[2024-11-23T23:58:20.329+0000] {processor.py:208} INFO - Processing /home/airflow/.local/lib/python3.12/site-packages/airflow/example_dags/example_sensor_decorator.py took 0.554 seconds
[2024-11-23T23:58:50.609+0000] {processor.py:186} INFO - Started process (PID=163) to work on /home/airflow/.local/lib/python3.12/site-packages/airflow/example_dags/example_sensor_decorator.py
[2024-11-23T23:58:50.610+0000] {processor.py:914} INFO - Processing file /home/airflow/.local/lib/python3.12/site-packages/airflow/example_dags/example_sensor_decorator.py for tasks to queue
[2024-11-23T23:58:50.614+0000] {logging_mixin.py:190} INFO - [2024-11-23T23:58:50.613+0000] {dagbag.py:588} INFO - Filling up the DagBag from /home/airflow/.local/lib/python3.12/site-packages/airflow/example_dags/example_sensor_decorator.py
[2024-11-23T23:58:50.626+0000] {processor.py:925} INFO - DAG(s) 'example_sensor_decorator' retrieved from /home/airflow/.local/lib/python3.12/site-packages/airflow/example_dags/example_sensor_decorator.py
[2024-11-23T23:58:50.654+0000] {logging_mixin.py:190} INFO - [2024-11-23T23:58:50.654+0000] {dag.py:3239} INFO - Sync 1 DAGs
[2024-11-23T23:58:50.676+0000] {logging_mixin.py:190} INFO - [2024-11-23T23:58:50.675+0000] {dag.py:4180} INFO - Setting next_dagrun for example_sensor_decorator to None, run_after=None
[2024-11-23T23:58:50.735+0000] {processor.py:208} INFO - Processing /home/airflow/.local/lib/python3.12/site-packages/airflow/example_dags/example_sensor_decorator.py took 0.139 seconds
[2024-11-23T23:59:21.451+0000] {processor.py:186} INFO - Started process (PID=225) to work on /home/airflow/.local/lib/python3.12/site-packages/airflow/example_dags/example_sensor_decorator.py
[2024-11-23T23:59:21.452+0000] {processor.py:914} INFO - Processing file /home/airflow/.local/lib/python3.12/site-packages/airflow/example_dags/example_sensor_decorator.py for tasks to queue
[2024-11-23T23:59:21.455+0000] {logging_mixin.py:190} INFO - [2024-11-23T23:59:21.454+0000] {dagbag.py:588} INFO - Filling up the DagBag from /home/airflow/.local/lib/python3.12/site-packages/airflow/example_dags/example_sensor_decorator.py
[2024-11-23T23:59:21.471+0000] {processor.py:925} INFO - DAG(s) 'example_sensor_decorator' retrieved from /home/airflow/.local/lib/python3.12/site-packages/airflow/example_dags/example_sensor_decorator.py
[2024-11-23T23:59:21.505+0000] {logging_mixin.py:190} INFO - [2024-11-23T23:59:21.505+0000] {dag.py:3239} INFO - Sync 1 DAGs
[2024-11-23T23:59:21.532+0000] {logging_mixin.py:190} INFO - [2024-11-23T23:59:21.531+0000] {dag.py:4180} INFO - Setting next_dagrun for example_sensor_decorator to None, run_after=None
[2024-11-23T23:59:21.600+0000] {processor.py:208} INFO - Processing /home/airflow/.local/lib/python3.12/site-packages/airflow/example_dags/example_sensor_decorator.py took 0.155 seconds
[2024-11-23T23:59:51.863+0000] {processor.py:186} INFO - Started process (PID=289) to work on /home/airflow/.local/lib/python3.12/site-packages/airflow/example_dags/example_sensor_decorator.py
[2024-11-23T23:59:51.864+0000] {processor.py:914} INFO - Processing file /home/airflow/.local/lib/python3.12/site-packages/airflow/example_dags/example_sensor_decorator.py for tasks to queue
[2024-11-23T23:59:51.867+0000] {logging_mixin.py:190} INFO - [2024-11-23T23:59:51.866+0000] {dagbag.py:588} INFO - Filling up the DagBag from /home/airflow/.local/lib/python3.12/site-packages/airflow/example_dags/example_sensor_decorator.py
[2024-11-23T23:59:51.886+0000] {processor.py:925} INFO - DAG(s) 'example_sensor_decorator' retrieved from /home/airflow/.local/lib/python3.12/site-packages/airflow/example_dags/example_sensor_decorator.py
[2024-11-23T23:59:51.921+0000] {logging_mixin.py:190} INFO - [2024-11-23T23:59:51.921+0000] {dag.py:3239} INFO - Sync 1 DAGs
[2024-11-23T23:59:51.951+0000] {logging_mixin.py:190} INFO - [2024-11-23T23:59:51.951+0000] {dag.py:4180} INFO - Setting next_dagrun for example_sensor_decorator to None, run_after=None
[2024-11-23T23:59:51.988+0000] {processor.py:208} INFO - Processing /home/airflow/.local/lib/python3.12/site-packages/airflow/example_dags/example_sensor_decorator.py took 0.131 seconds
