[2024-11-23T23:58:19.203+0000] {processor.py:186} INFO - Started process (PID=98) to work on /home/airflow/.local/lib/python3.12/site-packages/airflow/example_dags/example_trigger_controller_dag.py
[2024-11-23T23:58:19.204+0000] {processor.py:914} INFO - Processing file /home/airflow/.local/lib/python3.12/site-packages/airflow/example_dags/example_trigger_controller_dag.py for tasks to queue
[2024-11-23T23:58:19.211+0000] {logging_mixin.py:190} INFO - [2024-11-23T23:58:19.211+0000] {dagbag.py:588} INFO - Filling up the DagBag from /home/airflow/.local/lib/python3.12/site-packages/airflow/example_dags/example_trigger_controller_dag.py
[2024-11-23T23:58:19.224+0000] {processor.py:925} INFO - DAG(s) 'example_trigger_controller_dag' retrieved from /home/airflow/.local/lib/python3.12/site-packages/airflow/example_dags/example_trigger_controller_dag.py
[2024-11-23T23:58:19.425+0000] {logging_mixin.py:190} INFO - [2024-11-23T23:58:19.425+0000] {override.py:1911} INFO - Created Permission View: can delete on DAG:example_trigger_controller_dag
[2024-11-23T23:58:19.458+0000] {logging_mixin.py:190} INFO - [2024-11-23T23:58:19.458+0000] {override.py:1911} INFO - Created Permission View: can edit on DAG:example_trigger_controller_dag
[2024-11-23T23:58:19.476+0000] {logging_mixin.py:190} INFO - [2024-11-23T23:58:19.476+0000] {override.py:1911} INFO - Created Permission View: can read on DAG:example_trigger_controller_dag
[2024-11-23T23:58:19.502+0000] {logging_mixin.py:190} INFO - [2024-11-23T23:58:19.502+0000] {override.py:1911} INFO - Created Permission View: can delete on DAG Run:example_trigger_controller_dag
[2024-11-23T23:58:19.557+0000] {logging_mixin.py:190} INFO - [2024-11-23T23:58:19.556+0000] {override.py:1911} INFO - Created Permission View: can create on DAG Run:example_trigger_controller_dag
[2024-11-23T23:58:19.584+0000] {logging_mixin.py:190} INFO - [2024-11-23T23:58:19.584+0000] {override.py:1911} INFO - Created Permission View: menu access on DAG Run:example_trigger_controller_dag
[2024-11-23T23:58:19.619+0000] {logging_mixin.py:190} INFO - [2024-11-23T23:58:19.619+0000] {override.py:1911} INFO - Created Permission View: can read on DAG Run:example_trigger_controller_dag
[2024-11-23T23:58:19.626+0000] {logging_mixin.py:190} INFO - [2024-11-23T23:58:19.625+0000] {dag.py:3239} INFO - Sync 1 DAGs
[2024-11-23T23:58:19.657+0000] {logging_mixin.py:190} INFO - [2024-11-23T23:58:19.657+0000] {dag.py:3262} INFO - Creating ORM DAG for example_trigger_controller_dag
[2024-11-23T23:58:19.679+0000] {logging_mixin.py:190} INFO - [2024-11-23T23:58:19.679+0000] {dag.py:4180} INFO - Setting next_dagrun for example_trigger_controller_dag to 2021-01-01 00:00:00+00:00, run_after=2021-01-01 00:00:00+00:00
[2024-11-23T23:58:19.726+0000] {processor.py:208} INFO - Processing /home/airflow/.local/lib/python3.12/site-packages/airflow/example_dags/example_trigger_controller_dag.py took 0.535 seconds
[2024-11-23T23:58:50.077+0000] {processor.py:186} INFO - Started process (PID=161) to work on /home/airflow/.local/lib/python3.12/site-packages/airflow/example_dags/example_trigger_controller_dag.py
[2024-11-23T23:58:50.079+0000] {processor.py:914} INFO - Processing file /home/airflow/.local/lib/python3.12/site-packages/airflow/example_dags/example_trigger_controller_dag.py for tasks to queue
[2024-11-23T23:58:50.086+0000] {logging_mixin.py:190} INFO - [2024-11-23T23:58:50.085+0000] {dagbag.py:588} INFO - Filling up the DagBag from /home/airflow/.local/lib/python3.12/site-packages/airflow/example_dags/example_trigger_controller_dag.py
[2024-11-23T23:58:50.101+0000] {processor.py:925} INFO - DAG(s) 'example_trigger_controller_dag' retrieved from /home/airflow/.local/lib/python3.12/site-packages/airflow/example_dags/example_trigger_controller_dag.py
[2024-11-23T23:58:50.133+0000] {logging_mixin.py:190} INFO - [2024-11-23T23:58:50.132+0000] {dag.py:3239} INFO - Sync 1 DAGs
[2024-11-23T23:58:50.180+0000] {logging_mixin.py:190} INFO - [2024-11-23T23:58:50.179+0000] {dag.py:4180} INFO - Setting next_dagrun for example_trigger_controller_dag to 2021-01-01 00:00:00+00:00, run_after=2021-01-01 00:00:00+00:00
[2024-11-23T23:58:50.219+0000] {processor.py:208} INFO - Processing /home/airflow/.local/lib/python3.12/site-packages/airflow/example_dags/example_trigger_controller_dag.py took 0.158 seconds
[2024-11-23T23:59:20.402+0000] {processor.py:186} INFO - Started process (PID=223) to work on /home/airflow/.local/lib/python3.12/site-packages/airflow/example_dags/example_trigger_controller_dag.py
[2024-11-23T23:59:20.404+0000] {processor.py:914} INFO - Processing file /home/airflow/.local/lib/python3.12/site-packages/airflow/example_dags/example_trigger_controller_dag.py for tasks to queue
[2024-11-23T23:59:20.408+0000] {logging_mixin.py:190} INFO - [2024-11-23T23:59:20.408+0000] {dagbag.py:588} INFO - Filling up the DagBag from /home/airflow/.local/lib/python3.12/site-packages/airflow/example_dags/example_trigger_controller_dag.py
[2024-11-23T23:59:20.417+0000] {processor.py:925} INFO - DAG(s) 'example_trigger_controller_dag' retrieved from /home/airflow/.local/lib/python3.12/site-packages/airflow/example_dags/example_trigger_controller_dag.py
[2024-11-23T23:59:20.435+0000] {logging_mixin.py:190} INFO - [2024-11-23T23:59:20.435+0000] {dag.py:3239} INFO - Sync 1 DAGs
[2024-11-23T23:59:20.471+0000] {logging_mixin.py:190} INFO - [2024-11-23T23:59:20.471+0000] {dag.py:4180} INFO - Setting next_dagrun for example_trigger_controller_dag to 2021-01-01 00:00:00+00:00, run_after=2021-01-01 00:00:00+00:00
[2024-11-23T23:59:20.507+0000] {processor.py:208} INFO - Processing /home/airflow/.local/lib/python3.12/site-packages/airflow/example_dags/example_trigger_controller_dag.py took 0.111 seconds
[2024-11-23T23:59:50.688+0000] {processor.py:186} INFO - Started process (PID=287) to work on /home/airflow/.local/lib/python3.12/site-packages/airflow/example_dags/example_trigger_controller_dag.py
[2024-11-23T23:59:50.689+0000] {processor.py:914} INFO - Processing file /home/airflow/.local/lib/python3.12/site-packages/airflow/example_dags/example_trigger_controller_dag.py for tasks to queue
[2024-11-23T23:59:50.699+0000] {logging_mixin.py:190} INFO - [2024-11-23T23:59:50.699+0000] {dagbag.py:588} INFO - Filling up the DagBag from /home/airflow/.local/lib/python3.12/site-packages/airflow/example_dags/example_trigger_controller_dag.py
[2024-11-23T23:59:50.706+0000] {processor.py:925} INFO - DAG(s) 'example_trigger_controller_dag' retrieved from /home/airflow/.local/lib/python3.12/site-packages/airflow/example_dags/example_trigger_controller_dag.py
[2024-11-23T23:59:50.740+0000] {logging_mixin.py:190} INFO - [2024-11-23T23:59:50.739+0000] {dag.py:3239} INFO - Sync 1 DAGs
[2024-11-23T23:59:50.774+0000] {logging_mixin.py:190} INFO - [2024-11-23T23:59:50.774+0000] {dag.py:4180} INFO - Setting next_dagrun for example_trigger_controller_dag to 2021-01-01 00:00:00+00:00, run_after=2021-01-01 00:00:00+00:00
[2024-11-23T23:59:50.810+0000] {processor.py:208} INFO - Processing /home/airflow/.local/lib/python3.12/site-packages/airflow/example_dags/example_trigger_controller_dag.py took 0.129 seconds
