[2024-11-23T23:58:10.853+0000] {processor.py:186} INFO - Started process (PID=79) to work on /home/airflow/.local/lib/python3.12/site-packages/airflow/example_dags/example_xcom.py
[2024-11-23T23:58:10.866+0000] {processor.py:914} INFO - Processing file /home/airflow/.local/lib/python3.12/site-packages/airflow/example_dags/example_xcom.py for tasks to queue
[2024-11-23T23:58:10.869+0000] {logging_mixin.py:190} INFO - [2024-11-23T23:58:10.869+0000] {dagbag.py:588} INFO - Filling up the DagBag from /home/airflow/.local/lib/python3.12/site-packages/airflow/example_dags/example_xcom.py
[2024-11-23T23:58:10.901+0000] {processor.py:925} INFO - DAG(s) 'example_xcom' retrieved from /home/airflow/.local/lib/python3.12/site-packages/airflow/example_dags/example_xcom.py
[2024-11-23T23:58:11.258+0000] {logging_mixin.py:190} INFO - [2024-11-23T23:58:11.252+0000] {override.py:1911} INFO - Created Permission View: can delete on DAG:example_xcom
[2024-11-23T23:58:11.315+0000] {logging_mixin.py:190} INFO - [2024-11-23T23:58:11.315+0000] {override.py:1911} INFO - Created Permission View: can edit on DAG:example_xcom
[2024-11-23T23:58:11.364+0000] {logging_mixin.py:190} INFO - [2024-11-23T23:58:11.364+0000] {override.py:1911} INFO - Created Permission View: can read on DAG:example_xcom
[2024-11-23T23:58:11.607+0000] {logging_mixin.py:190} INFO - [2024-11-23T23:58:11.603+0000] {override.py:1911} INFO - Created Permission View: can delete on DAG Run:example_xcom
[2024-11-23T23:58:11.848+0000] {logging_mixin.py:190} INFO - [2024-11-23T23:58:11.847+0000] {override.py:1911} INFO - Created Permission View: can create on DAG Run:example_xcom
[2024-11-23T23:58:11.902+0000] {logging_mixin.py:190} INFO - [2024-11-23T23:58:11.901+0000] {override.py:1911} INFO - Created Permission View: menu access on DAG Run:example_xcom
[2024-11-23T23:58:11.942+0000] {logging_mixin.py:190} INFO - [2024-11-23T23:58:11.942+0000] {override.py:1911} INFO - Created Permission View: can read on DAG Run:example_xcom
[2024-11-23T23:58:11.963+0000] {logging_mixin.py:190} INFO - [2024-11-23T23:58:11.963+0000] {dag.py:3239} INFO - Sync 1 DAGs
[2024-11-23T23:58:12.113+0000] {logging_mixin.py:190} INFO - [2024-11-23T23:58:12.113+0000] {dag.py:3262} INFO - Creating ORM DAG for example_xcom
[2024-11-23T23:58:12.214+0000] {logging_mixin.py:190} INFO - [2024-11-23T23:58:12.213+0000] {dag.py:4180} INFO - Setting next_dagrun for example_xcom to 2021-01-01 00:00:00+00:00, run_after=2021-01-01 00:00:00+00:00
[2024-11-23T23:58:12.336+0000] {processor.py:208} INFO - Processing /home/airflow/.local/lib/python3.12/site-packages/airflow/example_dags/example_xcom.py took 1.504 seconds
[2024-11-23T23:58:42.589+0000] {processor.py:186} INFO - Started process (PID=147) to work on /home/airflow/.local/lib/python3.12/site-packages/airflow/example_dags/example_xcom.py
[2024-11-23T23:58:42.590+0000] {processor.py:914} INFO - Processing file /home/airflow/.local/lib/python3.12/site-packages/airflow/example_dags/example_xcom.py for tasks to queue
[2024-11-23T23:58:42.592+0000] {logging_mixin.py:190} INFO - [2024-11-23T23:58:42.592+0000] {dagbag.py:588} INFO - Filling up the DagBag from /home/airflow/.local/lib/python3.12/site-packages/airflow/example_dags/example_xcom.py
[2024-11-23T23:58:42.611+0000] {processor.py:925} INFO - DAG(s) 'example_xcom' retrieved from /home/airflow/.local/lib/python3.12/site-packages/airflow/example_dags/example_xcom.py
[2024-11-23T23:58:42.643+0000] {logging_mixin.py:190} INFO - [2024-11-23T23:58:42.643+0000] {dag.py:3239} INFO - Sync 1 DAGs
[2024-11-23T23:58:42.680+0000] {logging_mixin.py:190} INFO - [2024-11-23T23:58:42.679+0000] {dag.py:4180} INFO - Setting next_dagrun for example_xcom to 2021-01-01 00:00:00+00:00, run_after=2021-01-01 00:00:00+00:00
[2024-11-23T23:58:42.709+0000] {processor.py:208} INFO - Processing /home/airflow/.local/lib/python3.12/site-packages/airflow/example_dags/example_xcom.py took 0.131 seconds
[2024-11-23T23:59:13.171+0000] {processor.py:186} INFO - Started process (PID=209) to work on /home/airflow/.local/lib/python3.12/site-packages/airflow/example_dags/example_xcom.py
[2024-11-23T23:59:13.173+0000] {processor.py:914} INFO - Processing file /home/airflow/.local/lib/python3.12/site-packages/airflow/example_dags/example_xcom.py for tasks to queue
[2024-11-23T23:59:13.177+0000] {logging_mixin.py:190} INFO - [2024-11-23T23:59:13.177+0000] {dagbag.py:588} INFO - Filling up the DagBag from /home/airflow/.local/lib/python3.12/site-packages/airflow/example_dags/example_xcom.py
[2024-11-23T23:59:13.188+0000] {processor.py:925} INFO - DAG(s) 'example_xcom' retrieved from /home/airflow/.local/lib/python3.12/site-packages/airflow/example_dags/example_xcom.py
[2024-11-23T23:59:13.217+0000] {logging_mixin.py:190} INFO - [2024-11-23T23:59:13.217+0000] {dag.py:3239} INFO - Sync 1 DAGs
[2024-11-23T23:59:13.244+0000] {logging_mixin.py:190} INFO - [2024-11-23T23:59:13.244+0000] {dag.py:4180} INFO - Setting next_dagrun for example_xcom to 2021-01-01 00:00:00+00:00, run_after=2021-01-01 00:00:00+00:00
[2024-11-23T23:59:13.272+0000] {processor.py:208} INFO - Processing /home/airflow/.local/lib/python3.12/site-packages/airflow/example_dags/example_xcom.py took 0.107 seconds
[2024-11-23T23:59:44.260+0000] {processor.py:186} INFO - Started process (PID=273) to work on /home/airflow/.local/lib/python3.12/site-packages/airflow/example_dags/example_xcom.py
[2024-11-23T23:59:44.263+0000] {processor.py:914} INFO - Processing file /home/airflow/.local/lib/python3.12/site-packages/airflow/example_dags/example_xcom.py for tasks to queue
[2024-11-23T23:59:44.266+0000] {logging_mixin.py:190} INFO - [2024-11-23T23:59:44.265+0000] {dagbag.py:588} INFO - Filling up the DagBag from /home/airflow/.local/lib/python3.12/site-packages/airflow/example_dags/example_xcom.py
[2024-11-23T23:59:44.277+0000] {processor.py:925} INFO - DAG(s) 'example_xcom' retrieved from /home/airflow/.local/lib/python3.12/site-packages/airflow/example_dags/example_xcom.py
[2024-11-23T23:59:44.318+0000] {logging_mixin.py:190} INFO - [2024-11-23T23:59:44.317+0000] {dag.py:3239} INFO - Sync 1 DAGs
[2024-11-23T23:59:44.354+0000] {logging_mixin.py:190} INFO - [2024-11-23T23:59:44.354+0000] {dag.py:4180} INFO - Setting next_dagrun for example_xcom to 2021-01-01 00:00:00+00:00, run_after=2021-01-01 00:00:00+00:00
[2024-11-23T23:59:44.386+0000] {processor.py:208} INFO - Processing /home/airflow/.local/lib/python3.12/site-packages/airflow/example_dags/example_xcom.py took 0.135 seconds
