[2024-11-23T23:58:25.977+0000] {processor.py:186} INFO - Started process (PID=118) to work on /home/airflow/.local/lib/python3.12/site-packages/airflow/example_dags/example_short_circuit_operator.py
[2024-11-23T23:58:25.987+0000] {processor.py:914} INFO - Processing file /home/airflow/.local/lib/python3.12/site-packages/airflow/example_dags/example_short_circuit_operator.py for tasks to queue
[2024-11-23T23:58:25.990+0000] {logging_mixin.py:190} INFO - [2024-11-23T23:58:25.989+0000] {dagbag.py:588} INFO - Filling up the DagBag from /home/airflow/.local/lib/python3.12/site-packages/airflow/example_dags/example_short_circuit_operator.py
[2024-11-23T23:58:25.999+0000] {processor.py:925} INFO - DAG(s) 'example_short_circuit_operator' retrieved from /home/airflow/.local/lib/python3.12/site-packages/airflow/example_dags/example_short_circuit_operator.py
[2024-11-23T23:58:26.194+0000] {logging_mixin.py:190} INFO - [2024-11-23T23:58:26.193+0000] {override.py:1911} INFO - Created Permission View: can delete on DAG:example_short_circuit_operator
[2024-11-23T23:58:26.224+0000] {logging_mixin.py:190} INFO - [2024-11-23T23:58:26.224+0000] {override.py:1911} INFO - Created Permission View: can edit on DAG:example_short_circuit_operator
[2024-11-23T23:58:26.238+0000] {logging_mixin.py:190} INFO - [2024-11-23T23:58:26.238+0000] {override.py:1911} INFO - Created Permission View: can read on DAG:example_short_circuit_operator
[2024-11-23T23:58:26.272+0000] {logging_mixin.py:190} INFO - [2024-11-23T23:58:26.271+0000] {override.py:1911} INFO - Created Permission View: can delete on DAG Run:example_short_circuit_operator
[2024-11-23T23:58:26.304+0000] {logging_mixin.py:190} INFO - [2024-11-23T23:58:26.304+0000] {override.py:1911} INFO - Created Permission View: can create on DAG Run:example_short_circuit_operator
[2024-11-23T23:58:26.323+0000] {logging_mixin.py:190} INFO - [2024-11-23T23:58:26.322+0000] {override.py:1911} INFO - Created Permission View: menu access on DAG Run:example_short_circuit_operator
[2024-11-23T23:58:26.342+0000] {logging_mixin.py:190} INFO - [2024-11-23T23:58:26.342+0000] {override.py:1911} INFO - Created Permission View: can read on DAG Run:example_short_circuit_operator
[2024-11-23T23:58:26.343+0000] {logging_mixin.py:190} INFO - [2024-11-23T23:58:26.343+0000] {dag.py:3239} INFO - Sync 1 DAGs
[2024-11-23T23:58:26.358+0000] {logging_mixin.py:190} INFO - [2024-11-23T23:58:26.358+0000] {dag.py:3262} INFO - Creating ORM DAG for example_short_circuit_operator
[2024-11-23T23:58:26.362+0000] {logging_mixin.py:190} INFO - [2024-11-23T23:58:26.359+0000] {dag.py:4180} INFO - Setting next_dagrun for example_short_circuit_operator to None, run_after=None
[2024-11-23T23:58:26.411+0000] {processor.py:208} INFO - Processing /home/airflow/.local/lib/python3.12/site-packages/airflow/example_dags/example_short_circuit_operator.py took 0.439 seconds
[2024-11-23T23:58:56.799+0000] {processor.py:186} INFO - Started process (PID=181) to work on /home/airflow/.local/lib/python3.12/site-packages/airflow/example_dags/example_short_circuit_operator.py
[2024-11-23T23:58:56.800+0000] {processor.py:914} INFO - Processing file /home/airflow/.local/lib/python3.12/site-packages/airflow/example_dags/example_short_circuit_operator.py for tasks to queue
[2024-11-23T23:58:56.802+0000] {logging_mixin.py:190} INFO - [2024-11-23T23:58:56.802+0000] {dagbag.py:588} INFO - Filling up the DagBag from /home/airflow/.local/lib/python3.12/site-packages/airflow/example_dags/example_short_circuit_operator.py
[2024-11-23T23:58:56.813+0000] {processor.py:925} INFO - DAG(s) 'example_short_circuit_operator' retrieved from /home/airflow/.local/lib/python3.12/site-packages/airflow/example_dags/example_short_circuit_operator.py
[2024-11-23T23:58:56.854+0000] {logging_mixin.py:190} INFO - [2024-11-23T23:58:56.854+0000] {dag.py:3239} INFO - Sync 1 DAGs
[2024-11-23T23:58:56.876+0000] {logging_mixin.py:190} INFO - [2024-11-23T23:58:56.876+0000] {dag.py:4180} INFO - Setting next_dagrun for example_short_circuit_operator to None, run_after=None
[2024-11-23T23:58:56.905+0000] {processor.py:208} INFO - Processing /home/airflow/.local/lib/python3.12/site-packages/airflow/example_dags/example_short_circuit_operator.py took 0.112 seconds
[2024-11-23T23:59:27.216+0000] {processor.py:186} INFO - Started process (PID=243) to work on /home/airflow/.local/lib/python3.12/site-packages/airflow/example_dags/example_short_circuit_operator.py
[2024-11-23T23:59:27.231+0000] {processor.py:914} INFO - Processing file /home/airflow/.local/lib/python3.12/site-packages/airflow/example_dags/example_short_circuit_operator.py for tasks to queue
[2024-11-23T23:59:27.248+0000] {logging_mixin.py:190} INFO - [2024-11-23T23:59:27.248+0000] {dagbag.py:588} INFO - Filling up the DagBag from /home/airflow/.local/lib/python3.12/site-packages/airflow/example_dags/example_short_circuit_operator.py
[2024-11-23T23:59:27.267+0000] {processor.py:925} INFO - DAG(s) 'example_short_circuit_operator' retrieved from /home/airflow/.local/lib/python3.12/site-packages/airflow/example_dags/example_short_circuit_operator.py
[2024-11-23T23:59:27.329+0000] {logging_mixin.py:190} INFO - [2024-11-23T23:59:27.329+0000] {dag.py:3239} INFO - Sync 1 DAGs
[2024-11-23T23:59:27.364+0000] {logging_mixin.py:190} INFO - [2024-11-23T23:59:27.364+0000] {dag.py:4180} INFO - Setting next_dagrun for example_short_circuit_operator to None, run_after=None
[2024-11-23T23:59:27.429+0000] {processor.py:208} INFO - Processing /home/airflow/.local/lib/python3.12/site-packages/airflow/example_dags/example_short_circuit_operator.py took 0.219 seconds
[2024-11-23T23:59:58.392+0000] {processor.py:186} INFO - Started process (PID=307) to work on /home/airflow/.local/lib/python3.12/site-packages/airflow/example_dags/example_short_circuit_operator.py
[2024-11-23T23:59:58.395+0000] {processor.py:914} INFO - Processing file /home/airflow/.local/lib/python3.12/site-packages/airflow/example_dags/example_short_circuit_operator.py for tasks to queue
[2024-11-23T23:59:58.398+0000] {logging_mixin.py:190} INFO - [2024-11-23T23:59:58.397+0000] {dagbag.py:588} INFO - Filling up the DagBag from /home/airflow/.local/lib/python3.12/site-packages/airflow/example_dags/example_short_circuit_operator.py
[2024-11-23T23:59:58.417+0000] {processor.py:925} INFO - DAG(s) 'example_short_circuit_operator' retrieved from /home/airflow/.local/lib/python3.12/site-packages/airflow/example_dags/example_short_circuit_operator.py
[2024-11-23T23:59:58.459+0000] {logging_mixin.py:190} INFO - [2024-11-23T23:59:58.459+0000] {dag.py:3239} INFO - Sync 1 DAGs
[2024-11-23T23:59:58.476+0000] {logging_mixin.py:190} INFO - [2024-11-23T23:59:58.476+0000] {dag.py:4180} INFO - Setting next_dagrun for example_short_circuit_operator to None, run_after=None
[2024-11-23T23:59:58.536+0000] {processor.py:208} INFO - Processing /home/airflow/.local/lib/python3.12/site-packages/airflow/example_dags/example_short_circuit_operator.py took 0.152 seconds
