[2024-11-23T23:58:18.038+0000] {processor.py:186} INFO - Started process (PID=95) to work on /home/airflow/.local/lib/python3.12/site-packages/airflow/example_dags/example_branch_operator_decorator.py
[2024-11-23T23:58:18.040+0000] {processor.py:914} INFO - Processing file /home/airflow/.local/lib/python3.12/site-packages/airflow/example_dags/example_branch_operator_decorator.py for tasks to queue
[2024-11-23T23:58:18.049+0000] {logging_mixin.py:190} INFO - [2024-11-23T23:58:18.049+0000] {dagbag.py:588} INFO - Filling up the DagBag from /home/airflow/.local/lib/python3.12/site-packages/airflow/example_dags/example_branch_operator_decorator.py
[2024-11-23T23:58:18.113+0000] {processor.py:925} INFO - DAG(s) 'example_branch_python_operator_decorator' retrieved from /home/airflow/.local/lib/python3.12/site-packages/airflow/example_dags/example_branch_operator_decorator.py
[2024-11-23T23:58:18.392+0000] {logging_mixin.py:190} INFO - [2024-11-23T23:58:18.391+0000] {override.py:1911} INFO - Created Permission View: can delete on DAG:example_branch_python_operator_decorator
[2024-11-23T23:58:18.428+0000] {logging_mixin.py:190} INFO - [2024-11-23T23:58:18.428+0000] {override.py:1911} INFO - Created Permission View: can edit on DAG:example_branch_python_operator_decorator
[2024-11-23T23:58:18.449+0000] {logging_mixin.py:190} INFO - [2024-11-23T23:58:18.449+0000] {override.py:1911} INFO - Created Permission View: can read on DAG:example_branch_python_operator_decorator
[2024-11-23T23:58:18.515+0000] {logging_mixin.py:190} INFO - [2024-11-23T23:58:18.514+0000] {override.py:1911} INFO - Created Permission View: can delete on DAG Run:example_branch_python_operator_decorator
[2024-11-23T23:58:18.547+0000] {logging_mixin.py:190} INFO - [2024-11-23T23:58:18.546+0000] {override.py:1911} INFO - Created Permission View: can create on DAG Run:example_branch_python_operator_decorator
[2024-11-23T23:58:18.575+0000] {logging_mixin.py:190} INFO - [2024-11-23T23:58:18.575+0000] {override.py:1911} INFO - Created Permission View: menu access on DAG Run:example_branch_python_operator_decorator
[2024-11-23T23:58:18.602+0000] {logging_mixin.py:190} INFO - [2024-11-23T23:58:18.602+0000] {override.py:1911} INFO - Created Permission View: can read on DAG Run:example_branch_python_operator_decorator
[2024-11-23T23:58:18.603+0000] {logging_mixin.py:190} INFO - [2024-11-23T23:58:18.603+0000] {dag.py:3239} INFO - Sync 1 DAGs
[2024-11-23T23:58:18.633+0000] {logging_mixin.py:190} INFO - [2024-11-23T23:58:18.633+0000] {dag.py:3262} INFO - Creating ORM DAG for example_branch_python_operator_decorator
[2024-11-23T23:58:18.655+0000] {logging_mixin.py:190} INFO - [2024-11-23T23:58:18.655+0000] {dag.py:4180} INFO - Setting next_dagrun for example_branch_python_operator_decorator to 2024-11-22 00:00:00+00:00, run_after=2024-11-23 00:00:00+00:00
[2024-11-23T23:58:18.713+0000] {processor.py:208} INFO - Processing /home/airflow/.local/lib/python3.12/site-packages/airflow/example_dags/example_branch_operator_decorator.py took 0.681 seconds
[2024-11-23T23:58:49.046+0000] {processor.py:186} INFO - Started process (PID=158) to work on /home/airflow/.local/lib/python3.12/site-packages/airflow/example_dags/example_branch_operator_decorator.py
[2024-11-23T23:58:49.049+0000] {processor.py:914} INFO - Processing file /home/airflow/.local/lib/python3.12/site-packages/airflow/example_dags/example_branch_operator_decorator.py for tasks to queue
[2024-11-23T23:58:49.052+0000] {logging_mixin.py:190} INFO - [2024-11-23T23:58:49.051+0000] {dagbag.py:588} INFO - Filling up the DagBag from /home/airflow/.local/lib/python3.12/site-packages/airflow/example_dags/example_branch_operator_decorator.py
[2024-11-23T23:58:49.124+0000] {processor.py:925} INFO - DAG(s) 'example_branch_python_operator_decorator' retrieved from /home/airflow/.local/lib/python3.12/site-packages/airflow/example_dags/example_branch_operator_decorator.py
[2024-11-23T23:58:49.172+0000] {logging_mixin.py:190} INFO - [2024-11-23T23:58:49.172+0000] {dag.py:3239} INFO - Sync 1 DAGs
[2024-11-23T23:58:49.229+0000] {logging_mixin.py:190} INFO - [2024-11-23T23:58:49.229+0000] {dag.py:4180} INFO - Setting next_dagrun for example_branch_python_operator_decorator to 2024-11-22 00:00:00+00:00, run_after=2024-11-23 00:00:00+00:00
[2024-11-23T23:58:49.309+0000] {processor.py:208} INFO - Processing /home/airflow/.local/lib/python3.12/site-packages/airflow/example_dags/example_branch_operator_decorator.py took 0.273 seconds
[2024-11-23T23:59:19.910+0000] {processor.py:186} INFO - Started process (PID=220) to work on /home/airflow/.local/lib/python3.12/site-packages/airflow/example_dags/example_branch_operator_decorator.py
[2024-11-23T23:59:19.911+0000] {processor.py:914} INFO - Processing file /home/airflow/.local/lib/python3.12/site-packages/airflow/example_dags/example_branch_operator_decorator.py for tasks to queue
[2024-11-23T23:59:19.914+0000] {logging_mixin.py:190} INFO - [2024-11-23T23:59:19.913+0000] {dagbag.py:588} INFO - Filling up the DagBag from /home/airflow/.local/lib/python3.12/site-packages/airflow/example_dags/example_branch_operator_decorator.py
[2024-11-23T23:59:19.942+0000] {processor.py:925} INFO - DAG(s) 'example_branch_python_operator_decorator' retrieved from /home/airflow/.local/lib/python3.12/site-packages/airflow/example_dags/example_branch_operator_decorator.py
[2024-11-23T23:59:19.997+0000] {logging_mixin.py:190} INFO - [2024-11-23T23:59:19.991+0000] {dag.py:3239} INFO - Sync 1 DAGs
[2024-11-23T23:59:20.029+0000] {logging_mixin.py:190} INFO - [2024-11-23T23:59:20.029+0000] {dag.py:4180} INFO - Setting next_dagrun for example_branch_python_operator_decorator to 2024-11-22 00:00:00+00:00, run_after=2024-11-23 00:00:00+00:00
[2024-11-23T23:59:20.062+0000] {processor.py:208} INFO - Processing /home/airflow/.local/lib/python3.12/site-packages/airflow/example_dags/example_branch_operator_decorator.py took 0.162 seconds
[2024-11-23T23:59:50.347+0000] {processor.py:186} INFO - Started process (PID=284) to work on /home/airflow/.local/lib/python3.12/site-packages/airflow/example_dags/example_branch_operator_decorator.py
[2024-11-23T23:59:50.348+0000] {processor.py:914} INFO - Processing file /home/airflow/.local/lib/python3.12/site-packages/airflow/example_dags/example_branch_operator_decorator.py for tasks to queue
[2024-11-23T23:59:50.350+0000] {logging_mixin.py:190} INFO - [2024-11-23T23:59:50.350+0000] {dagbag.py:588} INFO - Filling up the DagBag from /home/airflow/.local/lib/python3.12/site-packages/airflow/example_dags/example_branch_operator_decorator.py
[2024-11-23T23:59:50.380+0000] {processor.py:925} INFO - DAG(s) 'example_branch_python_operator_decorator' retrieved from /home/airflow/.local/lib/python3.12/site-packages/airflow/example_dags/example_branch_operator_decorator.py
[2024-11-23T23:59:50.419+0000] {logging_mixin.py:190} INFO - [2024-11-23T23:59:50.419+0000] {dag.py:3239} INFO - Sync 1 DAGs
[2024-11-23T23:59:50.453+0000] {logging_mixin.py:190} INFO - [2024-11-23T23:59:50.452+0000] {dag.py:4180} INFO - Setting next_dagrun for example_branch_python_operator_decorator to 2024-11-22 00:00:00+00:00, run_after=2024-11-23 00:00:00+00:00
[2024-11-23T23:59:50.501+0000] {processor.py:208} INFO - Processing /home/airflow/.local/lib/python3.12/site-packages/airflow/example_dags/example_branch_operator_decorator.py took 0.161 seconds
