[2024-11-23T23:58:21.119+0000] {processor.py:186} INFO - Started process (PID=104) to work on /home/airflow/.local/lib/python3.12/site-packages/airflow/example_dags/example_external_task_marker_dag.py
[2024-11-23T23:58:21.121+0000] {processor.py:914} INFO - Processing file /home/airflow/.local/lib/python3.12/site-packages/airflow/example_dags/example_external_task_marker_dag.py for tasks to queue
[2024-11-23T23:58:21.124+0000] {logging_mixin.py:190} INFO - [2024-11-23T23:58:21.124+0000] {dagbag.py:588} INFO - Filling up the DagBag from /home/airflow/.local/lib/python3.12/site-packages/airflow/example_dags/example_external_task_marker_dag.py
[2024-11-23T23:58:21.142+0000] {processor.py:925} INFO - DAG(s) 'example_external_task_marker_parent', 'example_external_task_marker_child' retrieved from /home/airflow/.local/lib/python3.12/site-packages/airflow/example_dags/example_external_task_marker_dag.py
[2024-11-23T23:58:21.384+0000] {logging_mixin.py:190} INFO - [2024-11-23T23:58:21.383+0000] {override.py:1911} INFO - Created Permission View: can delete on DAG:example_external_task_marker_parent
[2024-11-23T23:58:21.432+0000] {logging_mixin.py:190} INFO - [2024-11-23T23:58:21.432+0000] {override.py:1911} INFO - Created Permission View: can edit on DAG:example_external_task_marker_parent
[2024-11-23T23:58:21.486+0000] {logging_mixin.py:190} INFO - [2024-11-23T23:58:21.485+0000] {override.py:1911} INFO - Created Permission View: can read on DAG:example_external_task_marker_parent
[2024-11-23T23:58:21.528+0000] {logging_mixin.py:190} INFO - [2024-11-23T23:58:21.527+0000] {override.py:1911} INFO - Created Permission View: can delete on DAG Run:example_external_task_marker_parent
[2024-11-23T23:58:21.548+0000] {logging_mixin.py:190} INFO - [2024-11-23T23:58:21.548+0000] {override.py:1911} INFO - Created Permission View: can create on DAG Run:example_external_task_marker_parent
[2024-11-23T23:58:21.597+0000] {logging_mixin.py:190} INFO - [2024-11-23T23:58:21.597+0000] {override.py:1911} INFO - Created Permission View: menu access on DAG Run:example_external_task_marker_parent
[2024-11-23T23:58:21.637+0000] {logging_mixin.py:190} INFO - [2024-11-23T23:58:21.637+0000] {override.py:1911} INFO - Created Permission View: can read on DAG Run:example_external_task_marker_parent
[2024-11-23T23:58:21.710+0000] {logging_mixin.py:190} INFO - [2024-11-23T23:58:21.710+0000] {override.py:1911} INFO - Created Permission View: can delete on DAG:example_external_task_marker_child
[2024-11-23T23:58:21.738+0000] {logging_mixin.py:190} INFO - [2024-11-23T23:58:21.738+0000] {override.py:1911} INFO - Created Permission View: can edit on DAG:example_external_task_marker_child
[2024-11-23T23:58:21.759+0000] {logging_mixin.py:190} INFO - [2024-11-23T23:58:21.759+0000] {override.py:1911} INFO - Created Permission View: can read on DAG:example_external_task_marker_child
[2024-11-23T23:58:21.784+0000] {logging_mixin.py:190} INFO - [2024-11-23T23:58:21.784+0000] {override.py:1911} INFO - Created Permission View: can delete on DAG Run:example_external_task_marker_child
[2024-11-23T23:58:21.796+0000] {logging_mixin.py:190} INFO - [2024-11-23T23:58:21.796+0000] {override.py:1911} INFO - Created Permission View: can create on DAG Run:example_external_task_marker_child
[2024-11-23T23:58:21.822+0000] {logging_mixin.py:190} INFO - [2024-11-23T23:58:21.822+0000] {override.py:1911} INFO - Created Permission View: menu access on DAG Run:example_external_task_marker_child
[2024-11-23T23:58:21.841+0000] {logging_mixin.py:190} INFO - [2024-11-23T23:58:21.841+0000] {override.py:1911} INFO - Created Permission View: can read on DAG Run:example_external_task_marker_child
[2024-11-23T23:58:21.843+0000] {logging_mixin.py:190} INFO - [2024-11-23T23:58:21.843+0000] {dag.py:3239} INFO - Sync 2 DAGs
[2024-11-23T23:58:21.871+0000] {logging_mixin.py:190} INFO - [2024-11-23T23:58:21.871+0000] {dag.py:3262} INFO - Creating ORM DAG for example_external_task_marker_child
[2024-11-23T23:58:21.879+0000] {logging_mixin.py:190} INFO - [2024-11-23T23:58:21.879+0000] {dag.py:3262} INFO - Creating ORM DAG for example_external_task_marker_parent
[2024-11-23T23:58:21.881+0000] {logging_mixin.py:190} INFO - [2024-11-23T23:58:21.881+0000] {dag.py:4180} INFO - Setting next_dagrun for example_external_task_marker_child to None, run_after=None
[2024-11-23T23:58:21.902+0000] {logging_mixin.py:190} INFO - [2024-11-23T23:58:21.902+0000] {dag.py:4180} INFO - Setting next_dagrun for example_external_task_marker_parent to None, run_after=None
[2024-11-23T23:58:21.941+0000] {processor.py:208} INFO - Processing /home/airflow/.local/lib/python3.12/site-packages/airflow/example_dags/example_external_task_marker_dag.py took 0.838 seconds
[2024-11-23T23:58:52.569+0000] {processor.py:186} INFO - Started process (PID=167) to work on /home/airflow/.local/lib/python3.12/site-packages/airflow/example_dags/example_external_task_marker_dag.py
[2024-11-23T23:58:52.577+0000] {processor.py:914} INFO - Processing file /home/airflow/.local/lib/python3.12/site-packages/airflow/example_dags/example_external_task_marker_dag.py for tasks to queue
[2024-11-23T23:58:52.580+0000] {logging_mixin.py:190} INFO - [2024-11-23T23:58:52.579+0000] {dagbag.py:588} INFO - Filling up the DagBag from /home/airflow/.local/lib/python3.12/site-packages/airflow/example_dags/example_external_task_marker_dag.py
[2024-11-23T23:58:52.591+0000] {processor.py:925} INFO - DAG(s) 'example_external_task_marker_child', 'example_external_task_marker_parent' retrieved from /home/airflow/.local/lib/python3.12/site-packages/airflow/example_dags/example_external_task_marker_dag.py
[2024-11-23T23:58:52.658+0000] {logging_mixin.py:190} INFO - [2024-11-23T23:58:52.657+0000] {dag.py:3239} INFO - Sync 2 DAGs
[2024-11-23T23:58:52.677+0000] {logging_mixin.py:190} INFO - [2024-11-23T23:58:52.677+0000] {dag.py:4180} INFO - Setting next_dagrun for example_external_task_marker_child to None, run_after=None
[2024-11-23T23:58:52.698+0000] {logging_mixin.py:190} INFO - [2024-11-23T23:58:52.697+0000] {dag.py:4180} INFO - Setting next_dagrun for example_external_task_marker_parent to None, run_after=None
[2024-11-23T23:58:52.726+0000] {processor.py:208} INFO - Processing /home/airflow/.local/lib/python3.12/site-packages/airflow/example_dags/example_external_task_marker_dag.py took 0.170 seconds
[2024-11-23T23:59:22.951+0000] {processor.py:186} INFO - Started process (PID=229) to work on /home/airflow/.local/lib/python3.12/site-packages/airflow/example_dags/example_external_task_marker_dag.py
[2024-11-23T23:59:22.954+0000] {processor.py:914} INFO - Processing file /home/airflow/.local/lib/python3.12/site-packages/airflow/example_dags/example_external_task_marker_dag.py for tasks to queue
[2024-11-23T23:59:22.959+0000] {logging_mixin.py:190} INFO - [2024-11-23T23:59:22.959+0000] {dagbag.py:588} INFO - Filling up the DagBag from /home/airflow/.local/lib/python3.12/site-packages/airflow/example_dags/example_external_task_marker_dag.py
[2024-11-23T23:59:22.978+0000] {processor.py:925} INFO - DAG(s) 'example_external_task_marker_parent', 'example_external_task_marker_child' retrieved from /home/airflow/.local/lib/python3.12/site-packages/airflow/example_dags/example_external_task_marker_dag.py
[2024-11-23T23:59:23.017+0000] {logging_mixin.py:190} INFO - [2024-11-23T23:59:23.017+0000] {dag.py:3239} INFO - Sync 2 DAGs
[2024-11-23T23:59:23.066+0000] {logging_mixin.py:190} INFO - [2024-11-23T23:59:23.065+0000] {dag.py:4180} INFO - Setting next_dagrun for example_external_task_marker_child to None, run_after=None
[2024-11-23T23:59:23.070+0000] {logging_mixin.py:190} INFO - [2024-11-23T23:59:23.070+0000] {dag.py:4180} INFO - Setting next_dagrun for example_external_task_marker_parent to None, run_after=None
[2024-11-23T23:59:23.125+0000] {processor.py:208} INFO - Processing /home/airflow/.local/lib/python3.12/site-packages/airflow/example_dags/example_external_task_marker_dag.py took 0.187 seconds
[2024-11-23T23:59:53.500+0000] {processor.py:186} INFO - Started process (PID=293) to work on /home/airflow/.local/lib/python3.12/site-packages/airflow/example_dags/example_external_task_marker_dag.py
[2024-11-23T23:59:53.505+0000] {processor.py:914} INFO - Processing file /home/airflow/.local/lib/python3.12/site-packages/airflow/example_dags/example_external_task_marker_dag.py for tasks to queue
[2024-11-23T23:59:53.513+0000] {logging_mixin.py:190} INFO - [2024-11-23T23:59:53.512+0000] {dagbag.py:588} INFO - Filling up the DagBag from /home/airflow/.local/lib/python3.12/site-packages/airflow/example_dags/example_external_task_marker_dag.py
[2024-11-23T23:59:53.531+0000] {processor.py:925} INFO - DAG(s) 'example_external_task_marker_parent', 'example_external_task_marker_child' retrieved from /home/airflow/.local/lib/python3.12/site-packages/airflow/example_dags/example_external_task_marker_dag.py
[2024-11-23T23:59:53.579+0000] {logging_mixin.py:190} INFO - [2024-11-23T23:59:53.579+0000] {dag.py:3239} INFO - Sync 2 DAGs
[2024-11-23T23:59:53.625+0000] {logging_mixin.py:190} INFO - [2024-11-23T23:59:53.624+0000] {dag.py:4180} INFO - Setting next_dagrun for example_external_task_marker_child to None, run_after=None
[2024-11-23T23:59:53.640+0000] {logging_mixin.py:190} INFO - [2024-11-23T23:59:53.639+0000] {dag.py:4180} INFO - Setting next_dagrun for example_external_task_marker_parent to None, run_after=None
[2024-11-23T23:59:53.704+0000] {processor.py:208} INFO - Processing /home/airflow/.local/lib/python3.12/site-packages/airflow/example_dags/example_external_task_marker_dag.py took 0.211 seconds
