[2024-11-23T23:58:04.991+0000] {processor.py:186} INFO - Started process (PID=70) to work on /home/airflow/.local/lib/python3.12/site-packages/airflow/example_dags/example_python_operator.py
[2024-11-23T23:58:05.007+0000] {processor.py:914} INFO - Processing file /home/airflow/.local/lib/python3.12/site-packages/airflow/example_dags/example_python_operator.py for tasks to queue
[2024-11-23T23:58:05.014+0000] {logging_mixin.py:190} INFO - [2024-11-23T23:58:05.014+0000] {dagbag.py:588} INFO - Filling up the DagBag from /home/airflow/.local/lib/python3.12/site-packages/airflow/example_dags/example_python_operator.py
[2024-11-23T23:58:05.122+0000] {processor.py:925} INFO - DAG(s) 'example_python_operator' retrieved from /home/airflow/.local/lib/python3.12/site-packages/airflow/example_dags/example_python_operator.py
[2024-11-23T23:58:05.482+0000] {logging_mixin.py:190} INFO - [2024-11-23T23:58:05.481+0000] {override.py:1911} INFO - Created Permission View: can delete on DAG:example_python_operator
[2024-11-23T23:58:05.574+0000] {logging_mixin.py:190} INFO - [2024-11-23T23:58:05.573+0000] {override.py:1911} INFO - Created Permission View: can edit on DAG:example_python_operator
[2024-11-23T23:58:05.589+0000] {logging_mixin.py:190} INFO - [2024-11-23T23:58:05.588+0000] {override.py:1911} INFO - Created Permission View: can read on DAG:example_python_operator
[2024-11-23T23:58:05.637+0000] {logging_mixin.py:190} INFO - [2024-11-23T23:58:05.637+0000] {override.py:1911} INFO - Created Permission View: can delete on DAG Run:example_python_operator
[2024-11-23T23:58:05.665+0000] {logging_mixin.py:190} INFO - [2024-11-23T23:58:05.664+0000] {override.py:1911} INFO - Created Permission View: can create on DAG Run:example_python_operator
[2024-11-23T23:58:05.683+0000] {logging_mixin.py:190} INFO - [2024-11-23T23:58:05.682+0000] {override.py:1911} INFO - Created Permission View: menu access on DAG Run:example_python_operator
[2024-11-23T23:58:05.698+0000] {logging_mixin.py:190} INFO - [2024-11-23T23:58:05.697+0000] {override.py:1911} INFO - Created Permission View: can read on DAG Run:example_python_operator
[2024-11-23T23:58:05.699+0000] {logging_mixin.py:190} INFO - [2024-11-23T23:58:05.698+0000] {dag.py:3239} INFO - Sync 1 DAGs
[2024-11-23T23:58:05.725+0000] {logging_mixin.py:190} INFO - [2024-11-23T23:58:05.725+0000] {dag.py:3262} INFO - Creating ORM DAG for example_python_operator
[2024-11-23T23:58:05.734+0000] {logging_mixin.py:190} INFO - [2024-11-23T23:58:05.734+0000] {dag.py:4180} INFO - Setting next_dagrun for example_python_operator to None, run_after=None
[2024-11-23T23:58:05.766+0000] {processor.py:208} INFO - Processing /home/airflow/.local/lib/python3.12/site-packages/airflow/example_dags/example_python_operator.py took 0.794 seconds
[2024-11-23T23:58:36.237+0000] {processor.py:186} INFO - Started process (PID=132) to work on /home/airflow/.local/lib/python3.12/site-packages/airflow/example_dags/example_python_operator.py
[2024-11-23T23:58:36.238+0000] {processor.py:914} INFO - Processing file /home/airflow/.local/lib/python3.12/site-packages/airflow/example_dags/example_python_operator.py for tasks to queue
[2024-11-23T23:58:36.242+0000] {logging_mixin.py:190} INFO - [2024-11-23T23:58:36.242+0000] {dagbag.py:588} INFO - Filling up the DagBag from /home/airflow/.local/lib/python3.12/site-packages/airflow/example_dags/example_python_operator.py
[2024-11-23T23:58:36.258+0000] {processor.py:925} INFO - DAG(s) 'example_python_operator' retrieved from /home/airflow/.local/lib/python3.12/site-packages/airflow/example_dags/example_python_operator.py
[2024-11-23T23:58:36.285+0000] {logging_mixin.py:190} INFO - [2024-11-23T23:58:36.284+0000] {dag.py:3239} INFO - Sync 1 DAGs
[2024-11-23T23:58:36.301+0000] {logging_mixin.py:190} INFO - [2024-11-23T23:58:36.301+0000] {dag.py:4180} INFO - Setting next_dagrun for example_python_operator to None, run_after=None
[2024-11-23T23:58:36.336+0000] {processor.py:208} INFO - Processing /home/airflow/.local/lib/python3.12/site-packages/airflow/example_dags/example_python_operator.py took 0.105 seconds
[2024-11-23T23:59:06.645+0000] {processor.py:186} INFO - Started process (PID=195) to work on /home/airflow/.local/lib/python3.12/site-packages/airflow/example_dags/example_python_operator.py
[2024-11-23T23:59:06.646+0000] {processor.py:914} INFO - Processing file /home/airflow/.local/lib/python3.12/site-packages/airflow/example_dags/example_python_operator.py for tasks to queue
[2024-11-23T23:59:06.650+0000] {logging_mixin.py:190} INFO - [2024-11-23T23:59:06.650+0000] {dagbag.py:588} INFO - Filling up the DagBag from /home/airflow/.local/lib/python3.12/site-packages/airflow/example_dags/example_python_operator.py
[2024-11-23T23:59:06.668+0000] {processor.py:925} INFO - DAG(s) 'example_python_operator' retrieved from /home/airflow/.local/lib/python3.12/site-packages/airflow/example_dags/example_python_operator.py
[2024-11-23T23:59:06.698+0000] {logging_mixin.py:190} INFO - [2024-11-23T23:59:06.698+0000] {dag.py:3239} INFO - Sync 1 DAGs
[2024-11-23T23:59:06.721+0000] {logging_mixin.py:190} INFO - [2024-11-23T23:59:06.721+0000] {dag.py:4180} INFO - Setting next_dagrun for example_python_operator to None, run_after=None
[2024-11-23T23:59:06.747+0000] {processor.py:208} INFO - Processing /home/airflow/.local/lib/python3.12/site-packages/airflow/example_dags/example_python_operator.py took 0.108 seconds
[2024-11-23T23:59:37.281+0000] {processor.py:186} INFO - Started process (PID=257) to work on /home/airflow/.local/lib/python3.12/site-packages/airflow/example_dags/example_python_operator.py
[2024-11-23T23:59:37.282+0000] {processor.py:914} INFO - Processing file /home/airflow/.local/lib/python3.12/site-packages/airflow/example_dags/example_python_operator.py for tasks to queue
[2024-11-23T23:59:37.284+0000] {logging_mixin.py:190} INFO - [2024-11-23T23:59:37.284+0000] {dagbag.py:588} INFO - Filling up the DagBag from /home/airflow/.local/lib/python3.12/site-packages/airflow/example_dags/example_python_operator.py
[2024-11-23T23:59:37.299+0000] {processor.py:925} INFO - DAG(s) 'example_python_operator' retrieved from /home/airflow/.local/lib/python3.12/site-packages/airflow/example_dags/example_python_operator.py
[2024-11-23T23:59:37.324+0000] {logging_mixin.py:190} INFO - [2024-11-23T23:59:37.323+0000] {dag.py:3239} INFO - Sync 1 DAGs
[2024-11-23T23:59:37.344+0000] {logging_mixin.py:190} INFO - [2024-11-23T23:59:37.344+0000] {dag.py:4180} INFO - Setting next_dagrun for example_python_operator to None, run_after=None
[2024-11-23T23:59:37.380+0000] {processor.py:208} INFO - Processing /home/airflow/.local/lib/python3.12/site-packages/airflow/example_dags/example_python_operator.py took 0.105 seconds
