[2024-11-23T23:58:18.826+0000] {processor.py:186} INFO - Started process (PID=97) to work on /home/airflow/.local/lib/python3.12/site-packages/airflow/example_dags/example_dag_decorator.py
[2024-11-23T23:58:18.828+0000] {processor.py:914} INFO - Processing file /home/airflow/.local/lib/python3.12/site-packages/airflow/example_dags/example_dag_decorator.py for tasks to queue
[2024-11-23T23:58:18.842+0000] {logging_mixin.py:190} INFO - [2024-11-23T23:58:18.842+0000] {dagbag.py:588} INFO - Filling up the DagBag from /home/airflow/.local/lib/python3.12/site-packages/airflow/example_dags/example_dag_decorator.py
[2024-11-23T23:58:18.867+0000] {processor.py:925} INFO - DAG(s) 'example_dag_decorator' retrieved from /home/airflow/.local/lib/python3.12/site-packages/airflow/example_dags/example_dag_decorator.py
[2024-11-23T23:58:19.148+0000] {logging_mixin.py:190} INFO - [2024-11-23T23:58:19.147+0000] {override.py:1911} INFO - Created Permission View: can delete on DAG:example_dag_decorator
[2024-11-23T23:58:19.167+0000] {logging_mixin.py:190} INFO - [2024-11-23T23:58:19.166+0000] {override.py:1911} INFO - Created Permission View: can edit on DAG:example_dag_decorator
[2024-11-23T23:58:19.182+0000] {logging_mixin.py:190} INFO - [2024-11-23T23:58:19.181+0000] {override.py:1911} INFO - Created Permission View: can read on DAG:example_dag_decorator
[2024-11-23T23:58:19.203+0000] {logging_mixin.py:190} INFO - [2024-11-23T23:58:19.203+0000] {override.py:1911} INFO - Created Permission View: can delete on DAG Run:example_dag_decorator
[2024-11-23T23:58:19.222+0000] {logging_mixin.py:190} INFO - [2024-11-23T23:58:19.222+0000] {override.py:1911} INFO - Created Permission View: can create on DAG Run:example_dag_decorator
[2024-11-23T23:58:19.238+0000] {logging_mixin.py:190} INFO - [2024-11-23T23:58:19.238+0000] {override.py:1911} INFO - Created Permission View: menu access on DAG Run:example_dag_decorator
[2024-11-23T23:58:19.296+0000] {logging_mixin.py:190} INFO - [2024-11-23T23:58:19.296+0000] {override.py:1911} INFO - Created Permission View: can read on DAG Run:example_dag_decorator
[2024-11-23T23:58:19.297+0000] {logging_mixin.py:190} INFO - [2024-11-23T23:58:19.297+0000] {dag.py:3239} INFO - Sync 1 DAGs
[2024-11-23T23:58:19.318+0000] {logging_mixin.py:190} INFO - [2024-11-23T23:58:19.318+0000] {dag.py:3262} INFO - Creating ORM DAG for example_dag_decorator
[2024-11-23T23:58:19.329+0000] {logging_mixin.py:190} INFO - [2024-11-23T23:58:19.329+0000] {dag.py:4180} INFO - Setting next_dagrun for example_dag_decorator to None, run_after=None
[2024-11-23T23:58:19.398+0000] {processor.py:208} INFO - Processing /home/airflow/.local/lib/python3.12/site-packages/airflow/example_dags/example_dag_decorator.py took 0.620 seconds
[2024-11-23T23:58:49.591+0000] {processor.py:186} INFO - Started process (PID=160) to work on /home/airflow/.local/lib/python3.12/site-packages/airflow/example_dags/example_dag_decorator.py
[2024-11-23T23:58:49.592+0000] {processor.py:914} INFO - Processing file /home/airflow/.local/lib/python3.12/site-packages/airflow/example_dags/example_dag_decorator.py for tasks to queue
[2024-11-23T23:58:49.595+0000] {logging_mixin.py:190} INFO - [2024-11-23T23:58:49.594+0000] {dagbag.py:588} INFO - Filling up the DagBag from /home/airflow/.local/lib/python3.12/site-packages/airflow/example_dags/example_dag_decorator.py
[2024-11-23T23:58:49.616+0000] {processor.py:925} INFO - DAG(s) 'example_dag_decorator' retrieved from /home/airflow/.local/lib/python3.12/site-packages/airflow/example_dags/example_dag_decorator.py
[2024-11-23T23:58:49.898+0000] {logging_mixin.py:190} INFO - [2024-11-23T23:58:49.898+0000] {dag.py:3239} INFO - Sync 1 DAGs
[2024-11-23T23:58:49.924+0000] {logging_mixin.py:190} INFO - [2024-11-23T23:58:49.924+0000] {dag.py:4180} INFO - Setting next_dagrun for example_dag_decorator to None, run_after=None
[2024-11-23T23:58:49.983+0000] {processor.py:208} INFO - Processing /home/airflow/.local/lib/python3.12/site-packages/airflow/example_dags/example_dag_decorator.py took 0.398 seconds
[2024-11-23T23:59:20.124+0000] {processor.py:186} INFO - Started process (PID=222) to work on /home/airflow/.local/lib/python3.12/site-packages/airflow/example_dags/example_dag_decorator.py
[2024-11-23T23:59:20.125+0000] {processor.py:914} INFO - Processing file /home/airflow/.local/lib/python3.12/site-packages/airflow/example_dags/example_dag_decorator.py for tasks to queue
[2024-11-23T23:59:20.127+0000] {logging_mixin.py:190} INFO - [2024-11-23T23:59:20.127+0000] {dagbag.py:588} INFO - Filling up the DagBag from /home/airflow/.local/lib/python3.12/site-packages/airflow/example_dags/example_dag_decorator.py
[2024-11-23T23:59:20.147+0000] {processor.py:925} INFO - DAG(s) 'example_dag_decorator' retrieved from /home/airflow/.local/lib/python3.12/site-packages/airflow/example_dags/example_dag_decorator.py
[2024-11-23T23:59:20.304+0000] {logging_mixin.py:190} INFO - [2024-11-23T23:59:20.304+0000] {dag.py:3239} INFO - Sync 1 DAGs
[2024-11-23T23:59:20.319+0000] {logging_mixin.py:190} INFO - [2024-11-23T23:59:20.319+0000] {dag.py:4180} INFO - Setting next_dagrun for example_dag_decorator to None, run_after=None
[2024-11-23T23:59:20.346+0000] {processor.py:208} INFO - Processing /home/airflow/.local/lib/python3.12/site-packages/airflow/example_dags/example_dag_decorator.py took 0.230 seconds
[2024-11-23T23:59:50.689+0000] {processor.py:186} INFO - Started process (PID=286) to work on /home/airflow/.local/lib/python3.12/site-packages/airflow/example_dags/example_dag_decorator.py
[2024-11-23T23:59:50.690+0000] {processor.py:914} INFO - Processing file /home/airflow/.local/lib/python3.12/site-packages/airflow/example_dags/example_dag_decorator.py for tasks to queue
[2024-11-23T23:59:50.699+0000] {logging_mixin.py:190} INFO - [2024-11-23T23:59:50.699+0000] {dagbag.py:588} INFO - Filling up the DagBag from /home/airflow/.local/lib/python3.12/site-packages/airflow/example_dags/example_dag_decorator.py
[2024-11-23T23:59:50.712+0000] {processor.py:925} INFO - DAG(s) 'example_dag_decorator' retrieved from /home/airflow/.local/lib/python3.12/site-packages/airflow/example_dags/example_dag_decorator.py
[2024-11-23T23:59:50.893+0000] {logging_mixin.py:190} INFO - [2024-11-23T23:59:50.893+0000] {dag.py:3239} INFO - Sync 1 DAGs
[2024-11-23T23:59:50.912+0000] {logging_mixin.py:190} INFO - [2024-11-23T23:59:50.912+0000] {dag.py:4180} INFO - Setting next_dagrun for example_dag_decorator to None, run_after=None
[2024-11-23T23:59:50.950+0000] {processor.py:208} INFO - Processing /home/airflow/.local/lib/python3.12/site-packages/airflow/example_dags/example_dag_decorator.py took 0.268 seconds
