[2024-11-23T23:58:21.753+0000] {processor.py:186} INFO - Started process (PID=105) to work on /home/airflow/.local/lib/python3.12/site-packages/airflow/example_dags/example_skip_dag.py
[2024-11-23T23:58:21.756+0000] {processor.py:914} INFO - Processing file /home/airflow/.local/lib/python3.12/site-packages/airflow/example_dags/example_skip_dag.py for tasks to queue
[2024-11-23T23:58:21.770+0000] {logging_mixin.py:190} INFO - [2024-11-23T23:58:21.770+0000] {dagbag.py:588} INFO - Filling up the DagBag from /home/airflow/.local/lib/python3.12/site-packages/airflow/example_dags/example_skip_dag.py
[2024-11-23T23:58:21.781+0000] {processor.py:925} INFO - DAG(s) 'example_skip_dag' retrieved from /home/airflow/.local/lib/python3.12/site-packages/airflow/example_dags/example_skip_dag.py
[2024-11-23T23:58:22.048+0000] {logging_mixin.py:190} INFO - [2024-11-23T23:58:22.048+0000] {override.py:1911} INFO - Created Permission View: can delete on DAG:example_skip_dag
[2024-11-23T23:58:22.110+0000] {logging_mixin.py:190} INFO - [2024-11-23T23:58:22.110+0000] {override.py:1911} INFO - Created Permission View: can edit on DAG:example_skip_dag
[2024-11-23T23:58:22.119+0000] {logging_mixin.py:190} INFO - [2024-11-23T23:58:22.119+0000] {override.py:1911} INFO - Created Permission View: can read on DAG:example_skip_dag
[2024-11-23T23:58:22.142+0000] {logging_mixin.py:190} INFO - [2024-11-23T23:58:22.142+0000] {override.py:1911} INFO - Created Permission View: can delete on DAG Run:example_skip_dag
[2024-11-23T23:58:22.155+0000] {logging_mixin.py:190} INFO - [2024-11-23T23:58:22.155+0000] {override.py:1911} INFO - Created Permission View: can create on DAG Run:example_skip_dag
[2024-11-23T23:58:22.178+0000] {logging_mixin.py:190} INFO - [2024-11-23T23:58:22.178+0000] {override.py:1911} INFO - Created Permission View: menu access on DAG Run:example_skip_dag
[2024-11-23T23:58:22.193+0000] {logging_mixin.py:190} INFO - [2024-11-23T23:58:22.193+0000] {override.py:1911} INFO - Created Permission View: can read on DAG Run:example_skip_dag
[2024-11-23T23:58:22.193+0000] {logging_mixin.py:190} INFO - [2024-11-23T23:58:22.193+0000] {dag.py:3239} INFO - Sync 1 DAGs
[2024-11-23T23:58:22.228+0000] {logging_mixin.py:190} INFO - [2024-11-23T23:58:22.227+0000] {dag.py:3262} INFO - Creating ORM DAG for example_skip_dag
[2024-11-23T23:58:22.260+0000] {logging_mixin.py:190} INFO - [2024-11-23T23:58:22.260+0000] {dag.py:4180} INFO - Setting next_dagrun for example_skip_dag to 2024-11-22 00:00:00+00:00, run_after=2024-11-23 00:00:00+00:00
[2024-11-23T23:58:22.310+0000] {processor.py:208} INFO - Processing /home/airflow/.local/lib/python3.12/site-packages/airflow/example_dags/example_skip_dag.py took 0.563 seconds
[2024-11-23T23:58:52.526+0000] {processor.py:186} INFO - Started process (PID=168) to work on /home/airflow/.local/lib/python3.12/site-packages/airflow/example_dags/example_skip_dag.py
[2024-11-23T23:58:52.527+0000] {processor.py:914} INFO - Processing file /home/airflow/.local/lib/python3.12/site-packages/airflow/example_dags/example_skip_dag.py for tasks to queue
[2024-11-23T23:58:52.531+0000] {logging_mixin.py:190} INFO - [2024-11-23T23:58:52.531+0000] {dagbag.py:588} INFO - Filling up the DagBag from /home/airflow/.local/lib/python3.12/site-packages/airflow/example_dags/example_skip_dag.py
[2024-11-23T23:58:52.542+0000] {processor.py:925} INFO - DAG(s) 'example_skip_dag' retrieved from /home/airflow/.local/lib/python3.12/site-packages/airflow/example_dags/example_skip_dag.py
[2024-11-23T23:58:52.583+0000] {logging_mixin.py:190} INFO - [2024-11-23T23:58:52.583+0000] {dag.py:3239} INFO - Sync 1 DAGs
[2024-11-23T23:58:52.614+0000] {logging_mixin.py:190} INFO - [2024-11-23T23:58:52.614+0000] {dag.py:4180} INFO - Setting next_dagrun for example_skip_dag to 2024-11-22 00:00:00+00:00, run_after=2024-11-23 00:00:00+00:00
[2024-11-23T23:58:52.697+0000] {processor.py:208} INFO - Processing /home/airflow/.local/lib/python3.12/site-packages/airflow/example_dags/example_skip_dag.py took 0.177 seconds
[2024-11-23T23:59:23.145+0000] {processor.py:186} INFO - Started process (PID=230) to work on /home/airflow/.local/lib/python3.12/site-packages/airflow/example_dags/example_skip_dag.py
[2024-11-23T23:59:23.157+0000] {processor.py:914} INFO - Processing file /home/airflow/.local/lib/python3.12/site-packages/airflow/example_dags/example_skip_dag.py for tasks to queue
[2024-11-23T23:59:23.163+0000] {logging_mixin.py:190} INFO - [2024-11-23T23:59:23.163+0000] {dagbag.py:588} INFO - Filling up the DagBag from /home/airflow/.local/lib/python3.12/site-packages/airflow/example_dags/example_skip_dag.py
[2024-11-23T23:59:23.180+0000] {processor.py:925} INFO - DAG(s) 'example_skip_dag' retrieved from /home/airflow/.local/lib/python3.12/site-packages/airflow/example_dags/example_skip_dag.py
[2024-11-23T23:59:23.216+0000] {logging_mixin.py:190} INFO - [2024-11-23T23:59:23.216+0000] {dag.py:3239} INFO - Sync 1 DAGs
[2024-11-23T23:59:23.250+0000] {logging_mixin.py:190} INFO - [2024-11-23T23:59:23.250+0000] {dag.py:4180} INFO - Setting next_dagrun for example_skip_dag to 2024-11-22 00:00:00+00:00, run_after=2024-11-23 00:00:00+00:00
[2024-11-23T23:59:23.276+0000] {processor.py:208} INFO - Processing /home/airflow/.local/lib/python3.12/site-packages/airflow/example_dags/example_skip_dag.py took 0.149 seconds
[2024-11-23T23:59:53.806+0000] {processor.py:186} INFO - Started process (PID=294) to work on /home/airflow/.local/lib/python3.12/site-packages/airflow/example_dags/example_skip_dag.py
[2024-11-23T23:59:53.807+0000] {processor.py:914} INFO - Processing file /home/airflow/.local/lib/python3.12/site-packages/airflow/example_dags/example_skip_dag.py for tasks to queue
[2024-11-23T23:59:53.811+0000] {logging_mixin.py:190} INFO - [2024-11-23T23:59:53.811+0000] {dagbag.py:588} INFO - Filling up the DagBag from /home/airflow/.local/lib/python3.12/site-packages/airflow/example_dags/example_skip_dag.py
[2024-11-23T23:59:53.839+0000] {processor.py:925} INFO - DAG(s) 'example_skip_dag' retrieved from /home/airflow/.local/lib/python3.12/site-packages/airflow/example_dags/example_skip_dag.py
[2024-11-23T23:59:53.878+0000] {logging_mixin.py:190} INFO - [2024-11-23T23:59:53.878+0000] {dag.py:3239} INFO - Sync 1 DAGs
[2024-11-23T23:59:53.941+0000] {logging_mixin.py:190} INFO - [2024-11-23T23:59:53.940+0000] {dag.py:4180} INFO - Setting next_dagrun for example_skip_dag to 2024-11-22 00:00:00+00:00, run_after=2024-11-23 00:00:00+00:00
[2024-11-23T23:59:54.021+0000] {processor.py:208} INFO - Processing /home/airflow/.local/lib/python3.12/site-packages/airflow/example_dags/example_skip_dag.py took 0.223 seconds
