[2024-11-23T23:58:24.933+0000] {processor.py:186} INFO - Started process (PID=114) to work on /home/airflow/.local/lib/python3.12/site-packages/airflow/example_dags/example_sensors.py
[2024-11-23T23:58:24.936+0000] {processor.py:914} INFO - Processing file /home/airflow/.local/lib/python3.12/site-packages/airflow/example_dags/example_sensors.py for tasks to queue
[2024-11-23T23:58:24.951+0000] {logging_mixin.py:190} INFO - [2024-11-23T23:58:24.940+0000] {dagbag.py:588} INFO - Filling up the DagBag from /home/airflow/.local/lib/python3.12/site-packages/airflow/example_dags/example_sensors.py
[2024-11-23T23:58:24.970+0000] {processor.py:925} INFO - DAG(s) 'example_sensors' retrieved from /home/airflow/.local/lib/python3.12/site-packages/airflow/example_dags/example_sensors.py
[2024-11-23T23:58:25.175+0000] {logging_mixin.py:190} INFO - [2024-11-23T23:58:25.174+0000] {override.py:1911} INFO - Created Permission View: can delete on DAG:example_sensors
[2024-11-23T23:58:25.221+0000] {logging_mixin.py:190} INFO - [2024-11-23T23:58:25.221+0000] {override.py:1911} INFO - Created Permission View: can edit on DAG:example_sensors
[2024-11-23T23:58:25.279+0000] {logging_mixin.py:190} INFO - [2024-11-23T23:58:25.279+0000] {override.py:1911} INFO - Created Permission View: can read on DAG:example_sensors
[2024-11-23T23:58:25.304+0000] {logging_mixin.py:190} INFO - [2024-11-23T23:58:25.304+0000] {override.py:1911} INFO - Created Permission View: can delete on DAG Run:example_sensors
[2024-11-23T23:58:25.322+0000] {logging_mixin.py:190} INFO - [2024-11-23T23:58:25.321+0000] {override.py:1911} INFO - Created Permission View: can create on DAG Run:example_sensors
[2024-11-23T23:58:25.331+0000] {logging_mixin.py:190} INFO - [2024-11-23T23:58:25.331+0000] {override.py:1911} INFO - Created Permission View: menu access on DAG Run:example_sensors
[2024-11-23T23:58:25.348+0000] {logging_mixin.py:190} INFO - [2024-11-23T23:58:25.348+0000] {override.py:1911} INFO - Created Permission View: can read on DAG Run:example_sensors
[2024-11-23T23:58:25.349+0000] {logging_mixin.py:190} INFO - [2024-11-23T23:58:25.349+0000] {dag.py:3239} INFO - Sync 1 DAGs
[2024-11-23T23:58:25.372+0000] {logging_mixin.py:190} INFO - [2024-11-23T23:58:25.372+0000] {dag.py:3262} INFO - Creating ORM DAG for example_sensors
[2024-11-23T23:58:25.373+0000] {logging_mixin.py:190} INFO - [2024-11-23T23:58:25.373+0000] {dag.py:4180} INFO - Setting next_dagrun for example_sensors to None, run_after=None
[2024-11-23T23:58:25.394+0000] {processor.py:208} INFO - Processing /home/airflow/.local/lib/python3.12/site-packages/airflow/example_dags/example_sensors.py took 0.470 seconds
[2024-11-23T23:58:56.352+0000] {processor.py:186} INFO - Started process (PID=177) to work on /home/airflow/.local/lib/python3.12/site-packages/airflow/example_dags/example_sensors.py
[2024-11-23T23:58:56.353+0000] {processor.py:914} INFO - Processing file /home/airflow/.local/lib/python3.12/site-packages/airflow/example_dags/example_sensors.py for tasks to queue
[2024-11-23T23:58:56.356+0000] {logging_mixin.py:190} INFO - [2024-11-23T23:58:56.355+0000] {dagbag.py:588} INFO - Filling up the DagBag from /home/airflow/.local/lib/python3.12/site-packages/airflow/example_dags/example_sensors.py
[2024-11-23T23:58:56.370+0000] {processor.py:925} INFO - DAG(s) 'example_sensors' retrieved from /home/airflow/.local/lib/python3.12/site-packages/airflow/example_dags/example_sensors.py
[2024-11-23T23:58:56.411+0000] {logging_mixin.py:190} INFO - [2024-11-23T23:58:56.411+0000] {dag.py:3239} INFO - Sync 1 DAGs
[2024-11-23T23:58:56.431+0000] {logging_mixin.py:190} INFO - [2024-11-23T23:58:56.430+0000] {dag.py:4180} INFO - Setting next_dagrun for example_sensors to None, run_after=None
[2024-11-23T23:58:56.463+0000] {processor.py:208} INFO - Processing /home/airflow/.local/lib/python3.12/site-packages/airflow/example_dags/example_sensors.py took 0.117 seconds
[2024-11-23T23:59:26.752+0000] {processor.py:186} INFO - Started process (PID=239) to work on /home/airflow/.local/lib/python3.12/site-packages/airflow/example_dags/example_sensors.py
[2024-11-23T23:59:26.754+0000] {processor.py:914} INFO - Processing file /home/airflow/.local/lib/python3.12/site-packages/airflow/example_dags/example_sensors.py for tasks to queue
[2024-11-23T23:59:26.756+0000] {logging_mixin.py:190} INFO - [2024-11-23T23:59:26.755+0000] {dagbag.py:588} INFO - Filling up the DagBag from /home/airflow/.local/lib/python3.12/site-packages/airflow/example_dags/example_sensors.py
[2024-11-23T23:59:26.787+0000] {processor.py:925} INFO - DAG(s) 'example_sensors' retrieved from /home/airflow/.local/lib/python3.12/site-packages/airflow/example_dags/example_sensors.py
[2024-11-23T23:59:26.940+0000] {logging_mixin.py:190} INFO - [2024-11-23T23:59:26.939+0000] {dag.py:3239} INFO - Sync 1 DAGs
[2024-11-23T23:59:26.973+0000] {logging_mixin.py:190} INFO - [2024-11-23T23:59:26.973+0000] {dag.py:4180} INFO - Setting next_dagrun for example_sensors to None, run_after=None
[2024-11-23T23:59:27.048+0000] {processor.py:208} INFO - Processing /home/airflow/.local/lib/python3.12/site-packages/airflow/example_dags/example_sensors.py took 0.302 seconds
[2024-11-23T23:59:58.000+0000] {processor.py:186} INFO - Started process (PID=304) to work on /home/airflow/.local/lib/python3.12/site-packages/airflow/example_dags/example_sensors.py
[2024-11-23T23:59:58.002+0000] {processor.py:914} INFO - Processing file /home/airflow/.local/lib/python3.12/site-packages/airflow/example_dags/example_sensors.py for tasks to queue
[2024-11-23T23:59:58.009+0000] {logging_mixin.py:190} INFO - [2024-11-23T23:59:58.009+0000] {dagbag.py:588} INFO - Filling up the DagBag from /home/airflow/.local/lib/python3.12/site-packages/airflow/example_dags/example_sensors.py
[2024-11-23T23:59:58.021+0000] {processor.py:925} INFO - DAG(s) 'example_sensors' retrieved from /home/airflow/.local/lib/python3.12/site-packages/airflow/example_dags/example_sensors.py
[2024-11-23T23:59:58.074+0000] {logging_mixin.py:190} INFO - [2024-11-23T23:59:58.073+0000] {dag.py:3239} INFO - Sync 1 DAGs
[2024-11-23T23:59:58.099+0000] {logging_mixin.py:190} INFO - [2024-11-23T23:59:58.099+0000] {dag.py:4180} INFO - Setting next_dagrun for example_sensors to None, run_after=None
[2024-11-23T23:59:58.156+0000] {processor.py:208} INFO - Processing /home/airflow/.local/lib/python3.12/site-packages/airflow/example_dags/example_sensors.py took 0.164 seconds
