[2024-11-23T23:58:10.590+0000] {processor.py:186} INFO - Started process (PID=78) to work on /home/airflow/.local/lib/python3.12/site-packages/airflow/example_dags/example_dataset_alias_with_no_taskflow.py
[2024-11-23T23:58:10.591+0000] {processor.py:914} INFO - Processing file /home/airflow/.local/lib/python3.12/site-packages/airflow/example_dags/example_dataset_alias_with_no_taskflow.py for tasks to queue
[2024-11-23T23:58:10.593+0000] {logging_mixin.py:190} INFO - [2024-11-23T23:58:10.593+0000] {dagbag.py:588} INFO - Filling up the DagBag from /home/airflow/.local/lib/python3.12/site-packages/airflow/example_dags/example_dataset_alias_with_no_taskflow.py
[2024-11-23T23:58:12.258+0000] {processor.py:925} INFO - DAG(s) 'dataset_alias_example_alias_producer_with_no_taskflow', 'dataset_alias_example_alias_consumer_with_no_taskflow', 'dataset_s3_bucket_consumer_with_no_taskflow', 'dataset_s3_bucket_producer_with_no_taskflow' retrieved from /home/airflow/.local/lib/python3.12/site-packages/airflow/example_dags/example_dataset_alias_with_no_taskflow.py
[2024-11-23T23:58:12.767+0000] {logging_mixin.py:190} INFO - [2024-11-23T23:58:12.766+0000] {override.py:1911} INFO - Created Permission View: can delete on DAG:dataset_alias_example_alias_producer_with_no_taskflow
[2024-11-23T23:58:12.863+0000] {logging_mixin.py:190} INFO - [2024-11-23T23:58:12.862+0000] {override.py:1911} INFO - Created Permission View: can edit on DAG:dataset_alias_example_alias_producer_with_no_taskflow
[2024-11-23T23:58:12.965+0000] {logging_mixin.py:190} INFO - [2024-11-23T23:58:12.965+0000] {override.py:1911} INFO - Created Permission View: can read on DAG:dataset_alias_example_alias_producer_with_no_taskflow
[2024-11-23T23:58:13.036+0000] {logging_mixin.py:190} INFO - [2024-11-23T23:58:13.035+0000] {override.py:1911} INFO - Created Permission View: can delete on DAG Run:dataset_alias_example_alias_producer_with_no_taskflow
[2024-11-23T23:58:13.103+0000] {logging_mixin.py:190} INFO - [2024-11-23T23:58:13.102+0000] {override.py:1911} INFO - Created Permission View: can create on DAG Run:dataset_alias_example_alias_producer_with_no_taskflow
[2024-11-23T23:58:13.151+0000] {logging_mixin.py:190} INFO - [2024-11-23T23:58:13.150+0000] {override.py:1911} INFO - Created Permission View: menu access on DAG Run:dataset_alias_example_alias_producer_with_no_taskflow
[2024-11-23T23:58:13.226+0000] {logging_mixin.py:190} INFO - [2024-11-23T23:58:13.225+0000] {override.py:1911} INFO - Created Permission View: can read on DAG Run:dataset_alias_example_alias_producer_with_no_taskflow
[2024-11-23T23:58:13.316+0000] {logging_mixin.py:190} INFO - [2024-11-23T23:58:13.315+0000] {override.py:1911} INFO - Created Permission View: can delete on DAG:dataset_alias_example_alias_consumer_with_no_taskflow
[2024-11-23T23:58:13.395+0000] {logging_mixin.py:190} INFO - [2024-11-23T23:58:13.395+0000] {override.py:1911} INFO - Created Permission View: can edit on DAG:dataset_alias_example_alias_consumer_with_no_taskflow
[2024-11-23T23:58:13.460+0000] {logging_mixin.py:190} INFO - [2024-11-23T23:58:13.460+0000] {override.py:1911} INFO - Created Permission View: can read on DAG:dataset_alias_example_alias_consumer_with_no_taskflow
[2024-11-23T23:58:13.519+0000] {logging_mixin.py:190} INFO - [2024-11-23T23:58:13.518+0000] {override.py:1911} INFO - Created Permission View: can delete on DAG Run:dataset_alias_example_alias_consumer_with_no_taskflow
[2024-11-23T23:58:13.547+0000] {logging_mixin.py:190} INFO - [2024-11-23T23:58:13.546+0000] {override.py:1911} INFO - Created Permission View: can create on DAG Run:dataset_alias_example_alias_consumer_with_no_taskflow
[2024-11-23T23:58:13.578+0000] {logging_mixin.py:190} INFO - [2024-11-23T23:58:13.577+0000] {override.py:1911} INFO - Created Permission View: menu access on DAG Run:dataset_alias_example_alias_consumer_with_no_taskflow
[2024-11-23T23:58:13.604+0000] {logging_mixin.py:190} INFO - [2024-11-23T23:58:13.604+0000] {override.py:1911} INFO - Created Permission View: can read on DAG Run:dataset_alias_example_alias_consumer_with_no_taskflow
[2024-11-23T23:58:13.681+0000] {logging_mixin.py:190} INFO - [2024-11-23T23:58:13.681+0000] {override.py:1911} INFO - Created Permission View: can delete on DAG:dataset_s3_bucket_consumer_with_no_taskflow
[2024-11-23T23:58:13.724+0000] {logging_mixin.py:190} INFO - [2024-11-23T23:58:13.724+0000] {override.py:1911} INFO - Created Permission View: can edit on DAG:dataset_s3_bucket_consumer_with_no_taskflow
[2024-11-23T23:58:13.766+0000] {logging_mixin.py:190} INFO - [2024-11-23T23:58:13.766+0000] {override.py:1911} INFO - Created Permission View: can read on DAG:dataset_s3_bucket_consumer_with_no_taskflow
[2024-11-23T23:58:13.814+0000] {logging_mixin.py:190} INFO - [2024-11-23T23:58:13.814+0000] {override.py:1911} INFO - Created Permission View: can delete on DAG Run:dataset_s3_bucket_consumer_with_no_taskflow
[2024-11-23T23:58:13.832+0000] {logging_mixin.py:190} INFO - [2024-11-23T23:58:13.832+0000] {override.py:1911} INFO - Created Permission View: can create on DAG Run:dataset_s3_bucket_consumer_with_no_taskflow
[2024-11-23T23:58:13.854+0000] {logging_mixin.py:190} INFO - [2024-11-23T23:58:13.853+0000] {override.py:1911} INFO - Created Permission View: menu access on DAG Run:dataset_s3_bucket_consumer_with_no_taskflow
[2024-11-23T23:58:13.873+0000] {logging_mixin.py:190} INFO - [2024-11-23T23:58:13.873+0000] {override.py:1911} INFO - Created Permission View: can read on DAG Run:dataset_s3_bucket_consumer_with_no_taskflow
[2024-11-23T23:58:13.932+0000] {logging_mixin.py:190} INFO - [2024-11-23T23:58:13.932+0000] {override.py:1911} INFO - Created Permission View: can delete on DAG:dataset_s3_bucket_producer_with_no_taskflow
[2024-11-23T23:58:13.976+0000] {logging_mixin.py:190} INFO - [2024-11-23T23:58:13.976+0000] {override.py:1911} INFO - Created Permission View: can edit on DAG:dataset_s3_bucket_producer_with_no_taskflow
[2024-11-23T23:58:14.001+0000] {logging_mixin.py:190} INFO - [2024-11-23T23:58:14.000+0000] {override.py:1911} INFO - Created Permission View: can read on DAG:dataset_s3_bucket_producer_with_no_taskflow
[2024-11-23T23:58:14.048+0000] {logging_mixin.py:190} INFO - [2024-11-23T23:58:14.042+0000] {override.py:1911} INFO - Created Permission View: can delete on DAG Run:dataset_s3_bucket_producer_with_no_taskflow
[2024-11-23T23:58:14.081+0000] {logging_mixin.py:190} INFO - [2024-11-23T23:58:14.080+0000] {override.py:1911} INFO - Created Permission View: can create on DAG Run:dataset_s3_bucket_producer_with_no_taskflow
[2024-11-23T23:58:14.121+0000] {logging_mixin.py:190} INFO - [2024-11-23T23:58:14.121+0000] {override.py:1911} INFO - Created Permission View: menu access on DAG Run:dataset_s3_bucket_producer_with_no_taskflow
[2024-11-23T23:58:14.178+0000] {logging_mixin.py:190} INFO - [2024-11-23T23:58:14.178+0000] {override.py:1911} INFO - Created Permission View: can read on DAG Run:dataset_s3_bucket_producer_with_no_taskflow
[2024-11-23T23:58:14.187+0000] {logging_mixin.py:190} INFO - [2024-11-23T23:58:14.187+0000] {dag.py:3239} INFO - Sync 4 DAGs
[2024-11-23T23:58:14.222+0000] {logging_mixin.py:190} INFO - [2024-11-23T23:58:14.221+0000] {dag.py:3262} INFO - Creating ORM DAG for dataset_alias_example_alias_consumer_with_no_taskflow
[2024-11-23T23:58:14.234+0000] {logging_mixin.py:190} INFO - [2024-11-23T23:58:14.223+0000] {dag.py:3262} INFO - Creating ORM DAG for dataset_s3_bucket_consumer_with_no_taskflow
[2024-11-23T23:58:14.240+0000] {logging_mixin.py:190} INFO - [2024-11-23T23:58:14.239+0000] {dag.py:3262} INFO - Creating ORM DAG for dataset_s3_bucket_producer_with_no_taskflow
[2024-11-23T23:58:14.271+0000] {logging_mixin.py:190} INFO - [2024-11-23T23:58:14.270+0000] {dag.py:3262} INFO - Creating ORM DAG for dataset_alias_example_alias_producer_with_no_taskflow
[2024-11-23T23:58:14.310+0000] {logging_mixin.py:190} INFO - [2024-11-23T23:58:14.310+0000] {dag.py:4180} INFO - Setting next_dagrun for dataset_alias_example_alias_consumer_with_no_taskflow to None, run_after=None
[2024-11-23T23:58:14.312+0000] {logging_mixin.py:190} INFO - [2024-11-23T23:58:14.312+0000] {dag.py:4180} INFO - Setting next_dagrun for dataset_alias_example_alias_producer_with_no_taskflow to None, run_after=None
[2024-11-23T23:58:14.320+0000] {logging_mixin.py:190} INFO - [2024-11-23T23:58:14.320+0000] {dag.py:4180} INFO - Setting next_dagrun for dataset_s3_bucket_consumer_with_no_taskflow to None, run_after=None
[2024-11-23T23:58:14.329+0000] {logging_mixin.py:190} INFO - [2024-11-23T23:58:14.328+0000] {dag.py:4180} INFO - Setting next_dagrun for dataset_s3_bucket_producer_with_no_taskflow to None, run_after=None
[2024-11-23T23:58:14.457+0000] {processor.py:208} INFO - Processing /home/airflow/.local/lib/python3.12/site-packages/airflow/example_dags/example_dataset_alias_with_no_taskflow.py took 3.884 seconds
[2024-11-23T23:58:44.602+0000] {processor.py:186} INFO - Started process (PID=149) to work on /home/airflow/.local/lib/python3.12/site-packages/airflow/example_dags/example_dataset_alias_with_no_taskflow.py
[2024-11-23T23:58:44.603+0000] {processor.py:914} INFO - Processing file /home/airflow/.local/lib/python3.12/site-packages/airflow/example_dags/example_dataset_alias_with_no_taskflow.py for tasks to queue
[2024-11-23T23:58:44.606+0000] {logging_mixin.py:190} INFO - [2024-11-23T23:58:44.606+0000] {dagbag.py:588} INFO - Filling up the DagBag from /home/airflow/.local/lib/python3.12/site-packages/airflow/example_dags/example_dataset_alias_with_no_taskflow.py
[2024-11-23T23:58:45.287+0000] {processor.py:925} INFO - DAG(s) 'dataset_alias_example_alias_consumer_with_no_taskflow', 'dataset_s3_bucket_producer_with_no_taskflow', 'dataset_alias_example_alias_producer_with_no_taskflow', 'dataset_s3_bucket_consumer_with_no_taskflow' retrieved from /home/airflow/.local/lib/python3.12/site-packages/airflow/example_dags/example_dataset_alias_with_no_taskflow.py
[2024-11-23T23:58:45.320+0000] {logging_mixin.py:190} INFO - [2024-11-23T23:58:45.319+0000] {dag.py:3239} INFO - Sync 4 DAGs
[2024-11-23T23:58:45.346+0000] {logging_mixin.py:190} INFO - [2024-11-23T23:58:45.346+0000] {dag.py:4180} INFO - Setting next_dagrun for dataset_alias_example_alias_consumer_with_no_taskflow to None, run_after=None
[2024-11-23T23:58:45.349+0000] {logging_mixin.py:190} INFO - [2024-11-23T23:58:45.349+0000] {dag.py:4180} INFO - Setting next_dagrun for dataset_alias_example_alias_producer_with_no_taskflow to None, run_after=None
[2024-11-23T23:58:45.351+0000] {logging_mixin.py:190} INFO - [2024-11-23T23:58:45.351+0000] {dag.py:4180} INFO - Setting next_dagrun for dataset_s3_bucket_consumer_with_no_taskflow to None, run_after=None
[2024-11-23T23:58:45.353+0000] {logging_mixin.py:190} INFO - [2024-11-23T23:58:45.353+0000] {dag.py:4180} INFO - Setting next_dagrun for dataset_s3_bucket_producer_with_no_taskflow to None, run_after=None
[2024-11-23T23:58:45.378+0000] {processor.py:208} INFO - Processing /home/airflow/.local/lib/python3.12/site-packages/airflow/example_dags/example_dataset_alias_with_no_taskflow.py took 0.782 seconds
[2024-11-23T23:59:15.472+0000] {processor.py:186} INFO - Started process (PID=212) to work on /home/airflow/.local/lib/python3.12/site-packages/airflow/example_dags/example_dataset_alias_with_no_taskflow.py
[2024-11-23T23:59:15.473+0000] {processor.py:914} INFO - Processing file /home/airflow/.local/lib/python3.12/site-packages/airflow/example_dags/example_dataset_alias_with_no_taskflow.py for tasks to queue
[2024-11-23T23:59:15.476+0000] {logging_mixin.py:190} INFO - [2024-11-23T23:59:15.475+0000] {dagbag.py:588} INFO - Filling up the DagBag from /home/airflow/.local/lib/python3.12/site-packages/airflow/example_dags/example_dataset_alias_with_no_taskflow.py
[2024-11-23T23:59:16.308+0000] {processor.py:925} INFO - DAG(s) 'dataset_alias_example_alias_consumer_with_no_taskflow', 'dataset_s3_bucket_consumer_with_no_taskflow', 'dataset_alias_example_alias_producer_with_no_taskflow', 'dataset_s3_bucket_producer_with_no_taskflow' retrieved from /home/airflow/.local/lib/python3.12/site-packages/airflow/example_dags/example_dataset_alias_with_no_taskflow.py
[2024-11-23T23:59:16.344+0000] {logging_mixin.py:190} INFO - [2024-11-23T23:59:16.343+0000] {dag.py:3239} INFO - Sync 4 DAGs
[2024-11-23T23:59:16.373+0000] {logging_mixin.py:190} INFO - [2024-11-23T23:59:16.372+0000] {dag.py:4180} INFO - Setting next_dagrun for dataset_alias_example_alias_consumer_with_no_taskflow to None, run_after=None
[2024-11-23T23:59:16.379+0000] {logging_mixin.py:190} INFO - [2024-11-23T23:59:16.378+0000] {dag.py:4180} INFO - Setting next_dagrun for dataset_alias_example_alias_producer_with_no_taskflow to None, run_after=None
[2024-11-23T23:59:16.381+0000] {logging_mixin.py:190} INFO - [2024-11-23T23:59:16.381+0000] {dag.py:4180} INFO - Setting next_dagrun for dataset_s3_bucket_consumer_with_no_taskflow to None, run_after=None
[2024-11-23T23:59:16.384+0000] {logging_mixin.py:190} INFO - [2024-11-23T23:59:16.383+0000] {dag.py:4180} INFO - Setting next_dagrun for dataset_s3_bucket_producer_with_no_taskflow to None, run_after=None
[2024-11-23T23:59:16.427+0000] {processor.py:208} INFO - Processing /home/airflow/.local/lib/python3.12/site-packages/airflow/example_dags/example_dataset_alias_with_no_taskflow.py took 0.961 seconds
[2024-11-23T23:59:46.908+0000] {processor.py:186} INFO - Started process (PID=276) to work on /home/airflow/.local/lib/python3.12/site-packages/airflow/example_dags/example_dataset_alias_with_no_taskflow.py
[2024-11-23T23:59:46.909+0000] {processor.py:914} INFO - Processing file /home/airflow/.local/lib/python3.12/site-packages/airflow/example_dags/example_dataset_alias_with_no_taskflow.py for tasks to queue
[2024-11-23T23:59:46.914+0000] {logging_mixin.py:190} INFO - [2024-11-23T23:59:46.914+0000] {dagbag.py:588} INFO - Filling up the DagBag from /home/airflow/.local/lib/python3.12/site-packages/airflow/example_dags/example_dataset_alias_with_no_taskflow.py
[2024-11-23T23:59:47.914+0000] {processor.py:925} INFO - DAG(s) 'dataset_s3_bucket_producer_with_no_taskflow', 'dataset_s3_bucket_consumer_with_no_taskflow', 'dataset_alias_example_alias_producer_with_no_taskflow', 'dataset_alias_example_alias_consumer_with_no_taskflow' retrieved from /home/airflow/.local/lib/python3.12/site-packages/airflow/example_dags/example_dataset_alias_with_no_taskflow.py
[2024-11-23T23:59:47.954+0000] {logging_mixin.py:190} INFO - [2024-11-23T23:59:47.952+0000] {dag.py:3239} INFO - Sync 4 DAGs
[2024-11-23T23:59:47.994+0000] {logging_mixin.py:190} INFO - [2024-11-23T23:59:47.994+0000] {dag.py:4180} INFO - Setting next_dagrun for dataset_alias_example_alias_consumer_with_no_taskflow to None, run_after=None
[2024-11-23T23:59:48.004+0000] {logging_mixin.py:190} INFO - [2024-11-23T23:59:48.002+0000] {dag.py:4180} INFO - Setting next_dagrun for dataset_alias_example_alias_producer_with_no_taskflow to None, run_after=None
[2024-11-23T23:59:48.006+0000] {logging_mixin.py:190} INFO - [2024-11-23T23:59:48.006+0000] {dag.py:4180} INFO - Setting next_dagrun for dataset_s3_bucket_consumer_with_no_taskflow to None, run_after=None
[2024-11-23T23:59:48.009+0000] {logging_mixin.py:190} INFO - [2024-11-23T23:59:48.009+0000] {dag.py:4180} INFO - Setting next_dagrun for dataset_s3_bucket_producer_with_no_taskflow to None, run_after=None
[2024-11-23T23:59:48.047+0000] {processor.py:208} INFO - Processing /home/airflow/.local/lib/python3.12/site-packages/airflow/example_dags/example_dataset_alias_with_no_taskflow.py took 1.145 seconds
