[2024-11-23T23:58:25.464+0000] {processor.py:186} INFO - Started process (PID=116) to work on /home/airflow/.local/lib/python3.12/site-packages/airflow/example_dags/example_branch_day_of_week_operator.py
[2024-11-23T23:58:25.465+0000] {processor.py:914} INFO - Processing file /home/airflow/.local/lib/python3.12/site-packages/airflow/example_dags/example_branch_day_of_week_operator.py for tasks to queue
[2024-11-23T23:58:25.469+0000] {logging_mixin.py:190} INFO - [2024-11-23T23:58:25.468+0000] {dagbag.py:588} INFO - Filling up the DagBag from /home/airflow/.local/lib/python3.12/site-packages/airflow/example_dags/example_branch_day_of_week_operator.py
[2024-11-23T23:58:25.484+0000] {processor.py:925} INFO - DAG(s) 'example_weekday_branch_operator' retrieved from /home/airflow/.local/lib/python3.12/site-packages/airflow/example_dags/example_branch_day_of_week_operator.py
[2024-11-23T23:58:25.656+0000] {logging_mixin.py:190} INFO - [2024-11-23T23:58:25.655+0000] {override.py:1911} INFO - Created Permission View: can delete on DAG:example_weekday_branch_operator
[2024-11-23T23:58:25.691+0000] {logging_mixin.py:190} INFO - [2024-11-23T23:58:25.691+0000] {override.py:1911} INFO - Created Permission View: can edit on DAG:example_weekday_branch_operator
[2024-11-23T23:58:25.749+0000] {logging_mixin.py:190} INFO - [2024-11-23T23:58:25.749+0000] {override.py:1911} INFO - Created Permission View: can read on DAG:example_weekday_branch_operator
[2024-11-23T23:58:25.782+0000] {logging_mixin.py:190} INFO - [2024-11-23T23:58:25.782+0000] {override.py:1911} INFO - Created Permission View: can delete on DAG Run:example_weekday_branch_operator
[2024-11-23T23:58:25.802+0000] {logging_mixin.py:190} INFO - [2024-11-23T23:58:25.802+0000] {override.py:1911} INFO - Created Permission View: can create on DAG Run:example_weekday_branch_operator
[2024-11-23T23:58:25.831+0000] {logging_mixin.py:190} INFO - [2024-11-23T23:58:25.831+0000] {override.py:1911} INFO - Created Permission View: menu access on DAG Run:example_weekday_branch_operator
[2024-11-23T23:58:25.853+0000] {logging_mixin.py:190} INFO - [2024-11-23T23:58:25.853+0000] {override.py:1911} INFO - Created Permission View: can read on DAG Run:example_weekday_branch_operator
[2024-11-23T23:58:25.854+0000] {logging_mixin.py:190} INFO - [2024-11-23T23:58:25.854+0000] {dag.py:3239} INFO - Sync 1 DAGs
[2024-11-23T23:58:25.873+0000] {logging_mixin.py:190} INFO - [2024-11-23T23:58:25.873+0000] {dag.py:3262} INFO - Creating ORM DAG for example_weekday_branch_operator
[2024-11-23T23:58:25.887+0000] {logging_mixin.py:190} INFO - [2024-11-23T23:58:25.887+0000] {dag.py:4180} INFO - Setting next_dagrun for example_weekday_branch_operator to 2024-11-22 00:00:00+00:00, run_after=2024-11-23 00:00:00+00:00
[2024-11-23T23:58:25.935+0000] {processor.py:208} INFO - Processing /home/airflow/.local/lib/python3.12/site-packages/airflow/example_dags/example_branch_day_of_week_operator.py took 0.477 seconds
[2024-11-23T23:58:56.519+0000] {processor.py:186} INFO - Started process (PID=179) to work on /home/airflow/.local/lib/python3.12/site-packages/airflow/example_dags/example_branch_day_of_week_operator.py
[2024-11-23T23:58:56.521+0000] {processor.py:914} INFO - Processing file /home/airflow/.local/lib/python3.12/site-packages/airflow/example_dags/example_branch_day_of_week_operator.py for tasks to queue
[2024-11-23T23:58:56.526+0000] {logging_mixin.py:190} INFO - [2024-11-23T23:58:56.525+0000] {dagbag.py:588} INFO - Filling up the DagBag from /home/airflow/.local/lib/python3.12/site-packages/airflow/example_dags/example_branch_day_of_week_operator.py
[2024-11-23T23:58:56.539+0000] {processor.py:925} INFO - DAG(s) 'example_weekday_branch_operator' retrieved from /home/airflow/.local/lib/python3.12/site-packages/airflow/example_dags/example_branch_day_of_week_operator.py
[2024-11-23T23:58:56.562+0000] {logging_mixin.py:190} INFO - [2024-11-23T23:58:56.562+0000] {dag.py:3239} INFO - Sync 1 DAGs
[2024-11-23T23:58:56.589+0000] {logging_mixin.py:190} INFO - [2024-11-23T23:58:56.589+0000] {dag.py:4180} INFO - Setting next_dagrun for example_weekday_branch_operator to 2024-11-22 00:00:00+00:00, run_after=2024-11-23 00:00:00+00:00
[2024-11-23T23:58:56.611+0000] {processor.py:208} INFO - Processing /home/airflow/.local/lib/python3.12/site-packages/airflow/example_dags/example_branch_day_of_week_operator.py took 0.102 seconds
[2024-11-23T23:59:26.991+0000] {processor.py:186} INFO - Started process (PID=241) to work on /home/airflow/.local/lib/python3.12/site-packages/airflow/example_dags/example_branch_day_of_week_operator.py
[2024-11-23T23:59:26.995+0000] {processor.py:914} INFO - Processing file /home/airflow/.local/lib/python3.12/site-packages/airflow/example_dags/example_branch_day_of_week_operator.py for tasks to queue
[2024-11-23T23:59:27.007+0000] {logging_mixin.py:190} INFO - [2024-11-23T23:59:27.007+0000] {dagbag.py:588} INFO - Filling up the DagBag from /home/airflow/.local/lib/python3.12/site-packages/airflow/example_dags/example_branch_day_of_week_operator.py
[2024-11-23T23:59:27.019+0000] {processor.py:925} INFO - DAG(s) 'example_weekday_branch_operator' retrieved from /home/airflow/.local/lib/python3.12/site-packages/airflow/example_dags/example_branch_day_of_week_operator.py
[2024-11-23T23:59:27.050+0000] {logging_mixin.py:190} INFO - [2024-11-23T23:59:27.048+0000] {dag.py:3239} INFO - Sync 1 DAGs
[2024-11-23T23:59:27.098+0000] {logging_mixin.py:190} INFO - [2024-11-23T23:59:27.098+0000] {dag.py:4180} INFO - Setting next_dagrun for example_weekday_branch_operator to 2024-11-22 00:00:00+00:00, run_after=2024-11-23 00:00:00+00:00
[2024-11-23T23:59:27.149+0000] {processor.py:208} INFO - Processing /home/airflow/.local/lib/python3.12/site-packages/airflow/example_dags/example_branch_day_of_week_operator.py took 0.164 seconds
[2024-11-23T23:59:58.022+0000] {processor.py:186} INFO - Started process (PID=305) to work on /home/airflow/.local/lib/python3.12/site-packages/airflow/example_dags/example_branch_day_of_week_operator.py
[2024-11-23T23:59:58.024+0000] {processor.py:914} INFO - Processing file /home/airflow/.local/lib/python3.12/site-packages/airflow/example_dags/example_branch_day_of_week_operator.py for tasks to queue
[2024-11-23T23:59:58.027+0000] {logging_mixin.py:190} INFO - [2024-11-23T23:59:58.026+0000] {dagbag.py:588} INFO - Filling up the DagBag from /home/airflow/.local/lib/python3.12/site-packages/airflow/example_dags/example_branch_day_of_week_operator.py
[2024-11-23T23:59:58.044+0000] {processor.py:925} INFO - DAG(s) 'example_weekday_branch_operator' retrieved from /home/airflow/.local/lib/python3.12/site-packages/airflow/example_dags/example_branch_day_of_week_operator.py
[2024-11-23T23:59:58.081+0000] {logging_mixin.py:190} INFO - [2024-11-23T23:59:58.080+0000] {dag.py:3239} INFO - Sync 1 DAGs
[2024-11-23T23:59:58.120+0000] {logging_mixin.py:190} INFO - [2024-11-23T23:59:58.119+0000] {dag.py:4180} INFO - Setting next_dagrun for example_weekday_branch_operator to 2024-11-22 00:00:00+00:00, run_after=2024-11-23 00:00:00+00:00
[2024-11-23T23:59:58.154+0000] {processor.py:208} INFO - Processing /home/airflow/.local/lib/python3.12/site-packages/airflow/example_dags/example_branch_day_of_week_operator.py took 0.145 seconds
