[2024-11-23T23:58:06.696+0000] {processor.py:186} INFO - Started process (PID=72) to work on /home/airflow/.local/lib/python3.12/site-packages/airflow/example_dags/example_outlet_event_extra.py
[2024-11-23T23:58:06.701+0000] {processor.py:914} INFO - Processing file /home/airflow/.local/lib/python3.12/site-packages/airflow/example_dags/example_outlet_event_extra.py for tasks to queue
[2024-11-23T23:58:06.707+0000] {logging_mixin.py:190} INFO - [2024-11-23T23:58:06.707+0000] {dagbag.py:588} INFO - Filling up the DagBag from /home/airflow/.local/lib/python3.12/site-packages/airflow/example_dags/example_outlet_event_extra.py
[2024-11-23T23:58:07.792+0000] {processor.py:925} INFO - DAG(s) 'dataset_with_extra_from_classic_operator', 'dataset_with_extra_by_context', 'dataset_with_extra_by_yield' retrieved from /home/airflow/.local/lib/python3.12/site-packages/airflow/example_dags/example_outlet_event_extra.py
[2024-11-23T23:58:07.936+0000] {logging_mixin.py:190} INFO - [2024-11-23T23:58:07.936+0000] {override.py:1911} INFO - Created Permission View: can delete on DAG:dataset_with_extra_from_classic_operator
[2024-11-23T23:58:07.958+0000] {logging_mixin.py:190} INFO - [2024-11-23T23:58:07.957+0000] {override.py:1911} INFO - Created Permission View: can edit on DAG:dataset_with_extra_from_classic_operator
[2024-11-23T23:58:07.972+0000] {logging_mixin.py:190} INFO - [2024-11-23T23:58:07.971+0000] {override.py:1911} INFO - Created Permission View: can read on DAG:dataset_with_extra_from_classic_operator
[2024-11-23T23:58:08.007+0000] {logging_mixin.py:190} INFO - [2024-11-23T23:58:08.006+0000] {override.py:1911} INFO - Created Permission View: can delete on DAG Run:dataset_with_extra_from_classic_operator
[2024-11-23T23:58:08.027+0000] {logging_mixin.py:190} INFO - [2024-11-23T23:58:08.026+0000] {override.py:1911} INFO - Created Permission View: can create on DAG Run:dataset_with_extra_from_classic_operator
[2024-11-23T23:58:08.042+0000] {logging_mixin.py:190} INFO - [2024-11-23T23:58:08.042+0000] {override.py:1911} INFO - Created Permission View: menu access on DAG Run:dataset_with_extra_from_classic_operator
[2024-11-23T23:58:08.076+0000] {logging_mixin.py:190} INFO - [2024-11-23T23:58:08.075+0000] {override.py:1911} INFO - Created Permission View: can read on DAG Run:dataset_with_extra_from_classic_operator
[2024-11-23T23:58:08.116+0000] {logging_mixin.py:190} INFO - [2024-11-23T23:58:08.115+0000] {override.py:1911} INFO - Created Permission View: can delete on DAG:dataset_with_extra_by_context
[2024-11-23T23:58:08.131+0000] {logging_mixin.py:190} INFO - [2024-11-23T23:58:08.130+0000] {override.py:1911} INFO - Created Permission View: can edit on DAG:dataset_with_extra_by_context
[2024-11-23T23:58:08.151+0000] {logging_mixin.py:190} INFO - [2024-11-23T23:58:08.151+0000] {override.py:1911} INFO - Created Permission View: can read on DAG:dataset_with_extra_by_context
[2024-11-23T23:58:08.185+0000] {logging_mixin.py:190} INFO - [2024-11-23T23:58:08.185+0000] {override.py:1911} INFO - Created Permission View: can delete on DAG Run:dataset_with_extra_by_context
[2024-11-23T23:58:08.205+0000] {logging_mixin.py:190} INFO - [2024-11-23T23:58:08.204+0000] {override.py:1911} INFO - Created Permission View: can create on DAG Run:dataset_with_extra_by_context
[2024-11-23T23:58:08.231+0000] {logging_mixin.py:190} INFO - [2024-11-23T23:58:08.231+0000] {override.py:1911} INFO - Created Permission View: menu access on DAG Run:dataset_with_extra_by_context
[2024-11-23T23:58:08.245+0000] {logging_mixin.py:190} INFO - [2024-11-23T23:58:08.244+0000] {override.py:1911} INFO - Created Permission View: can read on DAG Run:dataset_with_extra_by_context
[2024-11-23T23:58:08.296+0000] {logging_mixin.py:190} INFO - [2024-11-23T23:58:08.295+0000] {override.py:1911} INFO - Created Permission View: can delete on DAG:dataset_with_extra_by_yield
[2024-11-23T23:58:08.311+0000] {logging_mixin.py:190} INFO - [2024-11-23T23:58:08.311+0000] {override.py:1911} INFO - Created Permission View: can edit on DAG:dataset_with_extra_by_yield
[2024-11-23T23:58:08.321+0000] {logging_mixin.py:190} INFO - [2024-11-23T23:58:08.321+0000] {override.py:1911} INFO - Created Permission View: can read on DAG:dataset_with_extra_by_yield
[2024-11-23T23:58:08.344+0000] {logging_mixin.py:190} INFO - [2024-11-23T23:58:08.343+0000] {override.py:1911} INFO - Created Permission View: can delete on DAG Run:dataset_with_extra_by_yield
[2024-11-23T23:58:08.360+0000] {logging_mixin.py:190} INFO - [2024-11-23T23:58:08.360+0000] {override.py:1911} INFO - Created Permission View: can create on DAG Run:dataset_with_extra_by_yield
[2024-11-23T23:58:08.376+0000] {logging_mixin.py:190} INFO - [2024-11-23T23:58:08.376+0000] {override.py:1911} INFO - Created Permission View: menu access on DAG Run:dataset_with_extra_by_yield
[2024-11-23T23:58:08.397+0000] {logging_mixin.py:190} INFO - [2024-11-23T23:58:08.397+0000] {override.py:1911} INFO - Created Permission View: can read on DAG Run:dataset_with_extra_by_yield
[2024-11-23T23:58:08.398+0000] {logging_mixin.py:190} INFO - [2024-11-23T23:58:08.398+0000] {dag.py:3239} INFO - Sync 3 DAGs
[2024-11-23T23:58:08.420+0000] {logging_mixin.py:190} INFO - [2024-11-23T23:58:08.419+0000] {dag.py:3262} INFO - Creating ORM DAG for dataset_with_extra_by_context
[2024-11-23T23:58:08.422+0000] {logging_mixin.py:190} INFO - [2024-11-23T23:58:08.422+0000] {dag.py:3262} INFO - Creating ORM DAG for dataset_with_extra_from_classic_operator
[2024-11-23T23:58:08.423+0000] {logging_mixin.py:190} INFO - [2024-11-23T23:58:08.423+0000] {dag.py:3262} INFO - Creating ORM DAG for dataset_with_extra_by_yield
[2024-11-23T23:58:08.446+0000] {logging_mixin.py:190} INFO - [2024-11-23T23:58:08.446+0000] {dag.py:4180} INFO - Setting next_dagrun for dataset_with_extra_by_context to 2024-11-22 00:00:00+00:00, run_after=2024-11-23 00:00:00+00:00
[2024-11-23T23:58:08.448+0000] {logging_mixin.py:190} INFO - [2024-11-23T23:58:08.448+0000] {dag.py:4180} INFO - Setting next_dagrun for dataset_with_extra_by_yield to 2024-11-22 00:00:00+00:00, run_after=2024-11-23 00:00:00+00:00
[2024-11-23T23:58:08.450+0000] {logging_mixin.py:190} INFO - [2024-11-23T23:58:08.450+0000] {dag.py:4180} INFO - Setting next_dagrun for dataset_with_extra_from_classic_operator to 2024-11-22 00:00:00+00:00, run_after=2024-11-23 00:00:00+00:00
[2024-11-23T23:58:08.512+0000] {processor.py:208} INFO - Processing /home/airflow/.local/lib/python3.12/site-packages/airflow/example_dags/example_outlet_event_extra.py took 1.834 seconds
[2024-11-23T23:58:39.401+0000] {processor.py:186} INFO - Started process (PID=134) to work on /home/airflow/.local/lib/python3.12/site-packages/airflow/example_dags/example_outlet_event_extra.py
[2024-11-23T23:58:39.402+0000] {processor.py:914} INFO - Processing file /home/airflow/.local/lib/python3.12/site-packages/airflow/example_dags/example_outlet_event_extra.py for tasks to queue
[2024-11-23T23:58:39.408+0000] {logging_mixin.py:190} INFO - [2024-11-23T23:58:39.407+0000] {dagbag.py:588} INFO - Filling up the DagBag from /home/airflow/.local/lib/python3.12/site-packages/airflow/example_dags/example_outlet_event_extra.py
[2024-11-23T23:58:40.207+0000] {processor.py:925} INFO - DAG(s) 'dataset_with_extra_by_yield', 'dataset_with_extra_by_context', 'dataset_with_extra_from_classic_operator' retrieved from /home/airflow/.local/lib/python3.12/site-packages/airflow/example_dags/example_outlet_event_extra.py
[2024-11-23T23:58:40.232+0000] {logging_mixin.py:190} INFO - [2024-11-23T23:58:40.232+0000] {dag.py:3239} INFO - Sync 3 DAGs
[2024-11-23T23:58:40.262+0000] {logging_mixin.py:190} INFO - [2024-11-23T23:58:40.261+0000] {dag.py:4180} INFO - Setting next_dagrun for dataset_with_extra_by_context to 2024-11-22 00:00:00+00:00, run_after=2024-11-23 00:00:00+00:00
[2024-11-23T23:58:40.269+0000] {logging_mixin.py:190} INFO - [2024-11-23T23:58:40.269+0000] {dag.py:4180} INFO - Setting next_dagrun for dataset_with_extra_by_yield to 2024-11-22 00:00:00+00:00, run_after=2024-11-23 00:00:00+00:00
[2024-11-23T23:58:40.272+0000] {logging_mixin.py:190} INFO - [2024-11-23T23:58:40.272+0000] {dag.py:4180} INFO - Setting next_dagrun for dataset_with_extra_from_classic_operator to 2024-11-22 00:00:00+00:00, run_after=2024-11-23 00:00:00+00:00
[2024-11-23T23:58:40.312+0000] {processor.py:208} INFO - Processing /home/airflow/.local/lib/python3.12/site-packages/airflow/example_dags/example_outlet_event_extra.py took 0.917 seconds
[2024-11-23T23:59:10.986+0000] {processor.py:186} INFO - Started process (PID=198) to work on /home/airflow/.local/lib/python3.12/site-packages/airflow/example_dags/example_outlet_event_extra.py
[2024-11-23T23:59:10.996+0000] {processor.py:914} INFO - Processing file /home/airflow/.local/lib/python3.12/site-packages/airflow/example_dags/example_outlet_event_extra.py for tasks to queue
[2024-11-23T23:59:11.006+0000] {logging_mixin.py:190} INFO - [2024-11-23T23:59:11.005+0000] {dagbag.py:588} INFO - Filling up the DagBag from /home/airflow/.local/lib/python3.12/site-packages/airflow/example_dags/example_outlet_event_extra.py
[2024-11-23T23:59:12.287+0000] {processor.py:925} INFO - DAG(s) 'dataset_with_extra_by_yield', 'dataset_with_extra_from_classic_operator', 'dataset_with_extra_by_context' retrieved from /home/airflow/.local/lib/python3.12/site-packages/airflow/example_dags/example_outlet_event_extra.py
[2024-11-23T23:59:12.320+0000] {logging_mixin.py:190} INFO - [2024-11-23T23:59:12.320+0000] {dag.py:3239} INFO - Sync 3 DAGs
[2024-11-23T23:59:12.392+0000] {logging_mixin.py:190} INFO - [2024-11-23T23:59:12.392+0000] {dag.py:4180} INFO - Setting next_dagrun for dataset_with_extra_by_context to 2024-11-22 00:00:00+00:00, run_after=2024-11-23 00:00:00+00:00
[2024-11-23T23:59:12.397+0000] {logging_mixin.py:190} INFO - [2024-11-23T23:59:12.397+0000] {dag.py:4180} INFO - Setting next_dagrun for dataset_with_extra_by_yield to 2024-11-22 00:00:00+00:00, run_after=2024-11-23 00:00:00+00:00
[2024-11-23T23:59:12.409+0000] {logging_mixin.py:190} INFO - [2024-11-23T23:59:12.404+0000] {dag.py:4180} INFO - Setting next_dagrun for dataset_with_extra_from_classic_operator to 2024-11-22 00:00:00+00:00, run_after=2024-11-23 00:00:00+00:00
[2024-11-23T23:59:12.473+0000] {processor.py:208} INFO - Processing /home/airflow/.local/lib/python3.12/site-packages/airflow/example_dags/example_outlet_event_extra.py took 1.505 seconds
[2024-11-23T23:59:43.262+0000] {processor.py:186} INFO - Started process (PID=271) to work on /home/airflow/.local/lib/python3.12/site-packages/airflow/example_dags/example_outlet_event_extra.py
[2024-11-23T23:59:43.264+0000] {processor.py:914} INFO - Processing file /home/airflow/.local/lib/python3.12/site-packages/airflow/example_dags/example_outlet_event_extra.py for tasks to queue
[2024-11-23T23:59:43.266+0000] {logging_mixin.py:190} INFO - [2024-11-23T23:59:43.266+0000] {dagbag.py:588} INFO - Filling up the DagBag from /home/airflow/.local/lib/python3.12/site-packages/airflow/example_dags/example_outlet_event_extra.py
[2024-11-23T23:59:43.951+0000] {processor.py:925} INFO - DAG(s) 'dataset_with_extra_by_yield', 'dataset_with_extra_by_context', 'dataset_with_extra_from_classic_operator' retrieved from /home/airflow/.local/lib/python3.12/site-packages/airflow/example_dags/example_outlet_event_extra.py
[2024-11-23T23:59:44.032+0000] {logging_mixin.py:190} INFO - [2024-11-23T23:59:44.032+0000] {dag.py:3239} INFO - Sync 3 DAGs
[2024-11-23T23:59:44.089+0000] {logging_mixin.py:190} INFO - [2024-11-23T23:59:44.089+0000] {dag.py:4180} INFO - Setting next_dagrun for dataset_with_extra_by_context to 2024-11-22 00:00:00+00:00, run_after=2024-11-23 00:00:00+00:00
[2024-11-23T23:59:44.100+0000] {logging_mixin.py:190} INFO - [2024-11-23T23:59:44.100+0000] {dag.py:4180} INFO - Setting next_dagrun for dataset_with_extra_by_yield to 2024-11-22 00:00:00+00:00, run_after=2024-11-23 00:00:00+00:00
[2024-11-23T23:59:44.112+0000] {logging_mixin.py:190} INFO - [2024-11-23T23:59:44.111+0000] {dag.py:4180} INFO - Setting next_dagrun for dataset_with_extra_from_classic_operator to 2024-11-22 00:00:00+00:00, run_after=2024-11-23 00:00:00+00:00
[2024-11-23T23:59:44.169+0000] {processor.py:208} INFO - Processing /home/airflow/.local/lib/python3.12/site-packages/airflow/example_dags/example_outlet_event_extra.py took 0.916 seconds
