[2024-11-23T23:58:20.942+0000] {processor.py:186} INFO - Started process (PID=103) to work on /home/airflow/.local/lib/python3.12/site-packages/airflow/example_dags/example_branch_labels.py
[2024-11-23T23:58:20.973+0000] {processor.py:914} INFO - Processing file /home/airflow/.local/lib/python3.12/site-packages/airflow/example_dags/example_branch_labels.py for tasks to queue
[2024-11-23T23:58:20.976+0000] {logging_mixin.py:190} INFO - [2024-11-23T23:58:20.976+0000] {dagbag.py:588} INFO - Filling up the DagBag from /home/airflow/.local/lib/python3.12/site-packages/airflow/example_dags/example_branch_labels.py
[2024-11-23T23:58:21.009+0000] {processor.py:925} INFO - DAG(s) 'example_branch_labels' retrieved from /home/airflow/.local/lib/python3.12/site-packages/airflow/example_dags/example_branch_labels.py
[2024-11-23T23:58:21.291+0000] {logging_mixin.py:190} INFO - [2024-11-23T23:58:21.290+0000] {override.py:1911} INFO - Created Permission View: can delete on DAG:example_branch_labels
[2024-11-23T23:58:21.328+0000] {logging_mixin.py:190} INFO - [2024-11-23T23:58:21.327+0000] {override.py:1911} INFO - Created Permission View: can edit on DAG:example_branch_labels
[2024-11-23T23:58:21.362+0000] {logging_mixin.py:190} INFO - [2024-11-23T23:58:21.362+0000] {override.py:1911} INFO - Created Permission View: can read on DAG:example_branch_labels
[2024-11-23T23:58:21.389+0000] {logging_mixin.py:190} INFO - [2024-11-23T23:58:21.388+0000] {override.py:1911} INFO - Created Permission View: can delete on DAG Run:example_branch_labels
[2024-11-23T23:58:21.427+0000] {logging_mixin.py:190} INFO - [2024-11-23T23:58:21.426+0000] {override.py:1911} INFO - Created Permission View: can create on DAG Run:example_branch_labels
[2024-11-23T23:58:21.466+0000] {logging_mixin.py:190} INFO - [2024-11-23T23:58:21.465+0000] {override.py:1911} INFO - Created Permission View: menu access on DAG Run:example_branch_labels
[2024-11-23T23:58:21.520+0000] {logging_mixin.py:190} INFO - [2024-11-23T23:58:21.519+0000] {override.py:1911} INFO - Created Permission View: can read on DAG Run:example_branch_labels
[2024-11-23T23:58:21.521+0000] {logging_mixin.py:190} INFO - [2024-11-23T23:58:21.520+0000] {dag.py:3239} INFO - Sync 1 DAGs
[2024-11-23T23:58:21.546+0000] {logging_mixin.py:190} INFO - [2024-11-23T23:58:21.546+0000] {dag.py:3262} INFO - Creating ORM DAG for example_branch_labels
[2024-11-23T23:58:21.581+0000] {logging_mixin.py:190} INFO - [2024-11-23T23:58:21.581+0000] {dag.py:4180} INFO - Setting next_dagrun for example_branch_labels to 2024-11-22 00:00:00+00:00, run_after=2024-11-23 00:00:00+00:00
[2024-11-23T23:58:21.654+0000] {processor.py:208} INFO - Processing /home/airflow/.local/lib/python3.12/site-packages/airflow/example_dags/example_branch_labels.py took 0.719 seconds
[2024-11-23T23:58:52.189+0000] {processor.py:186} INFO - Started process (PID=166) to work on /home/airflow/.local/lib/python3.12/site-packages/airflow/example_dags/example_branch_labels.py
[2024-11-23T23:58:52.190+0000] {processor.py:914} INFO - Processing file /home/airflow/.local/lib/python3.12/site-packages/airflow/example_dags/example_branch_labels.py for tasks to queue
[2024-11-23T23:58:52.204+0000] {logging_mixin.py:190} INFO - [2024-11-23T23:58:52.203+0000] {dagbag.py:588} INFO - Filling up the DagBag from /home/airflow/.local/lib/python3.12/site-packages/airflow/example_dags/example_branch_labels.py
[2024-11-23T23:58:52.225+0000] {processor.py:925} INFO - DAG(s) 'example_branch_labels' retrieved from /home/airflow/.local/lib/python3.12/site-packages/airflow/example_dags/example_branch_labels.py
[2024-11-23T23:58:52.294+0000] {logging_mixin.py:190} INFO - [2024-11-23T23:58:52.294+0000] {dag.py:3239} INFO - Sync 1 DAGs
[2024-11-23T23:58:52.373+0000] {logging_mixin.py:190} INFO - [2024-11-23T23:58:52.373+0000] {dag.py:4180} INFO - Setting next_dagrun for example_branch_labels to 2024-11-22 00:00:00+00:00, run_after=2024-11-23 00:00:00+00:00
[2024-11-23T23:58:52.452+0000] {processor.py:208} INFO - Processing /home/airflow/.local/lib/python3.12/site-packages/airflow/example_dags/example_branch_labels.py took 0.277 seconds
[2024-11-23T23:59:22.909+0000] {processor.py:186} INFO - Started process (PID=228) to work on /home/airflow/.local/lib/python3.12/site-packages/airflow/example_dags/example_branch_labels.py
[2024-11-23T23:59:22.912+0000] {processor.py:914} INFO - Processing file /home/airflow/.local/lib/python3.12/site-packages/airflow/example_dags/example_branch_labels.py for tasks to queue
[2024-11-23T23:59:22.915+0000] {logging_mixin.py:190} INFO - [2024-11-23T23:59:22.915+0000] {dagbag.py:588} INFO - Filling up the DagBag from /home/airflow/.local/lib/python3.12/site-packages/airflow/example_dags/example_branch_labels.py
[2024-11-23T23:59:22.943+0000] {processor.py:925} INFO - DAG(s) 'example_branch_labels' retrieved from /home/airflow/.local/lib/python3.12/site-packages/airflow/example_dags/example_branch_labels.py
[2024-11-23T23:59:22.995+0000] {logging_mixin.py:190} INFO - [2024-11-23T23:59:22.995+0000] {dag.py:3239} INFO - Sync 1 DAGs
[2024-11-23T23:59:23.031+0000] {logging_mixin.py:190} INFO - [2024-11-23T23:59:23.031+0000] {dag.py:4180} INFO - Setting next_dagrun for example_branch_labels to 2024-11-22 00:00:00+00:00, run_after=2024-11-23 00:00:00+00:00
[2024-11-23T23:59:23.070+0000] {processor.py:208} INFO - Processing /home/airflow/.local/lib/python3.12/site-packages/airflow/example_dags/example_branch_labels.py took 0.175 seconds
[2024-11-23T23:59:53.499+0000] {processor.py:186} INFO - Started process (PID=292) to work on /home/airflow/.local/lib/python3.12/site-packages/airflow/example_dags/example_branch_labels.py
[2024-11-23T23:59:53.505+0000] {processor.py:914} INFO - Processing file /home/airflow/.local/lib/python3.12/site-packages/airflow/example_dags/example_branch_labels.py for tasks to queue
[2024-11-23T23:59:53.508+0000] {logging_mixin.py:190} INFO - [2024-11-23T23:59:53.508+0000] {dagbag.py:588} INFO - Filling up the DagBag from /home/airflow/.local/lib/python3.12/site-packages/airflow/example_dags/example_branch_labels.py
[2024-11-23T23:59:53.531+0000] {processor.py:925} INFO - DAG(s) 'example_branch_labels' retrieved from /home/airflow/.local/lib/python3.12/site-packages/airflow/example_dags/example_branch_labels.py
[2024-11-23T23:59:53.584+0000] {logging_mixin.py:190} INFO - [2024-11-23T23:59:53.584+0000] {dag.py:3239} INFO - Sync 1 DAGs
[2024-11-23T23:59:53.651+0000] {logging_mixin.py:190} INFO - [2024-11-23T23:59:53.651+0000] {dag.py:4180} INFO - Setting next_dagrun for example_branch_labels to 2024-11-22 00:00:00+00:00, run_after=2024-11-23 00:00:00+00:00
[2024-11-23T23:59:53.717+0000] {processor.py:208} INFO - Processing /home/airflow/.local/lib/python3.12/site-packages/airflow/example_dags/example_branch_labels.py took 0.235 seconds
