[2024-11-23T23:58:22.391+0000] {processor.py:186} INFO - Started process (PID=107) to work on /home/airflow/.local/lib/python3.12/site-packages/airflow/example_dags/example_branch_datetime_operator.py
[2024-11-23T23:58:22.397+0000] {processor.py:914} INFO - Processing file /home/airflow/.local/lib/python3.12/site-packages/airflow/example_dags/example_branch_datetime_operator.py for tasks to queue
[2024-11-23T23:58:22.403+0000] {logging_mixin.py:190} INFO - [2024-11-23T23:58:22.402+0000] {dagbag.py:588} INFO - Filling up the DagBag from /home/airflow/.local/lib/python3.12/site-packages/airflow/example_dags/example_branch_datetime_operator.py
[2024-11-23T23:58:22.427+0000] {processor.py:925} INFO - DAG(s) 'example_branch_datetime_operator_3', 'example_branch_datetime_operator_2', 'example_branch_datetime_operator' retrieved from /home/airflow/.local/lib/python3.12/site-packages/airflow/example_dags/example_branch_datetime_operator.py
[2024-11-23T23:58:22.697+0000] {logging_mixin.py:190} INFO - [2024-11-23T23:58:22.697+0000] {override.py:1911} INFO - Created Permission View: can delete on DAG:example_branch_datetime_operator_3
[2024-11-23T23:58:22.736+0000] {logging_mixin.py:190} INFO - [2024-11-23T23:58:22.736+0000] {override.py:1911} INFO - Created Permission View: can edit on DAG:example_branch_datetime_operator_3
[2024-11-23T23:58:22.748+0000] {logging_mixin.py:190} INFO - [2024-11-23T23:58:22.748+0000] {override.py:1911} INFO - Created Permission View: can read on DAG:example_branch_datetime_operator_3
[2024-11-23T23:58:22.819+0000] {logging_mixin.py:190} INFO - [2024-11-23T23:58:22.819+0000] {override.py:1911} INFO - Created Permission View: can delete on DAG Run:example_branch_datetime_operator_3
[2024-11-23T23:58:22.833+0000] {logging_mixin.py:190} INFO - [2024-11-23T23:58:22.833+0000] {override.py:1911} INFO - Created Permission View: can create on DAG Run:example_branch_datetime_operator_3
[2024-11-23T23:58:22.853+0000] {logging_mixin.py:190} INFO - [2024-11-23T23:58:22.853+0000] {override.py:1911} INFO - Created Permission View: menu access on DAG Run:example_branch_datetime_operator_3
[2024-11-23T23:58:22.884+0000] {logging_mixin.py:190} INFO - [2024-11-23T23:58:22.884+0000] {override.py:1911} INFO - Created Permission View: can read on DAG Run:example_branch_datetime_operator_3
[2024-11-23T23:58:22.909+0000] {logging_mixin.py:190} INFO - [2024-11-23T23:58:22.908+0000] {override.py:1911} INFO - Created Permission View: can delete on DAG:example_branch_datetime_operator_2
[2024-11-23T23:58:22.923+0000] {logging_mixin.py:190} INFO - [2024-11-23T23:58:22.923+0000] {override.py:1911} INFO - Created Permission View: can edit on DAG:example_branch_datetime_operator_2
[2024-11-23T23:58:22.960+0000] {logging_mixin.py:190} INFO - [2024-11-23T23:58:22.959+0000] {override.py:1911} INFO - Created Permission View: can read on DAG:example_branch_datetime_operator_2
[2024-11-23T23:58:22.992+0000] {logging_mixin.py:190} INFO - [2024-11-23T23:58:22.992+0000] {override.py:1911} INFO - Created Permission View: can delete on DAG Run:example_branch_datetime_operator_2
[2024-11-23T23:58:23.006+0000] {logging_mixin.py:190} INFO - [2024-11-23T23:58:23.005+0000] {override.py:1911} INFO - Created Permission View: can create on DAG Run:example_branch_datetime_operator_2
[2024-11-23T23:58:23.029+0000] {logging_mixin.py:190} INFO - [2024-11-23T23:58:23.029+0000] {override.py:1911} INFO - Created Permission View: menu access on DAG Run:example_branch_datetime_operator_2
[2024-11-23T23:58:23.065+0000] {logging_mixin.py:190} INFO - [2024-11-23T23:58:23.065+0000] {override.py:1911} INFO - Created Permission View: can read on DAG Run:example_branch_datetime_operator_2
[2024-11-23T23:58:23.131+0000] {logging_mixin.py:190} INFO - [2024-11-23T23:58:23.130+0000] {override.py:1911} INFO - Created Permission View: can delete on DAG:example_branch_datetime_operator
[2024-11-23T23:58:23.152+0000] {logging_mixin.py:190} INFO - [2024-11-23T23:58:23.151+0000] {override.py:1911} INFO - Created Permission View: can edit on DAG:example_branch_datetime_operator
[2024-11-23T23:58:23.242+0000] {logging_mixin.py:190} INFO - [2024-11-23T23:58:23.242+0000] {override.py:1911} INFO - Created Permission View: can read on DAG:example_branch_datetime_operator
[2024-11-23T23:58:23.274+0000] {logging_mixin.py:190} INFO - [2024-11-23T23:58:23.273+0000] {override.py:1911} INFO - Created Permission View: can delete on DAG Run:example_branch_datetime_operator
[2024-11-23T23:58:23.291+0000] {logging_mixin.py:190} INFO - [2024-11-23T23:58:23.291+0000] {override.py:1911} INFO - Created Permission View: can create on DAG Run:example_branch_datetime_operator
[2024-11-23T23:58:23.325+0000] {logging_mixin.py:190} INFO - [2024-11-23T23:58:23.324+0000] {override.py:1911} INFO - Created Permission View: menu access on DAG Run:example_branch_datetime_operator
[2024-11-23T23:58:23.352+0000] {logging_mixin.py:190} INFO - [2024-11-23T23:58:23.351+0000] {override.py:1911} INFO - Created Permission View: can read on DAG Run:example_branch_datetime_operator
[2024-11-23T23:58:23.370+0000] {logging_mixin.py:190} INFO - [2024-11-23T23:58:23.370+0000] {dag.py:3239} INFO - Sync 3 DAGs
[2024-11-23T23:58:23.409+0000] {logging_mixin.py:190} INFO - [2024-11-23T23:58:23.405+0000] {dag.py:3262} INFO - Creating ORM DAG for example_branch_datetime_operator_2
[2024-11-23T23:58:23.411+0000] {logging_mixin.py:190} INFO - [2024-11-23T23:58:23.410+0000] {dag.py:3262} INFO - Creating ORM DAG for example_branch_datetime_operator
[2024-11-23T23:58:23.413+0000] {logging_mixin.py:190} INFO - [2024-11-23T23:58:23.413+0000] {dag.py:3262} INFO - Creating ORM DAG for example_branch_datetime_operator_3
[2024-11-23T23:58:23.435+0000] {logging_mixin.py:190} INFO - [2024-11-23T23:58:23.435+0000] {dag.py:4180} INFO - Setting next_dagrun for example_branch_datetime_operator to 2024-11-22 00:00:00+00:00, run_after=2024-11-23 00:00:00+00:00
[2024-11-23T23:58:23.454+0000] {logging_mixin.py:190} INFO - [2024-11-23T23:58:23.454+0000] {dag.py:4180} INFO - Setting next_dagrun for example_branch_datetime_operator_2 to 2024-11-22 00:00:00+00:00, run_after=2024-11-23 00:00:00+00:00
[2024-11-23T23:58:23.477+0000] {logging_mixin.py:190} INFO - [2024-11-23T23:58:23.477+0000] {dag.py:4180} INFO - Setting next_dagrun for example_branch_datetime_operator_3 to 2024-11-22 00:00:00+00:00, run_after=2024-11-23 00:00:00+00:00
[2024-11-23T23:58:23.535+0000] {processor.py:208} INFO - Processing /home/airflow/.local/lib/python3.12/site-packages/airflow/example_dags/example_branch_datetime_operator.py took 1.160 seconds
[2024-11-23T23:58:53.787+0000] {processor.py:186} INFO - Started process (PID=170) to work on /home/airflow/.local/lib/python3.12/site-packages/airflow/example_dags/example_branch_datetime_operator.py
[2024-11-23T23:58:53.799+0000] {processor.py:914} INFO - Processing file /home/airflow/.local/lib/python3.12/site-packages/airflow/example_dags/example_branch_datetime_operator.py for tasks to queue
[2024-11-23T23:58:53.801+0000] {logging_mixin.py:190} INFO - [2024-11-23T23:58:53.801+0000] {dagbag.py:588} INFO - Filling up the DagBag from /home/airflow/.local/lib/python3.12/site-packages/airflow/example_dags/example_branch_datetime_operator.py
[2024-11-23T23:58:53.821+0000] {processor.py:925} INFO - DAG(s) 'example_branch_datetime_operator', 'example_branch_datetime_operator_3', 'example_branch_datetime_operator_2' retrieved from /home/airflow/.local/lib/python3.12/site-packages/airflow/example_dags/example_branch_datetime_operator.py
[2024-11-23T23:58:53.871+0000] {logging_mixin.py:190} INFO - [2024-11-23T23:58:53.870+0000] {dag.py:3239} INFO - Sync 3 DAGs
[2024-11-23T23:58:53.929+0000] {logging_mixin.py:190} INFO - [2024-11-23T23:58:53.929+0000] {dag.py:4180} INFO - Setting next_dagrun for example_branch_datetime_operator to 2024-11-22 00:00:00+00:00, run_after=2024-11-23 00:00:00+00:00
[2024-11-23T23:58:53.945+0000] {logging_mixin.py:190} INFO - [2024-11-23T23:58:53.945+0000] {dag.py:4180} INFO - Setting next_dagrun for example_branch_datetime_operator_2 to 2024-11-22 00:00:00+00:00, run_after=2024-11-23 00:00:00+00:00
[2024-11-23T23:58:53.977+0000] {logging_mixin.py:190} INFO - [2024-11-23T23:58:53.977+0000] {dag.py:4180} INFO - Setting next_dagrun for example_branch_datetime_operator_3 to 2024-11-22 00:00:00+00:00, run_after=2024-11-23 00:00:00+00:00
[2024-11-23T23:58:54.026+0000] {processor.py:208} INFO - Processing /home/airflow/.local/lib/python3.12/site-packages/airflow/example_dags/example_branch_datetime_operator.py took 0.245 seconds
[2024-11-23T23:59:24.533+0000] {processor.py:186} INFO - Started process (PID=232) to work on /home/airflow/.local/lib/python3.12/site-packages/airflow/example_dags/example_branch_datetime_operator.py
[2024-11-23T23:59:24.566+0000] {processor.py:914} INFO - Processing file /home/airflow/.local/lib/python3.12/site-packages/airflow/example_dags/example_branch_datetime_operator.py for tasks to queue
[2024-11-23T23:59:24.571+0000] {logging_mixin.py:190} INFO - [2024-11-23T23:59:24.571+0000] {dagbag.py:588} INFO - Filling up the DagBag from /home/airflow/.local/lib/python3.12/site-packages/airflow/example_dags/example_branch_datetime_operator.py
[2024-11-23T23:59:24.597+0000] {processor.py:925} INFO - DAG(s) 'example_branch_datetime_operator', 'example_branch_datetime_operator_2', 'example_branch_datetime_operator_3' retrieved from /home/airflow/.local/lib/python3.12/site-packages/airflow/example_dags/example_branch_datetime_operator.py
[2024-11-23T23:59:24.655+0000] {logging_mixin.py:190} INFO - [2024-11-23T23:59:24.654+0000] {dag.py:3239} INFO - Sync 3 DAGs
[2024-11-23T23:59:24.735+0000] {logging_mixin.py:190} INFO - [2024-11-23T23:59:24.735+0000] {dag.py:4180} INFO - Setting next_dagrun for example_branch_datetime_operator to 2024-11-22 00:00:00+00:00, run_after=2024-11-23 00:00:00+00:00
[2024-11-23T23:59:24.750+0000] {logging_mixin.py:190} INFO - [2024-11-23T23:59:24.750+0000] {dag.py:4180} INFO - Setting next_dagrun for example_branch_datetime_operator_2 to 2024-11-22 00:00:00+00:00, run_after=2024-11-23 00:00:00+00:00
[2024-11-23T23:59:24.782+0000] {logging_mixin.py:190} INFO - [2024-11-23T23:59:24.782+0000] {dag.py:4180} INFO - Setting next_dagrun for example_branch_datetime_operator_3 to 2024-11-22 00:00:00+00:00, run_after=2024-11-23 00:00:00+00:00
[2024-11-23T23:59:24.847+0000] {processor.py:208} INFO - Processing /home/airflow/.local/lib/python3.12/site-packages/airflow/example_dags/example_branch_datetime_operator.py took 0.320 seconds
[2024-11-23T23:59:55.144+0000] {processor.py:186} INFO - Started process (PID=296) to work on /home/airflow/.local/lib/python3.12/site-packages/airflow/example_dags/example_branch_datetime_operator.py
[2024-11-23T23:59:55.146+0000] {processor.py:914} INFO - Processing file /home/airflow/.local/lib/python3.12/site-packages/airflow/example_dags/example_branch_datetime_operator.py for tasks to queue
[2024-11-23T23:59:55.156+0000] {logging_mixin.py:190} INFO - [2024-11-23T23:59:55.156+0000] {dagbag.py:588} INFO - Filling up the DagBag from /home/airflow/.local/lib/python3.12/site-packages/airflow/example_dags/example_branch_datetime_operator.py
[2024-11-23T23:59:55.179+0000] {processor.py:925} INFO - DAG(s) 'example_branch_datetime_operator', 'example_branch_datetime_operator_3', 'example_branch_datetime_operator_2' retrieved from /home/airflow/.local/lib/python3.12/site-packages/airflow/example_dags/example_branch_datetime_operator.py
[2024-11-23T23:59:55.249+0000] {logging_mixin.py:190} INFO - [2024-11-23T23:59:55.248+0000] {dag.py:3239} INFO - Sync 3 DAGs
[2024-11-23T23:59:55.314+0000] {logging_mixin.py:190} INFO - [2024-11-23T23:59:55.314+0000] {dag.py:4180} INFO - Setting next_dagrun for example_branch_datetime_operator to 2024-11-22 00:00:00+00:00, run_after=2024-11-23 00:00:00+00:00
[2024-11-23T23:59:55.328+0000] {logging_mixin.py:190} INFO - [2024-11-23T23:59:55.328+0000] {dag.py:4180} INFO - Setting next_dagrun for example_branch_datetime_operator_2 to 2024-11-22 00:00:00+00:00, run_after=2024-11-23 00:00:00+00:00
[2024-11-23T23:59:55.332+0000] {logging_mixin.py:190} INFO - [2024-11-23T23:59:55.331+0000] {dag.py:4180} INFO - Setting next_dagrun for example_branch_datetime_operator_3 to 2024-11-22 00:00:00+00:00, run_after=2024-11-23 00:00:00+00:00
[2024-11-23T23:59:55.390+0000] {processor.py:208} INFO - Processing /home/airflow/.local/lib/python3.12/site-packages/airflow/example_dags/example_branch_datetime_operator.py took 0.252 seconds
