[2024-11-23T23:58:24.356+0000] {processor.py:186} INFO - Started process (PID=112) to work on /home/airflow/.local/lib/python3.12/site-packages/airflow/example_dags/example_setup_teardown.py
[2024-11-23T23:58:24.357+0000] {processor.py:914} INFO - Processing file /home/airflow/.local/lib/python3.12/site-packages/airflow/example_dags/example_setup_teardown.py for tasks to queue
[2024-11-23T23:58:24.361+0000] {logging_mixin.py:190} INFO - [2024-11-23T23:58:24.359+0000] {dagbag.py:588} INFO - Filling up the DagBag from /home/airflow/.local/lib/python3.12/site-packages/airflow/example_dags/example_setup_teardown.py
[2024-11-23T23:58:24.375+0000] {processor.py:925} INFO - DAG(s) 'example_setup_teardown' retrieved from /home/airflow/.local/lib/python3.12/site-packages/airflow/example_dags/example_setup_teardown.py
[2024-11-23T23:58:24.561+0000] {logging_mixin.py:190} INFO - [2024-11-23T23:58:24.560+0000] {override.py:1911} INFO - Created Permission View: can delete on DAG:example_setup_teardown
[2024-11-23T23:58:24.587+0000] {logging_mixin.py:190} INFO - [2024-11-23T23:58:24.586+0000] {override.py:1911} INFO - Created Permission View: can edit on DAG:example_setup_teardown
[2024-11-23T23:58:24.648+0000] {logging_mixin.py:190} INFO - [2024-11-23T23:58:24.648+0000] {override.py:1911} INFO - Created Permission View: can read on DAG:example_setup_teardown
[2024-11-23T23:58:24.693+0000] {logging_mixin.py:190} INFO - [2024-11-23T23:58:24.692+0000] {override.py:1911} INFO - Created Permission View: can delete on DAG Run:example_setup_teardown
[2024-11-23T23:58:24.713+0000] {logging_mixin.py:190} INFO - [2024-11-23T23:58:24.713+0000] {override.py:1911} INFO - Created Permission View: can create on DAG Run:example_setup_teardown
[2024-11-23T23:58:24.729+0000] {logging_mixin.py:190} INFO - [2024-11-23T23:58:24.728+0000] {override.py:1911} INFO - Created Permission View: menu access on DAG Run:example_setup_teardown
[2024-11-23T23:58:24.743+0000] {logging_mixin.py:190} INFO - [2024-11-23T23:58:24.743+0000] {override.py:1911} INFO - Created Permission View: can read on DAG Run:example_setup_teardown
[2024-11-23T23:58:24.745+0000] {logging_mixin.py:190} INFO - [2024-11-23T23:58:24.744+0000] {dag.py:3239} INFO - Sync 1 DAGs
[2024-11-23T23:58:24.765+0000] {logging_mixin.py:190} INFO - [2024-11-23T23:58:24.765+0000] {dag.py:3262} INFO - Creating ORM DAG for example_setup_teardown
[2024-11-23T23:58:24.766+0000] {logging_mixin.py:190} INFO - [2024-11-23T23:58:24.766+0000] {dag.py:4180} INFO - Setting next_dagrun for example_setup_teardown to None, run_after=None
[2024-11-23T23:58:24.821+0000] {processor.py:208} INFO - Processing /home/airflow/.local/lib/python3.12/site-packages/airflow/example_dags/example_setup_teardown.py took 0.471 seconds
[2024-11-23T23:58:55.173+0000] {processor.py:186} INFO - Started process (PID=175) to work on /home/airflow/.local/lib/python3.12/site-packages/airflow/example_dags/example_setup_teardown.py
[2024-11-23T23:58:55.175+0000] {processor.py:914} INFO - Processing file /home/airflow/.local/lib/python3.12/site-packages/airflow/example_dags/example_setup_teardown.py for tasks to queue
[2024-11-23T23:58:55.178+0000] {logging_mixin.py:190} INFO - [2024-11-23T23:58:55.177+0000] {dagbag.py:588} INFO - Filling up the DagBag from /home/airflow/.local/lib/python3.12/site-packages/airflow/example_dags/example_setup_teardown.py
[2024-11-23T23:58:55.193+0000] {processor.py:925} INFO - DAG(s) 'example_setup_teardown' retrieved from /home/airflow/.local/lib/python3.12/site-packages/airflow/example_dags/example_setup_teardown.py
[2024-11-23T23:58:55.230+0000] {logging_mixin.py:190} INFO - [2024-11-23T23:58:55.230+0000] {dag.py:3239} INFO - Sync 1 DAGs
[2024-11-23T23:58:55.250+0000] {logging_mixin.py:190} INFO - [2024-11-23T23:58:55.250+0000] {dag.py:4180} INFO - Setting next_dagrun for example_setup_teardown to None, run_after=None
[2024-11-23T23:58:55.284+0000] {processor.py:208} INFO - Processing /home/airflow/.local/lib/python3.12/site-packages/airflow/example_dags/example_setup_teardown.py took 0.117 seconds
[2024-11-23T23:59:26.267+0000] {processor.py:186} INFO - Started process (PID=237) to work on /home/airflow/.local/lib/python3.12/site-packages/airflow/example_dags/example_setup_teardown.py
[2024-11-23T23:59:26.270+0000] {processor.py:914} INFO - Processing file /home/airflow/.local/lib/python3.12/site-packages/airflow/example_dags/example_setup_teardown.py for tasks to queue
[2024-11-23T23:59:26.279+0000] {logging_mixin.py:190} INFO - [2024-11-23T23:59:26.279+0000] {dagbag.py:588} INFO - Filling up the DagBag from /home/airflow/.local/lib/python3.12/site-packages/airflow/example_dags/example_setup_teardown.py
[2024-11-23T23:59:26.288+0000] {processor.py:925} INFO - DAG(s) 'example_setup_teardown' retrieved from /home/airflow/.local/lib/python3.12/site-packages/airflow/example_dags/example_setup_teardown.py
[2024-11-23T23:59:26.355+0000] {logging_mixin.py:190} INFO - [2024-11-23T23:59:26.355+0000] {dag.py:3239} INFO - Sync 1 DAGs
[2024-11-23T23:59:26.383+0000] {logging_mixin.py:190} INFO - [2024-11-23T23:59:26.382+0000] {dag.py:4180} INFO - Setting next_dagrun for example_setup_teardown to None, run_after=None
[2024-11-23T23:59:26.453+0000] {processor.py:208} INFO - Processing /home/airflow/.local/lib/python3.12/site-packages/airflow/example_dags/example_setup_teardown.py took 0.191 seconds
[2024-11-23T23:59:56.601+0000] {processor.py:186} INFO - Started process (PID=301) to work on /home/airflow/.local/lib/python3.12/site-packages/airflow/example_dags/example_setup_teardown.py
[2024-11-23T23:59:56.619+0000] {processor.py:914} INFO - Processing file /home/airflow/.local/lib/python3.12/site-packages/airflow/example_dags/example_setup_teardown.py for tasks to queue
[2024-11-23T23:59:56.621+0000] {logging_mixin.py:190} INFO - [2024-11-23T23:59:56.621+0000] {dagbag.py:588} INFO - Filling up the DagBag from /home/airflow/.local/lib/python3.12/site-packages/airflow/example_dags/example_setup_teardown.py
[2024-11-23T23:59:56.635+0000] {processor.py:925} INFO - DAG(s) 'example_setup_teardown' retrieved from /home/airflow/.local/lib/python3.12/site-packages/airflow/example_dags/example_setup_teardown.py
[2024-11-23T23:59:56.674+0000] {logging_mixin.py:190} INFO - [2024-11-23T23:59:56.674+0000] {dag.py:3239} INFO - Sync 1 DAGs
[2024-11-23T23:59:56.693+0000] {logging_mixin.py:190} INFO - [2024-11-23T23:59:56.693+0000] {dag.py:4180} INFO - Setting next_dagrun for example_setup_teardown to None, run_after=None
[2024-11-23T23:59:56.739+0000] {processor.py:208} INFO - Processing /home/airflow/.local/lib/python3.12/site-packages/airflow/example_dags/example_setup_teardown.py took 0.143 seconds
