[2024-11-23T23:58:12.656+0000] {processor.py:186} INFO - Started process (PID=86) to work on /home/airflow/.local/lib/python3.12/site-packages/airflow/example_dags/tutorial_taskflow_api.py
[2024-11-23T23:58:12.675+0000] {processor.py:914} INFO - Processing file /home/airflow/.local/lib/python3.12/site-packages/airflow/example_dags/tutorial_taskflow_api.py for tasks to queue
[2024-11-23T23:58:12.678+0000] {logging_mixin.py:190} INFO - [2024-11-23T23:58:12.677+0000] {dagbag.py:588} INFO - Filling up the DagBag from /home/airflow/.local/lib/python3.12/site-packages/airflow/example_dags/tutorial_taskflow_api.py
[2024-11-23T23:58:12.706+0000] {processor.py:925} INFO - DAG(s) 'tutorial_taskflow_api' retrieved from /home/airflow/.local/lib/python3.12/site-packages/airflow/example_dags/tutorial_taskflow_api.py
[2024-11-23T23:58:13.036+0000] {logging_mixin.py:190} INFO - [2024-11-23T23:58:13.036+0000] {override.py:1911} INFO - Created Permission View: can delete on DAG:tutorial_taskflow_api
[2024-11-23T23:58:13.073+0000] {logging_mixin.py:190} INFO - [2024-11-23T23:58:13.072+0000] {override.py:1911} INFO - Created Permission View: can edit on DAG:tutorial_taskflow_api
[2024-11-23T23:58:13.129+0000] {logging_mixin.py:190} INFO - [2024-11-23T23:58:13.128+0000] {override.py:1911} INFO - Created Permission View: can read on DAG:tutorial_taskflow_api
[2024-11-23T23:58:13.207+0000] {logging_mixin.py:190} INFO - [2024-11-23T23:58:13.206+0000] {override.py:1911} INFO - Created Permission View: can delete on DAG Run:tutorial_taskflow_api
[2024-11-23T23:58:13.239+0000] {logging_mixin.py:190} INFO - [2024-11-23T23:58:13.238+0000] {override.py:1911} INFO - Created Permission View: can create on DAG Run:tutorial_taskflow_api
[2024-11-23T23:58:13.262+0000] {logging_mixin.py:190} INFO - [2024-11-23T23:58:13.262+0000] {override.py:1911} INFO - Created Permission View: menu access on DAG Run:tutorial_taskflow_api
[2024-11-23T23:58:13.308+0000] {logging_mixin.py:190} INFO - [2024-11-23T23:58:13.308+0000] {override.py:1911} INFO - Created Permission View: can read on DAG Run:tutorial_taskflow_api
[2024-11-23T23:58:13.310+0000] {logging_mixin.py:190} INFO - [2024-11-23T23:58:13.310+0000] {dag.py:3239} INFO - Sync 1 DAGs
[2024-11-23T23:58:13.339+0000] {logging_mixin.py:190} INFO - [2024-11-23T23:58:13.339+0000] {dag.py:3262} INFO - Creating ORM DAG for tutorial_taskflow_api
[2024-11-23T23:58:13.352+0000] {logging_mixin.py:190} INFO - [2024-11-23T23:58:13.351+0000] {dag.py:4180} INFO - Setting next_dagrun for tutorial_taskflow_api to None, run_after=None
[2024-11-23T23:58:13.392+0000] {processor.py:208} INFO - Processing /home/airflow/.local/lib/python3.12/site-packages/airflow/example_dags/tutorial_taskflow_api.py took 0.753 seconds
[2024-11-23T23:58:43.589+0000] {processor.py:186} INFO - Started process (PID=148) to work on /home/airflow/.local/lib/python3.12/site-packages/airflow/example_dags/tutorial_taskflow_api.py
[2024-11-23T23:58:43.590+0000] {processor.py:914} INFO - Processing file /home/airflow/.local/lib/python3.12/site-packages/airflow/example_dags/tutorial_taskflow_api.py for tasks to queue
[2024-11-23T23:58:43.592+0000] {logging_mixin.py:190} INFO - [2024-11-23T23:58:43.592+0000] {dagbag.py:588} INFO - Filling up the DagBag from /home/airflow/.local/lib/python3.12/site-packages/airflow/example_dags/tutorial_taskflow_api.py
[2024-11-23T23:58:43.603+0000] {processor.py:925} INFO - DAG(s) 'tutorial_taskflow_api' retrieved from /home/airflow/.local/lib/python3.12/site-packages/airflow/example_dags/tutorial_taskflow_api.py
[2024-11-23T23:58:43.620+0000] {logging_mixin.py:190} INFO - [2024-11-23T23:58:43.619+0000] {dag.py:3239} INFO - Sync 1 DAGs
[2024-11-23T23:58:43.639+0000] {logging_mixin.py:190} INFO - [2024-11-23T23:58:43.638+0000] {dag.py:4180} INFO - Setting next_dagrun for tutorial_taskflow_api to None, run_after=None
[2024-11-23T23:58:43.664+0000] {processor.py:208} INFO - Processing /home/airflow/.local/lib/python3.12/site-packages/airflow/example_dags/tutorial_taskflow_api.py took 0.080 seconds
[2024-11-23T23:59:14.335+0000] {processor.py:186} INFO - Started process (PID=210) to work on /home/airflow/.local/lib/python3.12/site-packages/airflow/example_dags/tutorial_taskflow_api.py
[2024-11-23T23:59:14.336+0000] {processor.py:914} INFO - Processing file /home/airflow/.local/lib/python3.12/site-packages/airflow/example_dags/tutorial_taskflow_api.py for tasks to queue
[2024-11-23T23:59:14.338+0000] {logging_mixin.py:190} INFO - [2024-11-23T23:59:14.338+0000] {dagbag.py:588} INFO - Filling up the DagBag from /home/airflow/.local/lib/python3.12/site-packages/airflow/example_dags/tutorial_taskflow_api.py
[2024-11-23T23:59:14.348+0000] {processor.py:925} INFO - DAG(s) 'tutorial_taskflow_api' retrieved from /home/airflow/.local/lib/python3.12/site-packages/airflow/example_dags/tutorial_taskflow_api.py
[2024-11-23T23:59:14.367+0000] {logging_mixin.py:190} INFO - [2024-11-23T23:59:14.367+0000] {dag.py:3239} INFO - Sync 1 DAGs
[2024-11-23T23:59:14.385+0000] {logging_mixin.py:190} INFO - [2024-11-23T23:59:14.385+0000] {dag.py:4180} INFO - Setting next_dagrun for tutorial_taskflow_api to None, run_after=None
[2024-11-23T23:59:14.415+0000] {processor.py:208} INFO - Processing /home/airflow/.local/lib/python3.12/site-packages/airflow/example_dags/tutorial_taskflow_api.py took 0.086 seconds
[2024-11-23T23:59:44.742+0000] {processor.py:186} INFO - Started process (PID=274) to work on /home/airflow/.local/lib/python3.12/site-packages/airflow/example_dags/tutorial_taskflow_api.py
[2024-11-23T23:59:44.744+0000] {processor.py:914} INFO - Processing file /home/airflow/.local/lib/python3.12/site-packages/airflow/example_dags/tutorial_taskflow_api.py for tasks to queue
[2024-11-23T23:59:44.746+0000] {logging_mixin.py:190} INFO - [2024-11-23T23:59:44.746+0000] {dagbag.py:588} INFO - Filling up the DagBag from /home/airflow/.local/lib/python3.12/site-packages/airflow/example_dags/tutorial_taskflow_api.py
[2024-11-23T23:59:44.761+0000] {processor.py:925} INFO - DAG(s) 'tutorial_taskflow_api' retrieved from /home/airflow/.local/lib/python3.12/site-packages/airflow/example_dags/tutorial_taskflow_api.py
[2024-11-23T23:59:44.790+0000] {logging_mixin.py:190} INFO - [2024-11-23T23:59:44.790+0000] {dag.py:3239} INFO - Sync 1 DAGs
[2024-11-23T23:59:44.811+0000] {logging_mixin.py:190} INFO - [2024-11-23T23:59:44.811+0000] {dag.py:4180} INFO - Setting next_dagrun for tutorial_taskflow_api to None, run_after=None
[2024-11-23T23:59:44.845+0000] {processor.py:208} INFO - Processing /home/airflow/.local/lib/python3.12/site-packages/airflow/example_dags/tutorial_taskflow_api.py took 0.110 seconds
