[2024-11-23T23:58:17.873+0000] {processor.py:186} INFO - Started process (PID=94) to work on /home/airflow/.local/lib/python3.12/site-packages/airflow/example_dags/tutorial.py
[2024-11-23T23:58:17.886+0000] {processor.py:914} INFO - Processing file /home/airflow/.local/lib/python3.12/site-packages/airflow/example_dags/tutorial.py for tasks to queue
[2024-11-23T23:58:17.904+0000] {logging_mixin.py:190} INFO - [2024-11-23T23:58:17.903+0000] {dagbag.py:588} INFO - Filling up the DagBag from /home/airflow/.local/lib/python3.12/site-packages/airflow/example_dags/tutorial.py
[2024-11-23T23:58:17.916+0000] {processor.py:925} INFO - DAG(s) 'tutorial' retrieved from /home/airflow/.local/lib/python3.12/site-packages/airflow/example_dags/tutorial.py
[2024-11-23T23:58:18.234+0000] {logging_mixin.py:190} INFO - [2024-11-23T23:58:18.233+0000] {override.py:1911} INFO - Created Permission View: can delete on DAG:tutorial
[2024-11-23T23:58:18.288+0000] {logging_mixin.py:190} INFO - [2024-11-23T23:58:18.287+0000] {override.py:1911} INFO - Created Permission View: can edit on DAG:tutorial
[2024-11-23T23:58:18.340+0000] {logging_mixin.py:190} INFO - [2024-11-23T23:58:18.340+0000] {override.py:1911} INFO - Created Permission View: can read on DAG:tutorial
[2024-11-23T23:58:18.402+0000] {logging_mixin.py:190} INFO - [2024-11-23T23:58:18.401+0000] {override.py:1911} INFO - Created Permission View: can delete on DAG Run:tutorial
[2024-11-23T23:58:18.421+0000] {logging_mixin.py:190} INFO - [2024-11-23T23:58:18.421+0000] {override.py:1911} INFO - Created Permission View: can create on DAG Run:tutorial
[2024-11-23T23:58:18.435+0000] {logging_mixin.py:190} INFO - [2024-11-23T23:58:18.435+0000] {override.py:1911} INFO - Created Permission View: menu access on DAG Run:tutorial
[2024-11-23T23:58:18.461+0000] {logging_mixin.py:190} INFO - [2024-11-23T23:58:18.461+0000] {override.py:1911} INFO - Created Permission View: can read on DAG Run:tutorial
[2024-11-23T23:58:18.462+0000] {logging_mixin.py:190} INFO - [2024-11-23T23:58:18.462+0000] {dag.py:3239} INFO - Sync 1 DAGs
[2024-11-23T23:58:18.499+0000] {logging_mixin.py:190} INFO - [2024-11-23T23:58:18.499+0000] {dag.py:3262} INFO - Creating ORM DAG for tutorial
[2024-11-23T23:58:18.520+0000] {logging_mixin.py:190} INFO - [2024-11-23T23:58:18.520+0000] {dag.py:4180} INFO - Setting next_dagrun for tutorial to 2024-11-22 00:00:00+00:00, run_after=2024-11-23 00:00:00+00:00
[2024-11-23T23:58:18.560+0000] {processor.py:208} INFO - Processing /home/airflow/.local/lib/python3.12/site-packages/airflow/example_dags/tutorial.py took 0.692 seconds
[2024-11-23T23:58:49.064+0000] {processor.py:186} INFO - Started process (PID=157) to work on /home/airflow/.local/lib/python3.12/site-packages/airflow/example_dags/tutorial.py
[2024-11-23T23:58:49.071+0000] {processor.py:914} INFO - Processing file /home/airflow/.local/lib/python3.12/site-packages/airflow/example_dags/tutorial.py for tasks to queue
[2024-11-23T23:58:49.075+0000] {logging_mixin.py:190} INFO - [2024-11-23T23:58:49.074+0000] {dagbag.py:588} INFO - Filling up the DagBag from /home/airflow/.local/lib/python3.12/site-packages/airflow/example_dags/tutorial.py
[2024-11-23T23:58:49.116+0000] {processor.py:925} INFO - DAG(s) 'tutorial' retrieved from /home/airflow/.local/lib/python3.12/site-packages/airflow/example_dags/tutorial.py
[2024-11-23T23:58:49.155+0000] {logging_mixin.py:190} INFO - [2024-11-23T23:58:49.155+0000] {dag.py:3239} INFO - Sync 1 DAGs
[2024-11-23T23:58:49.200+0000] {logging_mixin.py:190} INFO - [2024-11-23T23:58:49.199+0000] {dag.py:4180} INFO - Setting next_dagrun for tutorial to 2024-11-22 00:00:00+00:00, run_after=2024-11-23 00:00:00+00:00
[2024-11-23T23:58:49.238+0000] {processor.py:208} INFO - Processing /home/airflow/.local/lib/python3.12/site-packages/airflow/example_dags/tutorial.py took 0.181 seconds
[2024-11-23T23:59:19.904+0000] {processor.py:186} INFO - Started process (PID=219) to work on /home/airflow/.local/lib/python3.12/site-packages/airflow/example_dags/tutorial.py
[2024-11-23T23:59:19.909+0000] {processor.py:914} INFO - Processing file /home/airflow/.local/lib/python3.12/site-packages/airflow/example_dags/tutorial.py for tasks to queue
[2024-11-23T23:59:19.913+0000] {logging_mixin.py:190} INFO - [2024-11-23T23:59:19.913+0000] {dagbag.py:588} INFO - Filling up the DagBag from /home/airflow/.local/lib/python3.12/site-packages/airflow/example_dags/tutorial.py
[2024-11-23T23:59:19.921+0000] {processor.py:925} INFO - DAG(s) 'tutorial' retrieved from /home/airflow/.local/lib/python3.12/site-packages/airflow/example_dags/tutorial.py
[2024-11-23T23:59:19.951+0000] {logging_mixin.py:190} INFO - [2024-11-23T23:59:19.950+0000] {dag.py:3239} INFO - Sync 1 DAGs
[2024-11-23T23:59:20.004+0000] {logging_mixin.py:190} INFO - [2024-11-23T23:59:20.003+0000] {dag.py:4180} INFO - Setting next_dagrun for tutorial to 2024-11-22 00:00:00+00:00, run_after=2024-11-23 00:00:00+00:00
[2024-11-23T23:59:20.031+0000] {processor.py:208} INFO - Processing /home/airflow/.local/lib/python3.12/site-packages/airflow/example_dags/tutorial.py took 0.133 seconds
[2024-11-23T23:59:50.348+0000] {processor.py:186} INFO - Started process (PID=283) to work on /home/airflow/.local/lib/python3.12/site-packages/airflow/example_dags/tutorial.py
[2024-11-23T23:59:50.349+0000] {processor.py:914} INFO - Processing file /home/airflow/.local/lib/python3.12/site-packages/airflow/example_dags/tutorial.py for tasks to queue
[2024-11-23T23:59:50.351+0000] {logging_mixin.py:190} INFO - [2024-11-23T23:59:50.351+0000] {dagbag.py:588} INFO - Filling up the DagBag from /home/airflow/.local/lib/python3.12/site-packages/airflow/example_dags/tutorial.py
[2024-11-23T23:59:50.360+0000] {processor.py:925} INFO - DAG(s) 'tutorial' retrieved from /home/airflow/.local/lib/python3.12/site-packages/airflow/example_dags/tutorial.py
[2024-11-23T23:59:50.394+0000] {logging_mixin.py:190} INFO - [2024-11-23T23:59:50.394+0000] {dag.py:3239} INFO - Sync 1 DAGs
[2024-11-23T23:59:50.436+0000] {logging_mixin.py:190} INFO - [2024-11-23T23:59:50.436+0000] {dag.py:4180} INFO - Setting next_dagrun for tutorial to 2024-11-22 00:00:00+00:00, run_after=2024-11-23 00:00:00+00:00
[2024-11-23T23:59:50.480+0000] {processor.py:208} INFO - Processing /home/airflow/.local/lib/python3.12/site-packages/airflow/example_dags/tutorial.py took 0.140 seconds
