[2024-11-23T23:58:15.487+0000] {processor.py:186} INFO - Started process (PID=91) to work on /home/airflow/.local/lib/python3.12/site-packages/airflow/example_dags/tutorial_objectstorage.py
[2024-11-23T23:58:15.491+0000] {processor.py:914} INFO - Processing file /home/airflow/.local/lib/python3.12/site-packages/airflow/example_dags/tutorial_objectstorage.py for tasks to queue
[2024-11-23T23:58:15.510+0000] {logging_mixin.py:190} INFO - [2024-11-23T23:58:15.509+0000] {dagbag.py:588} INFO - Filling up the DagBag from /home/airflow/.local/lib/python3.12/site-packages/airflow/example_dags/tutorial_objectstorage.py
[2024-11-23T23:58:15.554+0000] {processor.py:925} INFO - DAG(s) 'tutorial_objectstorage' retrieved from /home/airflow/.local/lib/python3.12/site-packages/airflow/example_dags/tutorial_objectstorage.py
[2024-11-23T23:58:15.899+0000] {logging_mixin.py:190} INFO - [2024-11-23T23:58:15.898+0000] {override.py:1911} INFO - Created Permission View: can delete on DAG:tutorial_objectstorage
[2024-11-23T23:58:15.960+0000] {logging_mixin.py:190} INFO - [2024-11-23T23:58:15.960+0000] {override.py:1911} INFO - Created Permission View: can edit on DAG:tutorial_objectstorage
[2024-11-23T23:58:16.011+0000] {logging_mixin.py:190} INFO - [2024-11-23T23:58:16.011+0000] {override.py:1911} INFO - Created Permission View: can read on DAG:tutorial_objectstorage
[2024-11-23T23:58:16.097+0000] {logging_mixin.py:190} INFO - [2024-11-23T23:58:16.097+0000] {override.py:1911} INFO - Created Permission View: can delete on DAG Run:tutorial_objectstorage
[2024-11-23T23:58:16.143+0000] {logging_mixin.py:190} INFO - [2024-11-23T23:58:16.143+0000] {override.py:1911} INFO - Created Permission View: can create on DAG Run:tutorial_objectstorage
[2024-11-23T23:58:16.202+0000] {logging_mixin.py:190} INFO - [2024-11-23T23:58:16.201+0000] {override.py:1911} INFO - Created Permission View: menu access on DAG Run:tutorial_objectstorage
[2024-11-23T23:58:16.255+0000] {logging_mixin.py:190} INFO - [2024-11-23T23:58:16.255+0000] {override.py:1911} INFO - Created Permission View: can read on DAG Run:tutorial_objectstorage
[2024-11-23T23:58:16.264+0000] {logging_mixin.py:190} INFO - [2024-11-23T23:58:16.264+0000] {dag.py:3239} INFO - Sync 1 DAGs
[2024-11-23T23:58:16.304+0000] {logging_mixin.py:190} INFO - [2024-11-23T23:58:16.304+0000] {dag.py:3262} INFO - Creating ORM DAG for tutorial_objectstorage
[2024-11-23T23:58:16.310+0000] {logging_mixin.py:190} INFO - [2024-11-23T23:58:16.309+0000] {dag.py:4180} INFO - Setting next_dagrun for tutorial_objectstorage to None, run_after=None
[2024-11-23T23:58:16.346+0000] {processor.py:208} INFO - Processing /home/airflow/.local/lib/python3.12/site-packages/airflow/example_dags/tutorial_objectstorage.py took 0.900 seconds
[2024-11-23T23:58:46.633+0000] {processor.py:186} INFO - Started process (PID=154) to work on /home/airflow/.local/lib/python3.12/site-packages/airflow/example_dags/tutorial_objectstorage.py
[2024-11-23T23:58:46.634+0000] {processor.py:914} INFO - Processing file /home/airflow/.local/lib/python3.12/site-packages/airflow/example_dags/tutorial_objectstorage.py for tasks to queue
[2024-11-23T23:58:46.636+0000] {logging_mixin.py:190} INFO - [2024-11-23T23:58:46.636+0000] {dagbag.py:588} INFO - Filling up the DagBag from /home/airflow/.local/lib/python3.12/site-packages/airflow/example_dags/tutorial_objectstorage.py
[2024-11-23T23:58:46.646+0000] {processor.py:925} INFO - DAG(s) 'tutorial_objectstorage' retrieved from /home/airflow/.local/lib/python3.12/site-packages/airflow/example_dags/tutorial_objectstorage.py
[2024-11-23T23:58:46.666+0000] {logging_mixin.py:190} INFO - [2024-11-23T23:58:46.665+0000] {dag.py:3239} INFO - Sync 1 DAGs
[2024-11-23T23:58:46.683+0000] {logging_mixin.py:190} INFO - [2024-11-23T23:58:46.683+0000] {dag.py:4180} INFO - Setting next_dagrun for tutorial_objectstorage to None, run_after=None
[2024-11-23T23:58:46.714+0000] {processor.py:208} INFO - Processing /home/airflow/.local/lib/python3.12/site-packages/airflow/example_dags/tutorial_objectstorage.py took 0.087 seconds
[2024-11-23T23:59:17.668+0000] {processor.py:186} INFO - Started process (PID=216) to work on /home/airflow/.local/lib/python3.12/site-packages/airflow/example_dags/tutorial_objectstorage.py
[2024-11-23T23:59:17.670+0000] {processor.py:914} INFO - Processing file /home/airflow/.local/lib/python3.12/site-packages/airflow/example_dags/tutorial_objectstorage.py for tasks to queue
[2024-11-23T23:59:17.678+0000] {logging_mixin.py:190} INFO - [2024-11-23T23:59:17.675+0000] {dagbag.py:588} INFO - Filling up the DagBag from /home/airflow/.local/lib/python3.12/site-packages/airflow/example_dags/tutorial_objectstorage.py
[2024-11-23T23:59:17.689+0000] {processor.py:925} INFO - DAG(s) 'tutorial_objectstorage' retrieved from /home/airflow/.local/lib/python3.12/site-packages/airflow/example_dags/tutorial_objectstorage.py
[2024-11-23T23:59:17.716+0000] {logging_mixin.py:190} INFO - [2024-11-23T23:59:17.716+0000] {dag.py:3239} INFO - Sync 1 DAGs
[2024-11-23T23:59:17.735+0000] {logging_mixin.py:190} INFO - [2024-11-23T23:59:17.735+0000] {dag.py:4180} INFO - Setting next_dagrun for tutorial_objectstorage to None, run_after=None
[2024-11-23T23:59:17.776+0000] {processor.py:208} INFO - Processing /home/airflow/.local/lib/python3.12/site-packages/airflow/example_dags/tutorial_objectstorage.py took 0.113 seconds
[2024-11-23T23:59:48.100+0000] {processor.py:186} INFO - Started process (PID=280) to work on /home/airflow/.local/lib/python3.12/site-packages/airflow/example_dags/tutorial_objectstorage.py
[2024-11-23T23:59:48.103+0000] {processor.py:914} INFO - Processing file /home/airflow/.local/lib/python3.12/site-packages/airflow/example_dags/tutorial_objectstorage.py for tasks to queue
[2024-11-23T23:59:48.106+0000] {logging_mixin.py:190} INFO - [2024-11-23T23:59:48.106+0000] {dagbag.py:588} INFO - Filling up the DagBag from /home/airflow/.local/lib/python3.12/site-packages/airflow/example_dags/tutorial_objectstorage.py
[2024-11-23T23:59:48.115+0000] {processor.py:925} INFO - DAG(s) 'tutorial_objectstorage' retrieved from /home/airflow/.local/lib/python3.12/site-packages/airflow/example_dags/tutorial_objectstorage.py
[2024-11-23T23:59:48.138+0000] {logging_mixin.py:190} INFO - [2024-11-23T23:59:48.137+0000] {dag.py:3239} INFO - Sync 1 DAGs
[2024-11-23T23:59:48.159+0000] {logging_mixin.py:190} INFO - [2024-11-23T23:59:48.159+0000] {dag.py:4180} INFO - Setting next_dagrun for tutorial_objectstorage to None, run_after=None
[2024-11-23T23:59:48.183+0000] {processor.py:208} INFO - Processing /home/airflow/.local/lib/python3.12/site-packages/airflow/example_dags/tutorial_objectstorage.py took 0.089 seconds
